20-Mar-2026 16:29:58.053 INFO [main] org.apache.catalina.startup.VersionLoggerListener.log Server version name:   Apache Tomcat/10.1.52
20-Mar-2026 16:29:58.054 INFO [main] org.apache.catalina.startup.VersionLoggerListener.log Server built:          Jan 23 2026 19:29:07 UTC
20-Mar-2026 16:29:58.054 INFO [main] org.apache.catalina.startup.VersionLoggerListener.log Server version number: 10.1.52.0
20-Mar-2026 16:29:58.054 INFO [main] org.apache.catalina.startup.VersionLoggerListener.log OS Name:               Mac OS X
20-Mar-2026 16:29:58.054 INFO [main] org.apache.catalina.startup.VersionLoggerListener.log OS Version:            26.3.1
20-Mar-2026 16:29:58.054 INFO [main] org.apache.catalina.startup.VersionLoggerListener.log Architecture:          aarch64
20-Mar-2026 16:29:58.054 INFO [main] org.apache.catalina.startup.VersionLoggerListener.log Java Home:             /opt/homebrew/Cellar/openjdk@17/17.0.18/libexec/openjdk.jdk/Contents/Home
20-Mar-2026 16:29:58.054 INFO [main] org.apache.catalina.startup.VersionLoggerListener.log JVM Version:           17.0.18+0
20-Mar-2026 16:29:58.054 INFO [main] org.apache.catalina.startup.VersionLoggerListener.log JVM Vendor:            Homebrew
20-Mar-2026 16:29:58.055 INFO [main] org.apache.catalina.startup.VersionLoggerListener.log CATALINA_BASE:         /Users/faatinashahul/Desktop/apache-tomcat-10.1.52
20-Mar-2026 16:29:58.055 INFO [main] org.apache.catalina.startup.VersionLoggerListener.log CATALINA_HOME:         /Users/faatinashahul/Desktop/apache-tomcat-10.1.52
20-Mar-2026 16:29:58.058 INFO [main] org.apache.catalina.startup.VersionLoggerListener.log Command line argument: -Djava.util.logging.config.file=/Users/faatinashahul/Desktop/apache-tomcat-10.1.52/conf/logging.properties
20-Mar-2026 16:29:58.058 INFO [main] org.apache.catalina.startup.VersionLoggerListener.log Command line argument: -Djava.util.logging.manager=org.apache.juli.ClassLoaderLogManager
20-Mar-2026 16:29:58.058 INFO [main] org.apache.catalina.startup.VersionLoggerListener.log Command line argument: -Djdk.tls.ephemeralDHKeySize=2048
20-Mar-2026 16:29:58.058 INFO [main] org.apache.catalina.startup.VersionLoggerListener.log Command line argument: -Djava.protocol.handler.pkgs=org.apache.catalina.webresources
20-Mar-2026 16:29:58.058 INFO [main] org.apache.catalina.startup.VersionLoggerListener.log Command line argument: -Dsun.io.useCanonCaches=false
20-Mar-2026 16:29:58.058 INFO [main] org.apache.catalina.startup.VersionLoggerListener.log Command line argument: -Dorg.apache.catalina.security.SecurityListener.UMASK=0027
20-Mar-2026 16:29:58.058 INFO [main] org.apache.catalina.startup.VersionLoggerListener.log Command line argument: --add-opens=java.base/java.lang=ALL-UNNAMED
20-Mar-2026 16:29:58.058 INFO [main] org.apache.catalina.startup.VersionLoggerListener.log Command line argument: --add-opens=java.base/java.lang.reflect=ALL-UNNAMED
20-Mar-2026 16:29:58.058 INFO [main] org.apache.catalina.startup.VersionLoggerListener.log Command line argument: --add-opens=java.base/java.io=ALL-UNNAMED
20-Mar-2026 16:29:58.058 INFO [main] org.apache.catalina.startup.VersionLoggerListener.log Command line argument: --add-opens=java.base/java.util=ALL-UNNAMED
20-Mar-2026 16:29:58.058 INFO [main] org.apache.catalina.startup.VersionLoggerListener.log Command line argument: --add-opens=java.base/java.util.concurrent=ALL-UNNAMED
20-Mar-2026 16:29:58.058 INFO [main] org.apache.catalina.startup.VersionLoggerListener.log Command line argument: --add-opens=java.rmi/sun.rmi.transport=ALL-UNNAMED
20-Mar-2026 16:29:58.058 INFO [main] org.apache.catalina.startup.VersionLoggerListener.log Command line argument: -Dcatalina.base=/Users/faatinashahul/Desktop/apache-tomcat-10.1.52
20-Mar-2026 16:29:58.058 INFO [main] org.apache.catalina.startup.VersionLoggerListener.log Command line argument: -Dcatalina.home=/Users/faatinashahul/Desktop/apache-tomcat-10.1.52
20-Mar-2026 16:29:58.058 INFO [main] org.apache.catalina.startup.VersionLoggerListener.log Command line argument: -Djava.io.tmpdir=/Users/faatinashahul/Desktop/apache-tomcat-10.1.52/temp
20-Mar-2026 16:29:58.062 INFO [main] org.apache.catalina.core.AprLifecycleListener.lifecycleEvent The Apache Tomcat Native library which allows using OpenSSL was not found on the java.library.path: [/Users/faatinashahul/Library/Java/Extensions:/Library/Java/Extensions:/Network/Library/Java/Extensions:/System/Library/Java/Extensions:/usr/lib/java:.]
20-Mar-2026 16:29:58.136 INFO [main] org.apache.coyote.AbstractProtocol.init Initializing ProtocolHandler ["http-nio-8080"]
20-Mar-2026 16:29:58.144 INFO [main] org.apache.catalina.startup.Catalina.load Server initialization in [143] milliseconds
20-Mar-2026 16:29:58.155 INFO [main] org.apache.catalina.core.StandardService.startInternal Starting service [Catalina]
20-Mar-2026 16:29:58.155 INFO [main] org.apache.catalina.core.StandardEngine.startInternal Starting Servlet engine: [Apache Tomcat/10.1.52]
20-Mar-2026 16:29:58.157 INFO [main] org.apache.catalina.startup.HostConfig.deployDirectory Deploying web application directory [/Users/faatinashahul/Desktop/apache-tomcat-10.1.52/webapps/test]
20-Mar-2026 16:29:58.296 INFO [main] org.apache.jasper.servlet.TldScanner.scanJars At least one JAR was scanned for TLDs yet contained no TLDs. Enable debug logging for this logger for a complete list of JARs that were scanned but no TLDs were found in them. Skipping unneeded JARs during scanning can improve startup time and JSP compilation time.
20-Mar-2026 16:29:58.306 INFO [main] org.apache.catalina.startup.HostConfig.deployDirectory Deployment of web application directory [/Users/faatinashahul/Desktop/apache-tomcat-10.1.52/webapps/test] has finished in [149] ms
20-Mar-2026 16:29:58.306 INFO [main] org.apache.catalina.startup.HostConfig.deployDirectory Deploying web application directory [/Users/faatinashahul/Desktop/apache-tomcat-10.1.52/webapps/student]
20-Mar-2026 16:29:58.354 INFO [main] org.apache.jasper.servlet.TldScanner.scanJars At least one JAR was scanned for TLDs yet contained no TLDs. Enable debug logging for this logger for a complete list of JARs that were scanned but no TLDs were found in them. Skipping unneeded JARs during scanning can improve startup time and JSP compilation time.
20-Mar-2026 16:29:58.355 INFO [main] org.apache.catalina.startup.HostConfig.deployDirectory Deployment of web application directory [/Users/faatinashahul/Desktop/apache-tomcat-10.1.52/webapps/student] has finished in [49] ms
20-Mar-2026 16:29:58.355 INFO [main] org.apache.catalina.startup.HostConfig.deployDirectory Deploying web application directory [/Users/faatinashahul/Desktop/apache-tomcat-10.1.52/webapps/ip_5]
20-Mar-2026 16:29:58.399 INFO [main] org.apache.jasper.servlet.TldScanner.scanJars At least one JAR was scanned for TLDs yet contained no TLDs. Enable debug logging for this logger for a complete list of JARs that were scanned but no TLDs were found in them. Skipping unneeded JARs during scanning can improve startup time and JSP compilation time.
20-Mar-2026 16:29:58.400 INFO [main] org.apache.catalina.startup.HostConfig.deployDirectory Deployment of web application directory [/Users/faatinashahul/Desktop/apache-tomcat-10.1.52/webapps/ip_5] has finished in [45] ms
20-Mar-2026 16:29:58.400 INFO [main] org.apache.catalina.startup.HostConfig.deployDirectory Deploying web application directory [/Users/faatinashahul/Desktop/apache-tomcat-10.1.52/webapps/docs]
20-Mar-2026 16:29:58.445 INFO [main] org.apache.jasper.servlet.TldScanner.scanJars At least one JAR was scanned for TLDs yet contained no TLDs. Enable debug logging for this logger for a complete list of JARs that were scanned but no TLDs were found in them. Skipping unneeded JARs during scanning can improve startup time and JSP compilation time.
20-Mar-2026 16:29:58.446 INFO [main] org.apache.catalina.startup.HostConfig.deployDirectory Deployment of web application directory [/Users/faatinashahul/Desktop/apache-tomcat-10.1.52/webapps/docs] has finished in [46] ms
20-Mar-2026 16:29:58.446 INFO [main] org.apache.catalina.startup.HostConfig.deployDirectory Deploying web application directory [/Users/faatinashahul/Desktop/apache-tomcat-10.1.52/webapps/manager]
20-Mar-2026 16:29:58.490 INFO [main] org.apache.jasper.servlet.TldScanner.scanJars At least one JAR was scanned for TLDs yet contained no TLDs. Enable debug logging for this logger for a complete list of JARs that were scanned but no TLDs were found in them. Skipping unneeded JARs during scanning can improve startup time and JSP compilation time.
20-Mar-2026 16:29:58.492 INFO [main] org.apache.catalina.startup.HostConfig.deployDirectory Deployment of web application directory [/Users/faatinashahul/Desktop/apache-tomcat-10.1.52/webapps/manager] has finished in [46] ms
20-Mar-2026 16:29:58.492 INFO [main] org.apache.catalina.startup.HostConfig.deployDirectory Deploying web application directory [/Users/faatinashahul/Desktop/apache-tomcat-10.1.52/webapps/examples]
20-Mar-2026 16:29:58.578 INFO [main] org.apache.jasper.servlet.TldScanner.scanJars At least one JAR was scanned for TLDs yet contained no TLDs. Enable debug logging for this logger for a complete list of JARs that were scanned but no TLDs were found in them. Skipping unneeded JARs during scanning can improve startup time and JSP compilation time.
20-Mar-2026 16:29:58.582 INFO [main] org.apache.catalina.startup.HostConfig.deployDirectory Deployment of web application directory [/Users/faatinashahul/Desktop/apache-tomcat-10.1.52/webapps/examples] has finished in [90] ms
20-Mar-2026 16:29:58.582 INFO [main] org.apache.catalina.startup.HostConfig.deployDirectory Deploying web application directory [/Users/faatinashahul/Desktop/apache-tomcat-10.1.52/webapps/shoppingcart]
20-Mar-2026 16:29:58.624 INFO [main] org.apache.jasper.servlet.TldScanner.scanJars At least one JAR was scanned for TLDs yet contained no TLDs. Enable debug logging for this logger for a complete list of JARs that were scanned but no TLDs were found in them. Skipping unneeded JARs during scanning can improve startup time and JSP compilation time.
20-Mar-2026 16:29:58.625 INFO [main] org.apache.catalina.startup.HostConfig.deployDirectory Deployment of web application directory [/Users/faatinashahul/Desktop/apache-tomcat-10.1.52/webapps/shoppingcart] has finished in [43] ms
20-Mar-2026 16:29:58.625 INFO [main] org.apache.catalina.startup.HostConfig.deployDirectory Deploying web application directory [/Users/faatinashahul/Desktop/apache-tomcat-10.1.52/webapps/ROOT]
20-Mar-2026 16:29:58.666 INFO [main] org.apache.jasper.servlet.TldScanner.scanJars At least one JAR was scanned for TLDs yet contained no TLDs. Enable debug logging for this logger for a complete list of JARs that were scanned but no TLDs were found in them. Skipping unneeded JARs during scanning can improve startup time and JSP compilation time.
20-Mar-2026 16:29:58.667 INFO [main] org.apache.catalina.startup.HostConfig.deployDirectory Deployment of web application directory [/Users/faatinashahul/Desktop/apache-tomcat-10.1.52/webapps/ROOT] has finished in [42] ms
20-Mar-2026 16:29:58.667 INFO [main] org.apache.catalina.startup.HostConfig.deployDirectory Deploying web application directory [/Users/faatinashahul/Desktop/apache-tomcat-10.1.52/webapps/autosearch]
20-Mar-2026 16:29:58.706 INFO [main] org.apache.jasper.servlet.TldScanner.scanJars At least one JAR was scanned for TLDs yet contained no TLDs. Enable debug logging for this logger for a complete list of JARs that were scanned but no TLDs were found in them. Skipping unneeded JARs during scanning can improve startup time and JSP compilation time.
20-Mar-2026 16:29:58.707 INFO [main] org.apache.catalina.startup.HostConfig.deployDirectory Deployment of web application directory [/Users/faatinashahul/Desktop/apache-tomcat-10.1.52/webapps/autosearch] has finished in [40] ms
20-Mar-2026 16:29:58.707 INFO [main] org.apache.catalina.startup.HostConfig.deployDirectory Deploying web application directory [/Users/faatinashahul/Desktop/apache-tomcat-10.1.52/webapps/host-manager]
20-Mar-2026 16:29:58.746 INFO [main] org.apache.jasper.servlet.TldScanner.scanJars At least one JAR was scanned for TLDs yet contained no TLDs. Enable debug logging for this logger for a complete list of JARs that were scanned but no TLDs were found in them. Skipping unneeded JARs during scanning can improve startup time and JSP compilation time.
20-Mar-2026 16:29:58.746 INFO [main] org.apache.catalina.startup.HostConfig.deployDirectory Deployment of web application directory [/Users/faatinashahul/Desktop/apache-tomcat-10.1.52/webapps/host-manager] has finished in [39] ms
20-Mar-2026 16:29:58.746 INFO [main] org.apache.catalina.startup.HostConfig.deployDirectory Deploying web application directory [/Users/faatinashahul/Desktop/apache-tomcat-10.1.52/webapps/library_management]
20-Mar-2026 16:29:58.784 INFO [main] org.apache.jasper.servlet.TldScanner.scanJars At least one JAR was scanned for TLDs yet contained no TLDs. Enable debug logging for this logger for a complete list of JARs that were scanned but no TLDs were found in them. Skipping unneeded JARs during scanning can improve startup time and JSP compilation time.
20-Mar-2026 16:29:58.784 INFO [main] org.apache.catalina.startup.HostConfig.deployDirectory Deployment of web application directory [/Users/faatinashahul/Desktop/apache-tomcat-10.1.52/webapps/library_management] has finished in [38] ms
20-Mar-2026 16:29:58.784 INFO [main] org.apache.catalina.startup.HostConfig.deployDirectory Deploying web application directory [/Users/faatinashahul/Desktop/apache-tomcat-10.1.52/webapps/OnlineComplaintSystem]
20-Mar-2026 16:29:58.828 INFO [main] org.apache.jasper.servlet.TldScanner.scanJars At least one JAR was scanned for TLDs yet contained no TLDs. Enable debug logging for this logger for a complete list of JARs that were scanned but no TLDs were found in them. Skipping unneeded JARs during scanning can improve startup time and JSP compilation time.
20-Mar-2026 16:29:58.829 INFO [main] org.apache.catalina.startup.HostConfig.deployDirectory Deployment of web application directory [/Users/faatinashahul/Desktop/apache-tomcat-10.1.52/webapps/OnlineComplaintSystem] has finished in [45] ms
20-Mar-2026 16:29:58.830 INFO [main] org.apache.coyote.AbstractProtocol.start Starting ProtocolHandler ["http-nio-8080"]
20-Mar-2026 16:29:58.833 INFO [main] org.apache.catalina.startup.Catalina.start Server startup in [688] milliseconds
