16-Feb-2026 12:58:19.486 INFO [main] org.apache.catalina.core.StandardServer.await A valid shutdown command was received via the shutdown port. Stopping the Server instance.
16-Feb-2026 12:58:19.488 INFO [main] org.apache.coyote.AbstractProtocol.pause Pausing ProtocolHandler ["http-nio-8080"]
16-Feb-2026 12:58:19.490 INFO [main] org.apache.catalina.core.StandardService.stopInternal Stopping service [Catalina]
16-Feb-2026 12:58:19.500 INFO [main] org.apache.coyote.AbstractProtocol.stop Stopping ProtocolHandler ["http-nio-8080"]
16-Feb-2026 12:58:19.502 INFO [main] org.apache.coyote.AbstractProtocol.destroy Destroying ProtocolHandler ["http-nio-8080"]
16-Feb-2026 12:58:19.683 INFO [main] org.apache.catalina.startup.VersionLoggerListener.log Server version name:   Apache Tomcat/10.1.52
16-Feb-2026 12:58:19.685 INFO [main] org.apache.catalina.startup.VersionLoggerListener.log Server built:          Jan 23 2026 19:29:07 UTC
16-Feb-2026 12:58:19.685 INFO [main] org.apache.catalina.startup.VersionLoggerListener.log Server version number: 10.1.52.0
16-Feb-2026 12:58:19.685 INFO [main] org.apache.catalina.startup.VersionLoggerListener.log OS Name:               Mac OS X
16-Feb-2026 12:58:19.685 INFO [main] org.apache.catalina.startup.VersionLoggerListener.log OS Version:            26.2
16-Feb-2026 12:58:19.685 INFO [main] org.apache.catalina.startup.VersionLoggerListener.log Architecture:          aarch64
16-Feb-2026 12:58:19.685 INFO [main] org.apache.catalina.startup.VersionLoggerListener.log Java Home:             /opt/homebrew/Cellar/openjdk@17/17.0.18/libexec/openjdk.jdk/Contents/Home
16-Feb-2026 12:58:19.685 INFO [main] org.apache.catalina.startup.VersionLoggerListener.log JVM Version:           17.0.18+0
16-Feb-2026 12:58:19.685 INFO [main] org.apache.catalina.startup.VersionLoggerListener.log JVM Vendor:            Homebrew
16-Feb-2026 12:58:19.685 INFO [main] org.apache.catalina.startup.VersionLoggerListener.log CATALINA_BASE:         /Users/faatinashahul/Desktop/apache-tomcat-10.1.52
16-Feb-2026 12:58:19.686 INFO [main] org.apache.catalina.startup.VersionLoggerListener.log CATALINA_HOME:         /Users/faatinashahul/Desktop/apache-tomcat-10.1.52
16-Feb-2026 12:58:19.691 INFO [main] org.apache.catalina.startup.VersionLoggerListener.log Command line argument: -Djava.util.logging.config.file=/Users/faatinashahul/Desktop/apache-tomcat-10.1.52/conf/logging.properties
16-Feb-2026 12:58:19.691 INFO [main] org.apache.catalina.startup.VersionLoggerListener.log Command line argument: -Djava.util.logging.manager=org.apache.juli.ClassLoaderLogManager
16-Feb-2026 12:58:19.692 INFO [main] org.apache.catalina.startup.VersionLoggerListener.log Command line argument: -Djdk.tls.ephemeralDHKeySize=2048
16-Feb-2026 12:58:19.692 INFO [main] org.apache.catalina.startup.VersionLoggerListener.log Command line argument: -Djava.protocol.handler.pkgs=org.apache.catalina.webresources
16-Feb-2026 12:58:19.692 INFO [main] org.apache.catalina.startup.VersionLoggerListener.log Command line argument: -Dsun.io.useCanonCaches=false
16-Feb-2026 12:58:19.692 INFO [main] org.apache.catalina.startup.VersionLoggerListener.log Command line argument: -Dorg.apache.catalina.security.SecurityListener.UMASK=0027
16-Feb-2026 12:58:19.692 INFO [main] org.apache.catalina.startup.VersionLoggerListener.log Command line argument: --add-opens=java.base/java.lang=ALL-UNNAMED
16-Feb-2026 12:58:19.692 INFO [main] org.apache.catalina.startup.VersionLoggerListener.log Command line argument: --add-opens=java.base/java.lang.reflect=ALL-UNNAMED
16-Feb-2026 12:58:19.692 INFO [main] org.apache.catalina.startup.VersionLoggerListener.log Command line argument: --add-opens=java.base/java.io=ALL-UNNAMED
16-Feb-2026 12:58:19.692 INFO [main] org.apache.catalina.startup.VersionLoggerListener.log Command line argument: --add-opens=java.base/java.util=ALL-UNNAMED
16-Feb-2026 12:58:19.692 INFO [main] org.apache.catalina.startup.VersionLoggerListener.log Command line argument: --add-opens=java.base/java.util.concurrent=ALL-UNNAMED
16-Feb-2026 12:58:19.692 INFO [main] org.apache.catalina.startup.VersionLoggerListener.log Command line argument: --add-opens=java.rmi/sun.rmi.transport=ALL-UNNAMED
16-Feb-2026 12:58:19.692 INFO [main] org.apache.catalina.startup.VersionLoggerListener.log Command line argument: -Dcatalina.base=/Users/faatinashahul/Desktop/apache-tomcat-10.1.52
16-Feb-2026 12:58:19.692 INFO [main] org.apache.catalina.startup.VersionLoggerListener.log Command line argument: -Dcatalina.home=/Users/faatinashahul/Desktop/apache-tomcat-10.1.52
16-Feb-2026 12:58:19.692 INFO [main] org.apache.catalina.startup.VersionLoggerListener.log Command line argument: -Djava.io.tmpdir=/Users/faatinashahul/Desktop/apache-tomcat-10.1.52/temp
16-Feb-2026 12:58:19.696 INFO [main] org.apache.catalina.core.AprLifecycleListener.lifecycleEvent The Apache Tomcat Native library which allows using OpenSSL was not found on the java.library.path: [/Users/faatinashahul/Library/Java/Extensions:/Library/Java/Extensions:/Network/Library/Java/Extensions:/System/Library/Java/Extensions:/usr/lib/java:.]
16-Feb-2026 12:58:19.777 INFO [main] org.apache.coyote.AbstractProtocol.init Initializing ProtocolHandler ["http-nio-8080"]
16-Feb-2026 12:58:19.786 INFO [main] org.apache.catalina.startup.Catalina.load Server initialization in [155] milliseconds
16-Feb-2026 12:58:19.799 INFO [main] org.apache.catalina.core.StandardService.startInternal Starting service [Catalina]
16-Feb-2026 12:58:19.800 INFO [main] org.apache.catalina.core.StandardEngine.startInternal Starting Servlet engine: [Apache Tomcat/10.1.52]
16-Feb-2026 12:58:19.802 INFO [main] org.apache.catalina.startup.HostConfig.deployDirectory Deploying web application directory [/Users/faatinashahul/Desktop/apache-tomcat-10.1.52/webapps/ip_5]
16-Feb-2026 12:58:19.956 INFO [main] org.apache.jasper.servlet.TldScanner.scanJars At least one JAR was scanned for TLDs yet contained no TLDs. Enable debug logging for this logger for a complete list of JARs that were scanned but no TLDs were found in them. Skipping unneeded JARs during scanning can improve startup time and JSP compilation time.
16-Feb-2026 12:58:19.968 INFO [main] org.apache.catalina.startup.HostConfig.deployDirectory Deployment of web application directory [/Users/faatinashahul/Desktop/apache-tomcat-10.1.52/webapps/ip_5] has finished in [166] ms
16-Feb-2026 12:58:19.968 INFO [main] org.apache.catalina.startup.HostConfig.deployDirectory Deploying web application directory [/Users/faatinashahul/Desktop/apache-tomcat-10.1.52/webapps/docs]
16-Feb-2026 12:58:20.018 INFO [main] org.apache.jasper.servlet.TldScanner.scanJars At least one JAR was scanned for TLDs yet contained no TLDs. Enable debug logging for this logger for a complete list of JARs that were scanned but no TLDs were found in them. Skipping unneeded JARs during scanning can improve startup time and JSP compilation time.
16-Feb-2026 12:58:20.019 INFO [main] org.apache.catalina.startup.HostConfig.deployDirectory Deployment of web application directory [/Users/faatinashahul/Desktop/apache-tomcat-10.1.52/webapps/docs] has finished in [51] ms
16-Feb-2026 12:58:20.019 INFO [main] org.apache.catalina.startup.HostConfig.deployDirectory Deploying web application directory [/Users/faatinashahul/Desktop/apache-tomcat-10.1.52/webapps/manager]
16-Feb-2026 12:58:20.065 INFO [main] org.apache.jasper.servlet.TldScanner.scanJars At least one JAR was scanned for TLDs yet contained no TLDs. Enable debug logging for this logger for a complete list of JARs that were scanned but no TLDs were found in them. Skipping unneeded JARs during scanning can improve startup time and JSP compilation time.
16-Feb-2026 12:58:20.068 INFO [main] org.apache.catalina.startup.HostConfig.deployDirectory Deployment of web application directory [/Users/faatinashahul/Desktop/apache-tomcat-10.1.52/webapps/manager] has finished in [48] ms
16-Feb-2026 12:58:20.068 INFO [main] org.apache.catalina.startup.HostConfig.deployDirectory Deploying web application directory [/Users/faatinashahul/Desktop/apache-tomcat-10.1.52/webapps/examples]
16-Feb-2026 12:58:20.160 INFO [main] org.apache.jasper.servlet.TldScanner.scanJars At least one JAR was scanned for TLDs yet contained no TLDs. Enable debug logging for this logger for a complete list of JARs that were scanned but no TLDs were found in them. Skipping unneeded JARs during scanning can improve startup time and JSP compilation time.
16-Feb-2026 12:58:20.165 INFO [main] org.apache.catalina.startup.HostConfig.deployDirectory Deployment of web application directory [/Users/faatinashahul/Desktop/apache-tomcat-10.1.52/webapps/examples] has finished in [97] ms
16-Feb-2026 12:58:20.165 INFO [main] org.apache.catalina.startup.HostConfig.deployDirectory Deploying web application directory [/Users/faatinashahul/Desktop/apache-tomcat-10.1.52/webapps/ROOT]
16-Feb-2026 12:58:20.205 INFO [main] org.apache.jasper.servlet.TldScanner.scanJars At least one JAR was scanned for TLDs yet contained no TLDs. Enable debug logging for this logger for a complete list of JARs that were scanned but no TLDs were found in them. Skipping unneeded JARs during scanning can improve startup time and JSP compilation time.
16-Feb-2026 12:58:20.205 INFO [main] org.apache.catalina.startup.HostConfig.deployDirectory Deployment of web application directory [/Users/faatinashahul/Desktop/apache-tomcat-10.1.52/webapps/ROOT] has finished in [40] ms
16-Feb-2026 12:58:20.205 INFO [main] org.apache.catalina.startup.HostConfig.deployDirectory Deploying web application directory [/Users/faatinashahul/Desktop/apache-tomcat-10.1.52/webapps/host-manager]
16-Feb-2026 12:58:20.246 INFO [main] org.apache.jasper.servlet.TldScanner.scanJars At least one JAR was scanned for TLDs yet contained no TLDs. Enable debug logging for this logger for a complete list of JARs that were scanned but no TLDs were found in them. Skipping unneeded JARs during scanning can improve startup time and JSP compilation time.
16-Feb-2026 12:58:20.247 INFO [main] org.apache.catalina.startup.HostConfig.deployDirectory Deployment of web application directory [/Users/faatinashahul/Desktop/apache-tomcat-10.1.52/webapps/host-manager] has finished in [41] ms
16-Feb-2026 12:58:20.248 INFO [main] org.apache.coyote.AbstractProtocol.start Starting ProtocolHandler ["http-nio-8080"]
16-Feb-2026 12:58:20.251 INFO [main] org.apache.catalina.startup.Catalina.start Server startup in [465] milliseconds
16-Feb-2026 13:02:30.399 INFO [Catalina-utility-2] org.apache.catalina.startup.HostConfig.deployDirectory Deploying web application directory [/Users/faatinashahul/Desktop/apache-tomcat-10.1.52/webapps/untitled folder]
16-Feb-2026 13:02:30.484 INFO [Catalina-utility-2] org.apache.jasper.servlet.TldScanner.scanJars At least one JAR was scanned for TLDs yet contained no TLDs. Enable debug logging for this logger for a complete list of JARs that were scanned but no TLDs were found in them. Skipping unneeded JARs during scanning can improve startup time and JSP compilation time.
16-Feb-2026 13:02:30.485 INFO [Catalina-utility-2] org.apache.catalina.startup.HostConfig.deployDirectory Deployment of web application directory [/Users/faatinashahul/Desktop/apache-tomcat-10.1.52/webapps/untitled folder] has finished in [86] ms
16-Feb-2026 13:03:01.011 INFO [Catalina-utility-1] org.apache.catalina.startup.HostConfig.undeploy Undeploying context [/untitled folder]
16-Feb-2026 13:03:01.026 INFO [Catalina-utility-1] org.apache.catalina.startup.HostConfig.deployDirectory Deploying web application directory [/Users/faatinashahul/Desktop/apache-tomcat-10.1.52/webapps/test]
16-Feb-2026 13:03:01.099 INFO [Catalina-utility-1] org.apache.jasper.servlet.TldScanner.scanJars At least one JAR was scanned for TLDs yet contained no TLDs. Enable debug logging for this logger for a complete list of JARs that were scanned but no TLDs were found in them. Skipping unneeded JARs during scanning can improve startup time and JSP compilation time.
16-Feb-2026 13:03:01.099 INFO [Catalina-utility-1] org.apache.catalina.startup.HostConfig.deployDirectory Deployment of web application directory [/Users/faatinashahul/Desktop/apache-tomcat-10.1.52/webapps/test] has finished in [73] ms
16-Feb-2026 13:08:14.429 INFO [main] org.apache.catalina.core.StandardServer.await A valid shutdown command was received via the shutdown port. Stopping the Server instance.
16-Feb-2026 13:08:14.429 INFO [main] org.apache.coyote.AbstractProtocol.pause Pausing ProtocolHandler ["http-nio-8080"]
16-Feb-2026 13:08:14.430 INFO [main] org.apache.catalina.core.StandardService.stopInternal Stopping service [Catalina]
16-Feb-2026 13:08:14.436 INFO [main] org.apache.coyote.AbstractProtocol.stop Stopping ProtocolHandler ["http-nio-8080"]
16-Feb-2026 13:08:14.438 INFO [main] org.apache.coyote.AbstractProtocol.destroy Destroying ProtocolHandler ["http-nio-8080"]
16-Feb-2026 13:08:14.580 INFO [main] org.apache.catalina.startup.VersionLoggerListener.log Server version name:   Apache Tomcat/10.1.52
16-Feb-2026 13:08:14.581 INFO [main] org.apache.catalina.startup.VersionLoggerListener.log Server built:          Jan 23 2026 19:29:07 UTC
16-Feb-2026 13:08:14.581 INFO [main] org.apache.catalina.startup.VersionLoggerListener.log Server version number: 10.1.52.0
16-Feb-2026 13:08:14.581 INFO [main] org.apache.catalina.startup.VersionLoggerListener.log OS Name:               Mac OS X
16-Feb-2026 13:08:14.581 INFO [main] org.apache.catalina.startup.VersionLoggerListener.log OS Version:            26.2
16-Feb-2026 13:08:14.581 INFO [main] org.apache.catalina.startup.VersionLoggerListener.log Architecture:          aarch64
16-Feb-2026 13:08:14.581 INFO [main] org.apache.catalina.startup.VersionLoggerListener.log Java Home:             /opt/homebrew/Cellar/openjdk@17/17.0.18/libexec/openjdk.jdk/Contents/Home
16-Feb-2026 13:08:14.581 INFO [main] org.apache.catalina.startup.VersionLoggerListener.log JVM Version:           17.0.18+0
16-Feb-2026 13:08:14.581 INFO [main] org.apache.catalina.startup.VersionLoggerListener.log JVM Vendor:            Homebrew
16-Feb-2026 13:08:14.581 INFO [main] org.apache.catalina.startup.VersionLoggerListener.log CATALINA_BASE:         /Users/faatinashahul/Desktop/apache-tomcat-10.1.52
16-Feb-2026 13:08:14.581 INFO [main] org.apache.catalina.startup.VersionLoggerListener.log CATALINA_HOME:         /Users/faatinashahul/Desktop/apache-tomcat-10.1.52
16-Feb-2026 13:08:14.585 INFO [main] org.apache.catalina.startup.VersionLoggerListener.log Command line argument: -Djava.util.logging.config.file=/Users/faatinashahul/Desktop/apache-tomcat-10.1.52/conf/logging.properties
16-Feb-2026 13:08:14.585 INFO [main] org.apache.catalina.startup.VersionLoggerListener.log Command line argument: -Djava.util.logging.manager=org.apache.juli.ClassLoaderLogManager
16-Feb-2026 13:08:14.585 INFO [main] org.apache.catalina.startup.VersionLoggerListener.log Command line argument: -Djdk.tls.ephemeralDHKeySize=2048
16-Feb-2026 13:08:14.585 INFO [main] org.apache.catalina.startup.VersionLoggerListener.log Command line argument: -Djava.protocol.handler.pkgs=org.apache.catalina.webresources
16-Feb-2026 13:08:14.585 INFO [main] org.apache.catalina.startup.VersionLoggerListener.log Command line argument: -Dsun.io.useCanonCaches=false
16-Feb-2026 13:08:14.585 INFO [main] org.apache.catalina.startup.VersionLoggerListener.log Command line argument: -Dorg.apache.catalina.security.SecurityListener.UMASK=0027
16-Feb-2026 13:08:14.585 INFO [main] org.apache.catalina.startup.VersionLoggerListener.log Command line argument: --add-opens=java.base/java.lang=ALL-UNNAMED
16-Feb-2026 13:08:14.585 INFO [main] org.apache.catalina.startup.VersionLoggerListener.log Command line argument: --add-opens=java.base/java.lang.reflect=ALL-UNNAMED
16-Feb-2026 13:08:14.585 INFO [main] org.apache.catalina.startup.VersionLoggerListener.log Command line argument: --add-opens=java.base/java.io=ALL-UNNAMED
16-Feb-2026 13:08:14.585 INFO [main] org.apache.catalina.startup.VersionLoggerListener.log Command line argument: --add-opens=java.base/java.util=ALL-UNNAMED
16-Feb-2026 13:08:14.585 INFO [main] org.apache.catalina.startup.VersionLoggerListener.log Command line argument: --add-opens=java.base/java.util.concurrent=ALL-UNNAMED
16-Feb-2026 13:08:14.585 INFO [main] org.apache.catalina.startup.VersionLoggerListener.log Command line argument: --add-opens=java.rmi/sun.rmi.transport=ALL-UNNAMED
16-Feb-2026 13:08:14.585 INFO [main] org.apache.catalina.startup.VersionLoggerListener.log Command line argument: -Dcatalina.base=/Users/faatinashahul/Desktop/apache-tomcat-10.1.52
16-Feb-2026 13:08:14.585 INFO [main] org.apache.catalina.startup.VersionLoggerListener.log Command line argument: -Dcatalina.home=/Users/faatinashahul/Desktop/apache-tomcat-10.1.52
16-Feb-2026 13:08:14.585 INFO [main] org.apache.catalina.startup.VersionLoggerListener.log Command line argument: -Djava.io.tmpdir=/Users/faatinashahul/Desktop/apache-tomcat-10.1.52/temp
16-Feb-2026 13:08:14.588 INFO [main] org.apache.catalina.core.AprLifecycleListener.lifecycleEvent The Apache Tomcat Native library which allows using OpenSSL was not found on the java.library.path: [/Users/faatinashahul/Library/Java/Extensions:/Library/Java/Extensions:/Network/Library/Java/Extensions:/System/Library/Java/Extensions:/usr/lib/java:.]
16-Feb-2026 13:08:14.660 INFO [main] org.apache.coyote.AbstractProtocol.init Initializing ProtocolHandler ["http-nio-8080"]
16-Feb-2026 13:08:14.668 INFO [main] org.apache.catalina.startup.Catalina.load Server initialization in [134] milliseconds
16-Feb-2026 13:08:14.678 INFO [main] org.apache.catalina.core.StandardService.startInternal Starting service [Catalina]
16-Feb-2026 13:08:14.678 INFO [main] org.apache.catalina.core.StandardEngine.startInternal Starting Servlet engine: [Apache Tomcat/10.1.52]
16-Feb-2026 13:08:14.681 INFO [main] org.apache.catalina.startup.HostConfig.deployDirectory Deploying web application directory [/Users/faatinashahul/Desktop/apache-tomcat-10.1.52/webapps/test]
16-Feb-2026 13:08:14.817 INFO [main] org.apache.jasper.servlet.TldScanner.scanJars At least one JAR was scanned for TLDs yet contained no TLDs. Enable debug logging for this logger for a complete list of JARs that were scanned but no TLDs were found in them. Skipping unneeded JARs during scanning can improve startup time and JSP compilation time.
16-Feb-2026 13:08:14.827 INFO [main] org.apache.catalina.startup.HostConfig.deployDirectory Deployment of web application directory [/Users/faatinashahul/Desktop/apache-tomcat-10.1.52/webapps/test] has finished in [146] ms
16-Feb-2026 13:08:14.827 INFO [main] org.apache.catalina.startup.HostConfig.deployDirectory Deploying web application directory [/Users/faatinashahul/Desktop/apache-tomcat-10.1.52/webapps/ip_5]
16-Feb-2026 13:08:14.877 INFO [main] org.apache.jasper.servlet.TldScanner.scanJars At least one JAR was scanned for TLDs yet contained no TLDs. Enable debug logging for this logger for a complete list of JARs that were scanned but no TLDs were found in them. Skipping unneeded JARs during scanning can improve startup time and JSP compilation time.
16-Feb-2026 13:08:14.877 INFO [main] org.apache.catalina.startup.HostConfig.deployDirectory Deployment of web application directory [/Users/faatinashahul/Desktop/apache-tomcat-10.1.52/webapps/ip_5] has finished in [50] ms
16-Feb-2026 13:08:14.877 INFO [main] org.apache.catalina.startup.HostConfig.deployDirectory Deploying web application directory [/Users/faatinashahul/Desktop/apache-tomcat-10.1.52/webapps/docs]
16-Feb-2026 13:08:14.925 INFO [main] org.apache.jasper.servlet.TldScanner.scanJars At least one JAR was scanned for TLDs yet contained no TLDs. Enable debug logging for this logger for a complete list of JARs that were scanned but no TLDs were found in them. Skipping unneeded JARs during scanning can improve startup time and JSP compilation time.
16-Feb-2026 13:08:14.926 INFO [main] org.apache.catalina.startup.HostConfig.deployDirectory Deployment of web application directory [/Users/faatinashahul/Desktop/apache-tomcat-10.1.52/webapps/docs] has finished in [48] ms
16-Feb-2026 13:08:14.926 INFO [main] org.apache.catalina.startup.HostConfig.deployDirectory Deploying web application directory [/Users/faatinashahul/Desktop/apache-tomcat-10.1.52/webapps/manager]
16-Feb-2026 13:08:14.972 INFO [main] org.apache.jasper.servlet.TldScanner.scanJars At least one JAR was scanned for TLDs yet contained no TLDs. Enable debug logging for this logger for a complete list of JARs that were scanned but no TLDs were found in them. Skipping unneeded JARs during scanning can improve startup time and JSP compilation time.
16-Feb-2026 13:08:14.974 INFO [main] org.apache.catalina.startup.HostConfig.deployDirectory Deployment of web application directory [/Users/faatinashahul/Desktop/apache-tomcat-10.1.52/webapps/manager] has finished in [48] ms
16-Feb-2026 13:08:14.974 INFO [main] org.apache.catalina.startup.HostConfig.deployDirectory Deploying web application directory [/Users/faatinashahul/Desktop/apache-tomcat-10.1.52/webapps/examples]
16-Feb-2026 13:08:15.062 INFO [main] org.apache.jasper.servlet.TldScanner.scanJars At least one JAR was scanned for TLDs yet contained no TLDs. Enable debug logging for this logger for a complete list of JARs that were scanned but no TLDs were found in them. Skipping unneeded JARs during scanning can improve startup time and JSP compilation time.
16-Feb-2026 13:08:15.067 INFO [main] org.apache.catalina.startup.HostConfig.deployDirectory Deployment of web application directory [/Users/faatinashahul/Desktop/apache-tomcat-10.1.52/webapps/examples] has finished in [93] ms
16-Feb-2026 13:08:15.067 INFO [main] org.apache.catalina.startup.HostConfig.deployDirectory Deploying web application directory [/Users/faatinashahul/Desktop/apache-tomcat-10.1.52/webapps/ROOT]
16-Feb-2026 13:08:15.108 INFO [main] org.apache.jasper.servlet.TldScanner.scanJars At least one JAR was scanned for TLDs yet contained no TLDs. Enable debug logging for this logger for a complete list of JARs that were scanned but no TLDs were found in them. Skipping unneeded JARs during scanning can improve startup time and JSP compilation time.
16-Feb-2026 13:08:15.108 INFO [main] org.apache.catalina.startup.HostConfig.deployDirectory Deployment of web application directory [/Users/faatinashahul/Desktop/apache-tomcat-10.1.52/webapps/ROOT] has finished in [41] ms
16-Feb-2026 13:08:15.108 INFO [main] org.apache.catalina.startup.HostConfig.deployDirectory Deploying web application directory [/Users/faatinashahul/Desktop/apache-tomcat-10.1.52/webapps/host-manager]
16-Feb-2026 13:08:15.149 INFO [main] org.apache.jasper.servlet.TldScanner.scanJars At least one JAR was scanned for TLDs yet contained no TLDs. Enable debug logging for this logger for a complete list of JARs that were scanned but no TLDs were found in them. Skipping unneeded JARs during scanning can improve startup time and JSP compilation time.
16-Feb-2026 13:08:15.150 INFO [main] org.apache.catalina.startup.HostConfig.deployDirectory Deployment of web application directory [/Users/faatinashahul/Desktop/apache-tomcat-10.1.52/webapps/host-manager] has finished in [42] ms
16-Feb-2026 13:08:15.151 INFO [main] org.apache.coyote.AbstractProtocol.start Starting ProtocolHandler ["http-nio-8080"]
16-Feb-2026 13:08:15.154 INFO [main] org.apache.catalina.startup.Catalina.start Server startup in [486] milliseconds
16-Feb-2026 13:12:03.431 INFO [main] org.apache.catalina.core.StandardServer.await A valid shutdown command was received via the shutdown port. Stopping the Server instance.
16-Feb-2026 13:12:03.432 INFO [main] org.apache.coyote.AbstractProtocol.pause Pausing ProtocolHandler ["http-nio-8080"]
16-Feb-2026 13:12:03.434 INFO [main] org.apache.catalina.core.StandardService.stopInternal Stopping service [Catalina]
16-Feb-2026 13:12:03.444 INFO [main] org.apache.coyote.AbstractProtocol.stop Stopping ProtocolHandler ["http-nio-8080"]
16-Feb-2026 13:12:03.447 INFO [main] org.apache.coyote.AbstractProtocol.destroy Destroying ProtocolHandler ["http-nio-8080"]
16-Feb-2026 13:12:03.584 INFO [main] org.apache.catalina.startup.VersionLoggerListener.log Server version name:   Apache Tomcat/10.1.52
16-Feb-2026 13:12:03.585 INFO [main] org.apache.catalina.startup.VersionLoggerListener.log Server built:          Jan 23 2026 19:29:07 UTC
16-Feb-2026 13:12:03.586 INFO [main] org.apache.catalina.startup.VersionLoggerListener.log Server version number: 10.1.52.0
16-Feb-2026 13:12:03.586 INFO [main] org.apache.catalina.startup.VersionLoggerListener.log OS Name:               Mac OS X
16-Feb-2026 13:12:03.586 INFO [main] org.apache.catalina.startup.VersionLoggerListener.log OS Version:            26.2
16-Feb-2026 13:12:03.586 INFO [main] org.apache.catalina.startup.VersionLoggerListener.log Architecture:          aarch64
16-Feb-2026 13:12:03.586 INFO [main] org.apache.catalina.startup.VersionLoggerListener.log Java Home:             /opt/homebrew/Cellar/openjdk@17/17.0.18/libexec/openjdk.jdk/Contents/Home
16-Feb-2026 13:12:03.586 INFO [main] org.apache.catalina.startup.VersionLoggerListener.log JVM Version:           17.0.18+0
16-Feb-2026 13:12:03.586 INFO [main] org.apache.catalina.startup.VersionLoggerListener.log JVM Vendor:            Homebrew
16-Feb-2026 13:12:03.586 INFO [main] org.apache.catalina.startup.VersionLoggerListener.log CATALINA_BASE:         /Users/faatinashahul/Desktop/apache-tomcat-10.1.52
16-Feb-2026 13:12:03.586 INFO [main] org.apache.catalina.startup.VersionLoggerListener.log CATALINA_HOME:         /Users/faatinashahul/Desktop/apache-tomcat-10.1.52
16-Feb-2026 13:12:03.589 INFO [main] org.apache.catalina.startup.VersionLoggerListener.log Command line argument: -Djava.util.logging.config.file=/Users/faatinashahul/Desktop/apache-tomcat-10.1.52/conf/logging.properties
16-Feb-2026 13:12:03.589 INFO [main] org.apache.catalina.startup.VersionLoggerListener.log Command line argument: -Djava.util.logging.manager=org.apache.juli.ClassLoaderLogManager
16-Feb-2026 13:12:03.590 INFO [main] org.apache.catalina.startup.VersionLoggerListener.log Command line argument: -Djdk.tls.ephemeralDHKeySize=2048
16-Feb-2026 13:12:03.590 INFO [main] org.apache.catalina.startup.VersionLoggerListener.log Command line argument: -Djava.protocol.handler.pkgs=org.apache.catalina.webresources
16-Feb-2026 13:12:03.590 INFO [main] org.apache.catalina.startup.VersionLoggerListener.log Command line argument: -Dsun.io.useCanonCaches=false
16-Feb-2026 13:12:03.590 INFO [main] org.apache.catalina.startup.VersionLoggerListener.log Command line argument: -Dorg.apache.catalina.security.SecurityListener.UMASK=0027
16-Feb-2026 13:12:03.590 INFO [main] org.apache.catalina.startup.VersionLoggerListener.log Command line argument: --add-opens=java.base/java.lang=ALL-UNNAMED
16-Feb-2026 13:12:03.590 INFO [main] org.apache.catalina.startup.VersionLoggerListener.log Command line argument: --add-opens=java.base/java.lang.reflect=ALL-UNNAMED
16-Feb-2026 13:12:03.590 INFO [main] org.apache.catalina.startup.VersionLoggerListener.log Command line argument: --add-opens=java.base/java.io=ALL-UNNAMED
16-Feb-2026 13:12:03.590 INFO [main] org.apache.catalina.startup.VersionLoggerListener.log Command line argument: --add-opens=java.base/java.util=ALL-UNNAMED
16-Feb-2026 13:12:03.590 INFO [main] org.apache.catalina.startup.VersionLoggerListener.log Command line argument: --add-opens=java.base/java.util.concurrent=ALL-UNNAMED
16-Feb-2026 13:12:03.590 INFO [main] org.apache.catalina.startup.VersionLoggerListener.log Command line argument: --add-opens=java.rmi/sun.rmi.transport=ALL-UNNAMED
16-Feb-2026 13:12:03.590 INFO [main] org.apache.catalina.startup.VersionLoggerListener.log Command line argument: -Dcatalina.base=/Users/faatinashahul/Desktop/apache-tomcat-10.1.52
16-Feb-2026 13:12:03.590 INFO [main] org.apache.catalina.startup.VersionLoggerListener.log Command line argument: -Dcatalina.home=/Users/faatinashahul/Desktop/apache-tomcat-10.1.52
16-Feb-2026 13:12:03.590 INFO [main] org.apache.catalina.startup.VersionLoggerListener.log Command line argument: -Djava.io.tmpdir=/Users/faatinashahul/Desktop/apache-tomcat-10.1.52/temp
16-Feb-2026 13:12:03.593 INFO [main] org.apache.catalina.core.AprLifecycleListener.lifecycleEvent The Apache Tomcat Native library which allows using OpenSSL was not found on the java.library.path: [/Users/faatinashahul/Library/Java/Extensions:/Library/Java/Extensions:/Network/Library/Java/Extensions:/System/Library/Java/Extensions:/usr/lib/java:.]
16-Feb-2026 13:12:03.665 INFO [main] org.apache.coyote.AbstractProtocol.init Initializing ProtocolHandler ["http-nio-8080"]
16-Feb-2026 13:12:03.673 INFO [main] org.apache.catalina.startup.Catalina.load Server initialization in [136] milliseconds
16-Feb-2026 13:12:03.683 INFO [main] org.apache.catalina.core.StandardService.startInternal Starting service [Catalina]
16-Feb-2026 13:12:03.683 INFO [main] org.apache.catalina.core.StandardEngine.startInternal Starting Servlet engine: [Apache Tomcat/10.1.52]
16-Feb-2026 13:12:03.686 INFO [main] org.apache.catalina.startup.HostConfig.deployDirectory Deploying web application directory [/Users/faatinashahul/Desktop/apache-tomcat-10.1.52/webapps/test]
16-Feb-2026 13:12:03.820 INFO [main] org.apache.jasper.servlet.TldScanner.scanJars At least one JAR was scanned for TLDs yet contained no TLDs. Enable debug logging for this logger for a complete list of JARs that were scanned but no TLDs were found in them. Skipping unneeded JARs during scanning can improve startup time and JSP compilation time.
16-Feb-2026 13:12:03.830 INFO [main] org.apache.catalina.startup.HostConfig.deployDirectory Deployment of web application directory [/Users/faatinashahul/Desktop/apache-tomcat-10.1.52/webapps/test] has finished in [144] ms
16-Feb-2026 13:12:03.830 INFO [main] org.apache.catalina.startup.HostConfig.deployDirectory Deploying web application directory [/Users/faatinashahul/Desktop/apache-tomcat-10.1.52/webapps/ip_5]
16-Feb-2026 13:12:03.878 INFO [main] org.apache.jasper.servlet.TldScanner.scanJars At least one JAR was scanned for TLDs yet contained no TLDs. Enable debug logging for this logger for a complete list of JARs that were scanned but no TLDs were found in them. Skipping unneeded JARs during scanning can improve startup time and JSP compilation time.
16-Feb-2026 13:12:03.879 INFO [main] org.apache.catalina.startup.HostConfig.deployDirectory Deployment of web application directory [/Users/faatinashahul/Desktop/apache-tomcat-10.1.52/webapps/ip_5] has finished in [49] ms
16-Feb-2026 13:12:03.879 INFO [main] org.apache.catalina.startup.HostConfig.deployDirectory Deploying web application directory [/Users/faatinashahul/Desktop/apache-tomcat-10.1.52/webapps/docs]
16-Feb-2026 13:12:03.927 INFO [main] org.apache.jasper.servlet.TldScanner.scanJars At least one JAR was scanned for TLDs yet contained no TLDs. Enable debug logging for this logger for a complete list of JARs that were scanned but no TLDs were found in them. Skipping unneeded JARs during scanning can improve startup time and JSP compilation time.
16-Feb-2026 13:12:03.928 INFO [main] org.apache.catalina.startup.HostConfig.deployDirectory Deployment of web application directory [/Users/faatinashahul/Desktop/apache-tomcat-10.1.52/webapps/docs] has finished in [49] ms
16-Feb-2026 13:12:03.928 INFO [main] org.apache.catalina.startup.HostConfig.deployDirectory Deploying web application directory [/Users/faatinashahul/Desktop/apache-tomcat-10.1.52/webapps/manager]
16-Feb-2026 13:12:03.975 INFO [main] org.apache.jasper.servlet.TldScanner.scanJars At least one JAR was scanned for TLDs yet contained no TLDs. Enable debug logging for this logger for a complete list of JARs that were scanned but no TLDs were found in them. Skipping unneeded JARs during scanning can improve startup time and JSP compilation time.
16-Feb-2026 13:12:03.977 INFO [main] org.apache.catalina.startup.HostConfig.deployDirectory Deployment of web application directory [/Users/faatinashahul/Desktop/apache-tomcat-10.1.52/webapps/manager] has finished in [49] ms
16-Feb-2026 13:12:03.978 INFO [main] org.apache.catalina.startup.HostConfig.deployDirectory Deploying web application directory [/Users/faatinashahul/Desktop/apache-tomcat-10.1.52/webapps/examples]
16-Feb-2026 13:12:04.062 INFO [main] org.apache.jasper.servlet.TldScanner.scanJars At least one JAR was scanned for TLDs yet contained no TLDs. Enable debug logging for this logger for a complete list of JARs that were scanned but no TLDs were found in them. Skipping unneeded JARs during scanning can improve startup time and JSP compilation time.
16-Feb-2026 13:12:04.066 INFO [main] org.apache.catalina.startup.HostConfig.deployDirectory Deployment of web application directory [/Users/faatinashahul/Desktop/apache-tomcat-10.1.52/webapps/examples] has finished in [88] ms
16-Feb-2026 13:12:04.066 INFO [main] org.apache.catalina.startup.HostConfig.deployDirectory Deploying web application directory [/Users/faatinashahul/Desktop/apache-tomcat-10.1.52/webapps/ROOT]
16-Feb-2026 13:12:04.111 INFO [main] org.apache.jasper.servlet.TldScanner.scanJars At least one JAR was scanned for TLDs yet contained no TLDs. Enable debug logging for this logger for a complete list of JARs that were scanned but no TLDs were found in them. Skipping unneeded JARs during scanning can improve startup time and JSP compilation time.
16-Feb-2026 13:12:04.112 INFO [main] org.apache.catalina.startup.HostConfig.deployDirectory Deployment of web application directory [/Users/faatinashahul/Desktop/apache-tomcat-10.1.52/webapps/ROOT] has finished in [46] ms
16-Feb-2026 13:12:04.112 INFO [main] org.apache.catalina.startup.HostConfig.deployDirectory Deploying web application directory [/Users/faatinashahul/Desktop/apache-tomcat-10.1.52/webapps/host-manager]
16-Feb-2026 13:12:04.156 INFO [main] org.apache.jasper.servlet.TldScanner.scanJars At least one JAR was scanned for TLDs yet contained no TLDs. Enable debug logging for this logger for a complete list of JARs that were scanned but no TLDs were found in them. Skipping unneeded JARs during scanning can improve startup time and JSP compilation time.
16-Feb-2026 13:12:04.157 INFO [main] org.apache.catalina.startup.HostConfig.deployDirectory Deployment of web application directory [/Users/faatinashahul/Desktop/apache-tomcat-10.1.52/webapps/host-manager] has finished in [45] ms
16-Feb-2026 13:12:04.158 INFO [main] org.apache.coyote.AbstractProtocol.start Starting ProtocolHandler ["http-nio-8080"]
16-Feb-2026 13:12:04.161 INFO [main] org.apache.catalina.startup.Catalina.start Server startup in [487] milliseconds
16-Feb-2026 13:14:41.709 INFO [main] org.apache.catalina.core.StandardServer.await A valid shutdown command was received via the shutdown port. Stopping the Server instance.
16-Feb-2026 13:14:41.710 INFO [main] org.apache.coyote.AbstractProtocol.pause Pausing ProtocolHandler ["http-nio-8080"]
16-Feb-2026 13:14:41.710 INFO [main] org.apache.catalina.core.StandardService.stopInternal Stopping service [Catalina]
16-Feb-2026 13:14:41.719 INFO [main] org.apache.coyote.AbstractProtocol.stop Stopping ProtocolHandler ["http-nio-8080"]
16-Feb-2026 13:14:41.720 INFO [main] org.apache.coyote.AbstractProtocol.destroy Destroying ProtocolHandler ["http-nio-8080"]
16-Feb-2026 13:14:41.861 INFO [main] org.apache.catalina.startup.VersionLoggerListener.log Server version name:   Apache Tomcat/10.1.52
16-Feb-2026 13:14:41.862 INFO [main] org.apache.catalina.startup.VersionLoggerListener.log Server built:          Jan 23 2026 19:29:07 UTC
16-Feb-2026 13:14:41.862 INFO [main] org.apache.catalina.startup.VersionLoggerListener.log Server version number: 10.1.52.0
16-Feb-2026 13:14:41.862 INFO [main] org.apache.catalina.startup.VersionLoggerListener.log OS Name:               Mac OS X
16-Feb-2026 13:14:41.862 INFO [main] org.apache.catalina.startup.VersionLoggerListener.log OS Version:            26.2
16-Feb-2026 13:14:41.862 INFO [main] org.apache.catalina.startup.VersionLoggerListener.log Architecture:          aarch64
16-Feb-2026 13:14:41.862 INFO [main] org.apache.catalina.startup.VersionLoggerListener.log Java Home:             /opt/homebrew/Cellar/openjdk@17/17.0.18/libexec/openjdk.jdk/Contents/Home
16-Feb-2026 13:14:41.862 INFO [main] org.apache.catalina.startup.VersionLoggerListener.log JVM Version:           17.0.18+0
16-Feb-2026 13:14:41.862 INFO [main] org.apache.catalina.startup.VersionLoggerListener.log JVM Vendor:            Homebrew
16-Feb-2026 13:14:41.862 INFO [main] org.apache.catalina.startup.VersionLoggerListener.log CATALINA_BASE:         /Users/faatinashahul/Desktop/apache-tomcat-10.1.52
16-Feb-2026 13:14:41.862 INFO [main] org.apache.catalina.startup.VersionLoggerListener.log CATALINA_HOME:         /Users/faatinashahul/Desktop/apache-tomcat-10.1.52
16-Feb-2026 13:14:41.866 INFO [main] org.apache.catalina.startup.VersionLoggerListener.log Command line argument: -Djava.util.logging.config.file=/Users/faatinashahul/Desktop/apache-tomcat-10.1.52/conf/logging.properties
16-Feb-2026 13:14:41.866 INFO [main] org.apache.catalina.startup.VersionLoggerListener.log Command line argument: -Djava.util.logging.manager=org.apache.juli.ClassLoaderLogManager
16-Feb-2026 13:14:41.866 INFO [main] org.apache.catalina.startup.VersionLoggerListener.log Command line argument: -Djdk.tls.ephemeralDHKeySize=2048
16-Feb-2026 13:14:41.866 INFO [main] org.apache.catalina.startup.VersionLoggerListener.log Command line argument: -Djava.protocol.handler.pkgs=org.apache.catalina.webresources
16-Feb-2026 13:14:41.866 INFO [main] org.apache.catalina.startup.VersionLoggerListener.log Command line argument: -Dsun.io.useCanonCaches=false
16-Feb-2026 13:14:41.866 INFO [main] org.apache.catalina.startup.VersionLoggerListener.log Command line argument: -Dorg.apache.catalina.security.SecurityListener.UMASK=0027
16-Feb-2026 13:14:41.866 INFO [main] org.apache.catalina.startup.VersionLoggerListener.log Command line argument: --add-opens=java.base/java.lang=ALL-UNNAMED
16-Feb-2026 13:14:41.866 INFO [main] org.apache.catalina.startup.VersionLoggerListener.log Command line argument: --add-opens=java.base/java.lang.reflect=ALL-UNNAMED
16-Feb-2026 13:14:41.866 INFO [main] org.apache.catalina.startup.VersionLoggerListener.log Command line argument: --add-opens=java.base/java.io=ALL-UNNAMED
16-Feb-2026 13:14:41.866 INFO [main] org.apache.catalina.startup.VersionLoggerListener.log Command line argument: --add-opens=java.base/java.util=ALL-UNNAMED
16-Feb-2026 13:14:41.866 INFO [main] org.apache.catalina.startup.VersionLoggerListener.log Command line argument: --add-opens=java.base/java.util.concurrent=ALL-UNNAMED
16-Feb-2026 13:14:41.866 INFO [main] org.apache.catalina.startup.VersionLoggerListener.log Command line argument: --add-opens=java.rmi/sun.rmi.transport=ALL-UNNAMED
16-Feb-2026 13:14:41.866 INFO [main] org.apache.catalina.startup.VersionLoggerListener.log Command line argument: -Dcatalina.base=/Users/faatinashahul/Desktop/apache-tomcat-10.1.52
16-Feb-2026 13:14:41.866 INFO [main] org.apache.catalina.startup.VersionLoggerListener.log Command line argument: -Dcatalina.home=/Users/faatinashahul/Desktop/apache-tomcat-10.1.52
16-Feb-2026 13:14:41.866 INFO [main] org.apache.catalina.startup.VersionLoggerListener.log Command line argument: -Djava.io.tmpdir=/Users/faatinashahul/Desktop/apache-tomcat-10.1.52/temp
16-Feb-2026 13:14:41.869 INFO [main] org.apache.catalina.core.AprLifecycleListener.lifecycleEvent The Apache Tomcat Native library which allows using OpenSSL was not found on the java.library.path: [/Users/faatinashahul/Library/Java/Extensions:/Library/Java/Extensions:/Network/Library/Java/Extensions:/System/Library/Java/Extensions:/usr/lib/java:.]
16-Feb-2026 13:14:41.944 INFO [main] org.apache.coyote.AbstractProtocol.init Initializing ProtocolHandler ["http-nio-8080"]
16-Feb-2026 13:14:41.952 INFO [main] org.apache.catalina.startup.Catalina.load Server initialization in [138] milliseconds
16-Feb-2026 13:14:41.962 INFO [main] org.apache.catalina.core.StandardService.startInternal Starting service [Catalina]
16-Feb-2026 13:14:41.962 INFO [main] org.apache.catalina.core.StandardEngine.startInternal Starting Servlet engine: [Apache Tomcat/10.1.52]
16-Feb-2026 13:14:41.964 INFO [main] org.apache.catalina.startup.HostConfig.deployDirectory Deploying web application directory [/Users/faatinashahul/Desktop/apache-tomcat-10.1.52/webapps/test]
16-Feb-2026 13:14:42.103 INFO [main] org.apache.jasper.servlet.TldScanner.scanJars At least one JAR was scanned for TLDs yet contained no TLDs. Enable debug logging for this logger for a complete list of JARs that were scanned but no TLDs were found in them. Skipping unneeded JARs during scanning can improve startup time and JSP compilation time.
16-Feb-2026 13:14:42.113 INFO [main] org.apache.catalina.startup.HostConfig.deployDirectory Deployment of web application directory [/Users/faatinashahul/Desktop/apache-tomcat-10.1.52/webapps/test] has finished in [149] ms
16-Feb-2026 13:14:42.113 INFO [main] org.apache.catalina.startup.HostConfig.deployDirectory Deploying web application directory [/Users/faatinashahul/Desktop/apache-tomcat-10.1.52/webapps/ip_5]
16-Feb-2026 13:14:42.164 INFO [main] org.apache.jasper.servlet.TldScanner.scanJars At least one JAR was scanned for TLDs yet contained no TLDs. Enable debug logging for this logger for a complete list of JARs that were scanned but no TLDs were found in them. Skipping unneeded JARs during scanning can improve startup time and JSP compilation time.
16-Feb-2026 13:14:42.164 INFO [main] org.apache.catalina.startup.HostConfig.deployDirectory Deployment of web application directory [/Users/faatinashahul/Desktop/apache-tomcat-10.1.52/webapps/ip_5] has finished in [51] ms
16-Feb-2026 13:14:42.164 INFO [main] org.apache.catalina.startup.HostConfig.deployDirectory Deploying web application directory [/Users/faatinashahul/Desktop/apache-tomcat-10.1.52/webapps/docs]
16-Feb-2026 13:14:42.211 INFO [main] org.apache.jasper.servlet.TldScanner.scanJars At least one JAR was scanned for TLDs yet contained no TLDs. Enable debug logging for this logger for a complete list of JARs that were scanned but no TLDs were found in them. Skipping unneeded JARs during scanning can improve startup time and JSP compilation time.
16-Feb-2026 13:14:42.212 INFO [main] org.apache.catalina.startup.HostConfig.deployDirectory Deployment of web application directory [/Users/faatinashahul/Desktop/apache-tomcat-10.1.52/webapps/docs] has finished in [48] ms
16-Feb-2026 13:14:42.212 INFO [main] org.apache.catalina.startup.HostConfig.deployDirectory Deploying web application directory [/Users/faatinashahul/Desktop/apache-tomcat-10.1.52/webapps/manager]
16-Feb-2026 13:14:42.259 INFO [main] org.apache.jasper.servlet.TldScanner.scanJars At least one JAR was scanned for TLDs yet contained no TLDs. Enable debug logging for this logger for a complete list of JARs that were scanned but no TLDs were found in them. Skipping unneeded JARs during scanning can improve startup time and JSP compilation time.
16-Feb-2026 13:14:42.261 INFO [main] org.apache.catalina.startup.HostConfig.deployDirectory Deployment of web application directory [/Users/faatinashahul/Desktop/apache-tomcat-10.1.52/webapps/manager] has finished in [49] ms
16-Feb-2026 13:14:42.261 INFO [main] org.apache.catalina.startup.HostConfig.deployDirectory Deploying web application directory [/Users/faatinashahul/Desktop/apache-tomcat-10.1.52/webapps/examples]
16-Feb-2026 13:14:42.345 INFO [main] org.apache.jasper.servlet.TldScanner.scanJars At least one JAR was scanned for TLDs yet contained no TLDs. Enable debug logging for this logger for a complete list of JARs that were scanned but no TLDs were found in them. Skipping unneeded JARs during scanning can improve startup time and JSP compilation time.
16-Feb-2026 13:14:42.350 INFO [main] org.apache.catalina.startup.HostConfig.deployDirectory Deployment of web application directory [/Users/faatinashahul/Desktop/apache-tomcat-10.1.52/webapps/examples] has finished in [89] ms
16-Feb-2026 13:14:42.350 INFO [main] org.apache.catalina.startup.HostConfig.deployDirectory Deploying web application directory [/Users/faatinashahul/Desktop/apache-tomcat-10.1.52/webapps/ROOT]
16-Feb-2026 13:14:42.391 INFO [main] org.apache.jasper.servlet.TldScanner.scanJars At least one JAR was scanned for TLDs yet contained no TLDs. Enable debug logging for this logger for a complete list of JARs that were scanned but no TLDs were found in them. Skipping unneeded JARs during scanning can improve startup time and JSP compilation time.
16-Feb-2026 13:14:42.392 INFO [main] org.apache.catalina.startup.HostConfig.deployDirectory Deployment of web application directory [/Users/faatinashahul/Desktop/apache-tomcat-10.1.52/webapps/ROOT] has finished in [42] ms
16-Feb-2026 13:14:42.392 INFO [main] org.apache.catalina.startup.HostConfig.deployDirectory Deploying web application directory [/Users/faatinashahul/Desktop/apache-tomcat-10.1.52/webapps/host-manager]
16-Feb-2026 13:14:42.434 INFO [main] org.apache.jasper.servlet.TldScanner.scanJars At least one JAR was scanned for TLDs yet contained no TLDs. Enable debug logging for this logger for a complete list of JARs that were scanned but no TLDs were found in them. Skipping unneeded JARs during scanning can improve startup time and JSP compilation time.
16-Feb-2026 13:14:42.435 INFO [main] org.apache.catalina.startup.HostConfig.deployDirectory Deployment of web application directory [/Users/faatinashahul/Desktop/apache-tomcat-10.1.52/webapps/host-manager] has finished in [43] ms
16-Feb-2026 13:14:42.436 INFO [main] org.apache.coyote.AbstractProtocol.start Starting ProtocolHandler ["http-nio-8080"]
16-Feb-2026 13:14:42.439 INFO [main] org.apache.catalina.startup.Catalina.start Server startup in [487] milliseconds
16-Feb-2026 13:37:03.283 INFO [Catalina-utility-2] org.apache.catalina.startup.HostConfig.deployDirectory Deploying web application directory [/Users/faatinashahul/Desktop/apache-tomcat-10.1.52/webapps/student]
16-Feb-2026 13:37:03.369 INFO [Catalina-utility-2] org.apache.jasper.servlet.TldScanner.scanJars At least one JAR was scanned for TLDs yet contained no TLDs. Enable debug logging for this logger for a complete list of JARs that were scanned but no TLDs were found in them. Skipping unneeded JARs during scanning can improve startup time and JSP compilation time.
16-Feb-2026 13:37:03.370 INFO [Catalina-utility-2] org.apache.catalina.startup.HostConfig.deployDirectory Deployment of web application directory [/Users/faatinashahul/Desktop/apache-tomcat-10.1.52/webapps/student] has finished in [88] ms
