20-Feb-2026 17:34:12.709 INFO [main] org.apache.catalina.core.StandardServer.await A valid shutdown command was received via the shutdown port. Stopping the Server instance.
20-Feb-2026 17:34:12.711 INFO [main] org.apache.coyote.AbstractProtocol.pause Pausing ProtocolHandler ["http-nio-8080"]
20-Feb-2026 17:34:12.712 INFO [main] org.apache.catalina.core.StandardService.stopInternal Stopping service [Catalina]
20-Feb-2026 17:34:12.727 INFO [main] org.apache.coyote.AbstractProtocol.stop Stopping ProtocolHandler ["http-nio-8080"]
20-Feb-2026 17:34:12.737 INFO [main] org.apache.coyote.AbstractProtocol.destroy Destroying ProtocolHandler ["http-nio-8080"]
20-Feb-2026 17:34:13.007 INFO [main] org.apache.catalina.startup.VersionLoggerListener.log Server version name:   Apache Tomcat/10.1.52
20-Feb-2026 17:34:13.008 INFO [main] org.apache.catalina.startup.VersionLoggerListener.log Server built:          Jan 23 2026 19:29:07 UTC
20-Feb-2026 17:34:13.008 INFO [main] org.apache.catalina.startup.VersionLoggerListener.log Server version number: 10.1.52.0
20-Feb-2026 17:34:13.009 INFO [main] org.apache.catalina.startup.VersionLoggerListener.log OS Name:               Mac OS X
20-Feb-2026 17:34:13.009 INFO [main] org.apache.catalina.startup.VersionLoggerListener.log OS Version:            26.2
20-Feb-2026 17:34:13.009 INFO [main] org.apache.catalina.startup.VersionLoggerListener.log Architecture:          aarch64
20-Feb-2026 17:34:13.009 INFO [main] org.apache.catalina.startup.VersionLoggerListener.log Java Home:             /opt/homebrew/Cellar/openjdk@17/17.0.18/libexec/openjdk.jdk/Contents/Home
20-Feb-2026 17:34:13.009 INFO [main] org.apache.catalina.startup.VersionLoggerListener.log JVM Version:           17.0.18+0
20-Feb-2026 17:34:13.009 INFO [main] org.apache.catalina.startup.VersionLoggerListener.log JVM Vendor:            Homebrew
20-Feb-2026 17:34:13.009 INFO [main] org.apache.catalina.startup.VersionLoggerListener.log CATALINA_BASE:         /Users/faatinashahul/Desktop/apache-tomcat-10.1.52
20-Feb-2026 17:34:13.009 INFO [main] org.apache.catalina.startup.VersionLoggerListener.log CATALINA_HOME:         /Users/faatinashahul/Desktop/apache-tomcat-10.1.52
20-Feb-2026 17:34:13.034 INFO [main] org.apache.catalina.startup.VersionLoggerListener.log Command line argument: -Djava.util.logging.config.file=/Users/faatinashahul/Desktop/apache-tomcat-10.1.52/conf/logging.properties
20-Feb-2026 17:34:13.034 INFO [main] org.apache.catalina.startup.VersionLoggerListener.log Command line argument: -Djava.util.logging.manager=org.apache.juli.ClassLoaderLogManager
20-Feb-2026 17:34:13.034 INFO [main] org.apache.catalina.startup.VersionLoggerListener.log Command line argument: -Djdk.tls.ephemeralDHKeySize=2048
20-Feb-2026 17:34:13.034 INFO [main] org.apache.catalina.startup.VersionLoggerListener.log Command line argument: -Djava.protocol.handler.pkgs=org.apache.catalina.webresources
20-Feb-2026 17:34:13.034 INFO [main] org.apache.catalina.startup.VersionLoggerListener.log Command line argument: -Dsun.io.useCanonCaches=false
20-Feb-2026 17:34:13.034 INFO [main] org.apache.catalina.startup.VersionLoggerListener.log Command line argument: -Dorg.apache.catalina.security.SecurityListener.UMASK=0027
20-Feb-2026 17:34:13.034 INFO [main] org.apache.catalina.startup.VersionLoggerListener.log Command line argument: --add-opens=java.base/java.lang=ALL-UNNAMED
20-Feb-2026 17:34:13.034 INFO [main] org.apache.catalina.startup.VersionLoggerListener.log Command line argument: --add-opens=java.base/java.lang.reflect=ALL-UNNAMED
20-Feb-2026 17:34:13.034 INFO [main] org.apache.catalina.startup.VersionLoggerListener.log Command line argument: --add-opens=java.base/java.io=ALL-UNNAMED
20-Feb-2026 17:34:13.034 INFO [main] org.apache.catalina.startup.VersionLoggerListener.log Command line argument: --add-opens=java.base/java.util=ALL-UNNAMED
20-Feb-2026 17:34:13.034 INFO [main] org.apache.catalina.startup.VersionLoggerListener.log Command line argument: --add-opens=java.base/java.util.concurrent=ALL-UNNAMED
20-Feb-2026 17:34:13.034 INFO [main] org.apache.catalina.startup.VersionLoggerListener.log Command line argument: --add-opens=java.rmi/sun.rmi.transport=ALL-UNNAMED
20-Feb-2026 17:34:13.034 INFO [main] org.apache.catalina.startup.VersionLoggerListener.log Command line argument: -Dcatalina.base=/Users/faatinashahul/Desktop/apache-tomcat-10.1.52
20-Feb-2026 17:34:13.034 INFO [main] org.apache.catalina.startup.VersionLoggerListener.log Command line argument: -Dcatalina.home=/Users/faatinashahul/Desktop/apache-tomcat-10.1.52
20-Feb-2026 17:34:13.034 INFO [main] org.apache.catalina.startup.VersionLoggerListener.log Command line argument: -Djava.io.tmpdir=/Users/faatinashahul/Desktop/apache-tomcat-10.1.52/temp
20-Feb-2026 17:34:13.038 INFO [main] org.apache.catalina.core.AprLifecycleListener.lifecycleEvent The Apache Tomcat Native library which allows using OpenSSL was not found on the java.library.path: [/Users/faatinashahul/Library/Java/Extensions:/Library/Java/Extensions:/Network/Library/Java/Extensions:/System/Library/Java/Extensions:/usr/lib/java:.]
20-Feb-2026 17:34:13.115 INFO [main] org.apache.coyote.AbstractProtocol.init Initializing ProtocolHandler ["http-nio-8080"]
20-Feb-2026 17:34:13.123 INFO [main] org.apache.catalina.startup.Catalina.load Server initialization in [167] milliseconds
20-Feb-2026 17:34:13.135 INFO [main] org.apache.catalina.core.StandardService.startInternal Starting service [Catalina]
20-Feb-2026 17:34:13.135 INFO [main] org.apache.catalina.core.StandardEngine.startInternal Starting Servlet engine: [Apache Tomcat/10.1.52]
20-Feb-2026 17:34:13.138 INFO [main] org.apache.catalina.startup.HostConfig.deployDirectory Deploying web application directory [/Users/faatinashahul/Desktop/apache-tomcat-10.1.52/webapps/test]
20-Feb-2026 17:34:13.283 INFO [main] org.apache.jasper.servlet.TldScanner.scanJars At least one JAR was scanned for TLDs yet contained no TLDs. Enable debug logging for this logger for a complete list of JARs that were scanned but no TLDs were found in them. Skipping unneeded JARs during scanning can improve startup time and JSP compilation time.
20-Feb-2026 17:34:13.294 INFO [main] org.apache.catalina.startup.HostConfig.deployDirectory Deployment of web application directory [/Users/faatinashahul/Desktop/apache-tomcat-10.1.52/webapps/test] has finished in [156] ms
20-Feb-2026 17:34:13.294 INFO [main] org.apache.catalina.startup.HostConfig.deployDirectory Deploying web application directory [/Users/faatinashahul/Desktop/apache-tomcat-10.1.52/webapps/student]
20-Feb-2026 17:34:13.342 INFO [main] org.apache.jasper.servlet.TldScanner.scanJars At least one JAR was scanned for TLDs yet contained no TLDs. Enable debug logging for this logger for a complete list of JARs that were scanned but no TLDs were found in them. Skipping unneeded JARs during scanning can improve startup time and JSP compilation time.
20-Feb-2026 17:34:13.343 INFO [main] org.apache.catalina.startup.HostConfig.deployDirectory Deployment of web application directory [/Users/faatinashahul/Desktop/apache-tomcat-10.1.52/webapps/student] has finished in [49] ms
20-Feb-2026 17:34:13.343 INFO [main] org.apache.catalina.startup.HostConfig.deployDirectory Deploying web application directory [/Users/faatinashahul/Desktop/apache-tomcat-10.1.52/webapps/ip_5]
20-Feb-2026 17:34:13.389 INFO [main] org.apache.jasper.servlet.TldScanner.scanJars At least one JAR was scanned for TLDs yet contained no TLDs. Enable debug logging for this logger for a complete list of JARs that were scanned but no TLDs were found in them. Skipping unneeded JARs during scanning can improve startup time and JSP compilation time.
20-Feb-2026 17:34:13.390 INFO [main] org.apache.catalina.startup.HostConfig.deployDirectory Deployment of web application directory [/Users/faatinashahul/Desktop/apache-tomcat-10.1.52/webapps/ip_5] has finished in [47] ms
20-Feb-2026 17:34:13.390 INFO [main] org.apache.catalina.startup.HostConfig.deployDirectory Deploying web application directory [/Users/faatinashahul/Desktop/apache-tomcat-10.1.52/webapps/docs]
20-Feb-2026 17:34:13.435 INFO [main] org.apache.jasper.servlet.TldScanner.scanJars At least one JAR was scanned for TLDs yet contained no TLDs. Enable debug logging for this logger for a complete list of JARs that were scanned but no TLDs were found in them. Skipping unneeded JARs during scanning can improve startup time and JSP compilation time.
20-Feb-2026 17:34:13.436 INFO [main] org.apache.catalina.startup.HostConfig.deployDirectory Deployment of web application directory [/Users/faatinashahul/Desktop/apache-tomcat-10.1.52/webapps/docs] has finished in [46] ms
20-Feb-2026 17:34:13.436 INFO [main] org.apache.catalina.startup.HostConfig.deployDirectory Deploying web application directory [/Users/faatinashahul/Desktop/apache-tomcat-10.1.52/webapps/manager]
20-Feb-2026 17:34:13.480 INFO [main] org.apache.jasper.servlet.TldScanner.scanJars At least one JAR was scanned for TLDs yet contained no TLDs. Enable debug logging for this logger for a complete list of JARs that were scanned but no TLDs were found in them. Skipping unneeded JARs during scanning can improve startup time and JSP compilation time.
20-Feb-2026 17:34:13.482 INFO [main] org.apache.catalina.startup.HostConfig.deployDirectory Deployment of web application directory [/Users/faatinashahul/Desktop/apache-tomcat-10.1.52/webapps/manager] has finished in [46] ms
20-Feb-2026 17:34:13.482 INFO [main] org.apache.catalina.startup.HostConfig.deployDirectory Deploying web application directory [/Users/faatinashahul/Desktop/apache-tomcat-10.1.52/webapps/examples]
20-Feb-2026 17:34:13.567 INFO [main] org.apache.jasper.servlet.TldScanner.scanJars At least one JAR was scanned for TLDs yet contained no TLDs. Enable debug logging for this logger for a complete list of JARs that were scanned but no TLDs were found in them. Skipping unneeded JARs during scanning can improve startup time and JSP compilation time.
20-Feb-2026 17:34:13.572 INFO [main] org.apache.catalina.startup.HostConfig.deployDirectory Deployment of web application directory [/Users/faatinashahul/Desktop/apache-tomcat-10.1.52/webapps/examples] has finished in [90] ms
20-Feb-2026 17:34:13.572 INFO [main] org.apache.catalina.startup.HostConfig.deployDirectory Deploying web application directory [/Users/faatinashahul/Desktop/apache-tomcat-10.1.52/webapps/ROOT]
20-Feb-2026 17:34:13.613 INFO [main] org.apache.jasper.servlet.TldScanner.scanJars At least one JAR was scanned for TLDs yet contained no TLDs. Enable debug logging for this logger for a complete list of JARs that were scanned but no TLDs were found in them. Skipping unneeded JARs during scanning can improve startup time and JSP compilation time.
20-Feb-2026 17:34:13.613 INFO [main] org.apache.catalina.startup.HostConfig.deployDirectory Deployment of web application directory [/Users/faatinashahul/Desktop/apache-tomcat-10.1.52/webapps/ROOT] has finished in [41] ms
20-Feb-2026 17:34:13.613 INFO [main] org.apache.catalina.startup.HostConfig.deployDirectory Deploying web application directory [/Users/faatinashahul/Desktop/apache-tomcat-10.1.52/webapps/host-manager]
20-Feb-2026 17:34:13.656 INFO [main] org.apache.jasper.servlet.TldScanner.scanJars At least one JAR was scanned for TLDs yet contained no TLDs. Enable debug logging for this logger for a complete list of JARs that were scanned but no TLDs were found in them. Skipping unneeded JARs during scanning can improve startup time and JSP compilation time.
20-Feb-2026 17:34:13.656 INFO [main] org.apache.catalina.startup.HostConfig.deployDirectory Deployment of web application directory [/Users/faatinashahul/Desktop/apache-tomcat-10.1.52/webapps/host-manager] has finished in [43] ms
20-Feb-2026 17:34:13.658 INFO [main] org.apache.coyote.AbstractProtocol.start Starting ProtocolHandler ["http-nio-8080"]
20-Feb-2026 17:34:13.661 INFO [main] org.apache.catalina.startup.Catalina.start Server startup in [537] milliseconds
20-Feb-2026 17:47:52.459 INFO [main] org.apache.catalina.core.StandardServer.await A valid shutdown command was received via the shutdown port. Stopping the Server instance.
20-Feb-2026 17:47:52.459 INFO [main] org.apache.coyote.AbstractProtocol.pause Pausing ProtocolHandler ["http-nio-8080"]
20-Feb-2026 17:47:52.461 INFO [main] org.apache.catalina.core.StandardService.stopInternal Stopping service [Catalina]
20-Feb-2026 17:47:52.471 INFO [main] org.apache.coyote.AbstractProtocol.stop Stopping ProtocolHandler ["http-nio-8080"]
20-Feb-2026 17:47:52.473 INFO [main] org.apache.coyote.AbstractProtocol.destroy Destroying ProtocolHandler ["http-nio-8080"]
20-Feb-2026 17:48:06.304 INFO [main] org.apache.catalina.startup.VersionLoggerListener.log Server version name:   Apache Tomcat/10.1.52
20-Feb-2026 17:48:06.306 INFO [main] org.apache.catalina.startup.VersionLoggerListener.log Server built:          Jan 23 2026 19:29:07 UTC
20-Feb-2026 17:48:06.306 INFO [main] org.apache.catalina.startup.VersionLoggerListener.log Server version number: 10.1.52.0
20-Feb-2026 17:48:06.306 INFO [main] org.apache.catalina.startup.VersionLoggerListener.log OS Name:               Mac OS X
20-Feb-2026 17:48:06.306 INFO [main] org.apache.catalina.startup.VersionLoggerListener.log OS Version:            26.2
20-Feb-2026 17:48:06.306 INFO [main] org.apache.catalina.startup.VersionLoggerListener.log Architecture:          aarch64
20-Feb-2026 17:48:06.306 INFO [main] org.apache.catalina.startup.VersionLoggerListener.log Java Home:             /opt/homebrew/Cellar/openjdk@17/17.0.18/libexec/openjdk.jdk/Contents/Home
20-Feb-2026 17:48:06.306 INFO [main] org.apache.catalina.startup.VersionLoggerListener.log JVM Version:           17.0.18+0
20-Feb-2026 17:48:06.306 INFO [main] org.apache.catalina.startup.VersionLoggerListener.log JVM Vendor:            Homebrew
20-Feb-2026 17:48:06.306 INFO [main] org.apache.catalina.startup.VersionLoggerListener.log CATALINA_BASE:         /Users/faatinashahul/Desktop/apache-tomcat-10.1.52
20-Feb-2026 17:48:06.306 INFO [main] org.apache.catalina.startup.VersionLoggerListener.log CATALINA_HOME:         /Users/faatinashahul/Desktop/apache-tomcat-10.1.52
20-Feb-2026 17:48:06.309 INFO [main] org.apache.catalina.startup.VersionLoggerListener.log Command line argument: -Djava.util.logging.config.file=/Users/faatinashahul/Desktop/apache-tomcat-10.1.52/conf/logging.properties
20-Feb-2026 17:48:06.309 INFO [main] org.apache.catalina.startup.VersionLoggerListener.log Command line argument: -Djava.util.logging.manager=org.apache.juli.ClassLoaderLogManager
20-Feb-2026 17:48:06.309 INFO [main] org.apache.catalina.startup.VersionLoggerListener.log Command line argument: -Djdk.tls.ephemeralDHKeySize=2048
20-Feb-2026 17:48:06.309 INFO [main] org.apache.catalina.startup.VersionLoggerListener.log Command line argument: -Djava.protocol.handler.pkgs=org.apache.catalina.webresources
20-Feb-2026 17:48:06.309 INFO [main] org.apache.catalina.startup.VersionLoggerListener.log Command line argument: -Dsun.io.useCanonCaches=false
20-Feb-2026 17:48:06.309 INFO [main] org.apache.catalina.startup.VersionLoggerListener.log Command line argument: -Dorg.apache.catalina.security.SecurityListener.UMASK=0027
20-Feb-2026 17:48:06.310 INFO [main] org.apache.catalina.startup.VersionLoggerListener.log Command line argument: --add-opens=java.base/java.lang=ALL-UNNAMED
20-Feb-2026 17:48:06.310 INFO [main] org.apache.catalina.startup.VersionLoggerListener.log Command line argument: --add-opens=java.base/java.lang.reflect=ALL-UNNAMED
20-Feb-2026 17:48:06.310 INFO [main] org.apache.catalina.startup.VersionLoggerListener.log Command line argument: --add-opens=java.base/java.io=ALL-UNNAMED
20-Feb-2026 17:48:06.310 INFO [main] org.apache.catalina.startup.VersionLoggerListener.log Command line argument: --add-opens=java.base/java.util=ALL-UNNAMED
20-Feb-2026 17:48:06.310 INFO [main] org.apache.catalina.startup.VersionLoggerListener.log Command line argument: --add-opens=java.base/java.util.concurrent=ALL-UNNAMED
20-Feb-2026 17:48:06.310 INFO [main] org.apache.catalina.startup.VersionLoggerListener.log Command line argument: --add-opens=java.rmi/sun.rmi.transport=ALL-UNNAMED
20-Feb-2026 17:48:06.310 INFO [main] org.apache.catalina.startup.VersionLoggerListener.log Command line argument: -Dcatalina.base=/Users/faatinashahul/Desktop/apache-tomcat-10.1.52
20-Feb-2026 17:48:06.310 INFO [main] org.apache.catalina.startup.VersionLoggerListener.log Command line argument: -Dcatalina.home=/Users/faatinashahul/Desktop/apache-tomcat-10.1.52
20-Feb-2026 17:48:06.310 INFO [main] org.apache.catalina.startup.VersionLoggerListener.log Command line argument: -Djava.io.tmpdir=/Users/faatinashahul/Desktop/apache-tomcat-10.1.52/temp
20-Feb-2026 17:48:06.313 INFO [main] org.apache.catalina.core.AprLifecycleListener.lifecycleEvent The Apache Tomcat Native library which allows using OpenSSL was not found on the java.library.path: [/Users/faatinashahul/Library/Java/Extensions:/Library/Java/Extensions:/Network/Library/Java/Extensions:/System/Library/Java/Extensions:/usr/lib/java:.]
20-Feb-2026 17:48:06.385 INFO [main] org.apache.coyote.AbstractProtocol.init Initializing ProtocolHandler ["http-nio-8080"]
20-Feb-2026 17:48:06.393 INFO [main] org.apache.catalina.startup.Catalina.load Server initialization in [139] milliseconds
20-Feb-2026 17:48:06.403 INFO [main] org.apache.catalina.core.StandardService.startInternal Starting service [Catalina]
20-Feb-2026 17:48:06.403 INFO [main] org.apache.catalina.core.StandardEngine.startInternal Starting Servlet engine: [Apache Tomcat/10.1.52]
20-Feb-2026 17:48:06.406 INFO [main] org.apache.catalina.startup.HostConfig.deployDirectory Deploying web application directory [/Users/faatinashahul/Desktop/apache-tomcat-10.1.52/webapps/test]
20-Feb-2026 17:48:06.545 INFO [main] org.apache.jasper.servlet.TldScanner.scanJars At least one JAR was scanned for TLDs yet contained no TLDs. Enable debug logging for this logger for a complete list of JARs that were scanned but no TLDs were found in them. Skipping unneeded JARs during scanning can improve startup time and JSP compilation time.
20-Feb-2026 17:48:06.555 INFO [main] org.apache.catalina.startup.HostConfig.deployDirectory Deployment of web application directory [/Users/faatinashahul/Desktop/apache-tomcat-10.1.52/webapps/test] has finished in [149] ms
20-Feb-2026 17:48:06.556 INFO [main] org.apache.catalina.startup.HostConfig.deployDirectory Deploying web application directory [/Users/faatinashahul/Desktop/apache-tomcat-10.1.52/webapps/student]
20-Feb-2026 17:48:06.606 INFO [main] org.apache.jasper.servlet.TldScanner.scanJars At least one JAR was scanned for TLDs yet contained no TLDs. Enable debug logging for this logger for a complete list of JARs that were scanned but no TLDs were found in them. Skipping unneeded JARs during scanning can improve startup time and JSP compilation time.
20-Feb-2026 17:48:06.607 INFO [main] org.apache.catalina.startup.HostConfig.deployDirectory Deployment of web application directory [/Users/faatinashahul/Desktop/apache-tomcat-10.1.52/webapps/student] has finished in [51] ms
20-Feb-2026 17:48:06.607 INFO [main] org.apache.catalina.startup.HostConfig.deployDirectory Deploying web application directory [/Users/faatinashahul/Desktop/apache-tomcat-10.1.52/webapps/ip_5]
20-Feb-2026 17:48:06.658 INFO [main] org.apache.jasper.servlet.TldScanner.scanJars At least one JAR was scanned for TLDs yet contained no TLDs. Enable debug logging for this logger for a complete list of JARs that were scanned but no TLDs were found in them. Skipping unneeded JARs during scanning can improve startup time and JSP compilation time.
20-Feb-2026 17:48:06.659 INFO [main] org.apache.catalina.startup.HostConfig.deployDirectory Deployment of web application directory [/Users/faatinashahul/Desktop/apache-tomcat-10.1.52/webapps/ip_5] has finished in [52] ms
20-Feb-2026 17:48:06.659 INFO [main] org.apache.catalina.startup.HostConfig.deployDirectory Deploying web application directory [/Users/faatinashahul/Desktop/apache-tomcat-10.1.52/webapps/docs]
20-Feb-2026 17:48:06.710 INFO [main] org.apache.jasper.servlet.TldScanner.scanJars At least one JAR was scanned for TLDs yet contained no TLDs. Enable debug logging for this logger for a complete list of JARs that were scanned but no TLDs were found in them. Skipping unneeded JARs during scanning can improve startup time and JSP compilation time.
20-Feb-2026 17:48:06.711 INFO [main] org.apache.catalina.startup.HostConfig.deployDirectory Deployment of web application directory [/Users/faatinashahul/Desktop/apache-tomcat-10.1.52/webapps/docs] has finished in [52] ms
20-Feb-2026 17:48:06.711 INFO [main] org.apache.catalina.startup.HostConfig.deployDirectory Deploying web application directory [/Users/faatinashahul/Desktop/apache-tomcat-10.1.52/webapps/manager]
20-Feb-2026 17:48:06.755 INFO [main] org.apache.jasper.servlet.TldScanner.scanJars At least one JAR was scanned for TLDs yet contained no TLDs. Enable debug logging for this logger for a complete list of JARs that were scanned but no TLDs were found in them. Skipping unneeded JARs during scanning can improve startup time and JSP compilation time.
20-Feb-2026 17:48:06.757 INFO [main] org.apache.catalina.startup.HostConfig.deployDirectory Deployment of web application directory [/Users/faatinashahul/Desktop/apache-tomcat-10.1.52/webapps/manager] has finished in [46] ms
20-Feb-2026 17:48:06.757 INFO [main] org.apache.catalina.startup.HostConfig.deployDirectory Deploying web application directory [/Users/faatinashahul/Desktop/apache-tomcat-10.1.52/webapps/examples]
20-Feb-2026 17:48:06.847 INFO [main] org.apache.jasper.servlet.TldScanner.scanJars At least one JAR was scanned for TLDs yet contained no TLDs. Enable debug logging for this logger for a complete list of JARs that were scanned but no TLDs were found in them. Skipping unneeded JARs during scanning can improve startup time and JSP compilation time.
20-Feb-2026 17:48:06.852 INFO [main] org.apache.catalina.startup.HostConfig.deployDirectory Deployment of web application directory [/Users/faatinashahul/Desktop/apache-tomcat-10.1.52/webapps/examples] has finished in [95] ms
20-Feb-2026 17:48:06.852 INFO [main] org.apache.catalina.startup.HostConfig.deployDirectory Deploying web application directory [/Users/faatinashahul/Desktop/apache-tomcat-10.1.52/webapps/ROOT]
20-Feb-2026 17:48:06.894 INFO [main] org.apache.jasper.servlet.TldScanner.scanJars At least one JAR was scanned for TLDs yet contained no TLDs. Enable debug logging for this logger for a complete list of JARs that were scanned but no TLDs were found in them. Skipping unneeded JARs during scanning can improve startup time and JSP compilation time.
20-Feb-2026 17:48:06.894 INFO [main] org.apache.catalina.startup.HostConfig.deployDirectory Deployment of web application directory [/Users/faatinashahul/Desktop/apache-tomcat-10.1.52/webapps/ROOT] has finished in [42] ms
20-Feb-2026 17:48:06.894 INFO [main] org.apache.catalina.startup.HostConfig.deployDirectory Deploying web application directory [/Users/faatinashahul/Desktop/apache-tomcat-10.1.52/webapps/host-manager]
20-Feb-2026 17:48:06.939 INFO [main] org.apache.jasper.servlet.TldScanner.scanJars At least one JAR was scanned for TLDs yet contained no TLDs. Enable debug logging for this logger for a complete list of JARs that were scanned but no TLDs were found in them. Skipping unneeded JARs during scanning can improve startup time and JSP compilation time.
20-Feb-2026 17:48:06.940 INFO [main] org.apache.catalina.startup.HostConfig.deployDirectory Deployment of web application directory [/Users/faatinashahul/Desktop/apache-tomcat-10.1.52/webapps/host-manager] has finished in [46] ms
20-Feb-2026 17:48:06.941 INFO [main] org.apache.coyote.AbstractProtocol.start Starting ProtocolHandler ["http-nio-8080"]
20-Feb-2026 17:48:06.944 INFO [main] org.apache.catalina.startup.Catalina.start Server startup in [551] milliseconds
20-Feb-2026 17:55:37.578 INFO [main] org.apache.catalina.core.StandardServer.await A valid shutdown command was received via the shutdown port. Stopping the Server instance.
20-Feb-2026 17:55:37.579 INFO [main] org.apache.coyote.AbstractProtocol.pause Pausing ProtocolHandler ["http-nio-8080"]
20-Feb-2026 17:55:37.580 INFO [main] org.apache.catalina.core.StandardService.stopInternal Stopping service [Catalina]
20-Feb-2026 17:55:37.590 INFO [main] org.apache.coyote.AbstractProtocol.stop Stopping ProtocolHandler ["http-nio-8080"]
20-Feb-2026 17:55:37.593 INFO [main] org.apache.coyote.AbstractProtocol.destroy Destroying ProtocolHandler ["http-nio-8080"]
20-Feb-2026 17:55:37.728 INFO [main] org.apache.catalina.startup.VersionLoggerListener.log Server version name:   Apache Tomcat/10.1.52
20-Feb-2026 17:55:37.729 INFO [main] org.apache.catalina.startup.VersionLoggerListener.log Server built:          Jan 23 2026 19:29:07 UTC
20-Feb-2026 17:55:37.729 INFO [main] org.apache.catalina.startup.VersionLoggerListener.log Server version number: 10.1.52.0
20-Feb-2026 17:55:37.729 INFO [main] org.apache.catalina.startup.VersionLoggerListener.log OS Name:               Mac OS X
20-Feb-2026 17:55:37.730 INFO [main] org.apache.catalina.startup.VersionLoggerListener.log OS Version:            26.2
20-Feb-2026 17:55:37.730 INFO [main] org.apache.catalina.startup.VersionLoggerListener.log Architecture:          aarch64
20-Feb-2026 17:55:37.730 INFO [main] org.apache.catalina.startup.VersionLoggerListener.log Java Home:             /opt/homebrew/Cellar/openjdk@17/17.0.18/libexec/openjdk.jdk/Contents/Home
20-Feb-2026 17:55:37.730 INFO [main] org.apache.catalina.startup.VersionLoggerListener.log JVM Version:           17.0.18+0
20-Feb-2026 17:55:37.730 INFO [main] org.apache.catalina.startup.VersionLoggerListener.log JVM Vendor:            Homebrew
20-Feb-2026 17:55:37.730 INFO [main] org.apache.catalina.startup.VersionLoggerListener.log CATALINA_BASE:         /Users/faatinashahul/Desktop/apache-tomcat-10.1.52
20-Feb-2026 17:55:37.730 INFO [main] org.apache.catalina.startup.VersionLoggerListener.log CATALINA_HOME:         /Users/faatinashahul/Desktop/apache-tomcat-10.1.52
20-Feb-2026 17:55:37.733 INFO [main] org.apache.catalina.startup.VersionLoggerListener.log Command line argument: -Djava.util.logging.config.file=/Users/faatinashahul/Desktop/apache-tomcat-10.1.52/conf/logging.properties
20-Feb-2026 17:55:37.733 INFO [main] org.apache.catalina.startup.VersionLoggerListener.log Command line argument: -Djava.util.logging.manager=org.apache.juli.ClassLoaderLogManager
20-Feb-2026 17:55:37.733 INFO [main] org.apache.catalina.startup.VersionLoggerListener.log Command line argument: -Djdk.tls.ephemeralDHKeySize=2048
20-Feb-2026 17:55:37.733 INFO [main] org.apache.catalina.startup.VersionLoggerListener.log Command line argument: -Djava.protocol.handler.pkgs=org.apache.catalina.webresources
20-Feb-2026 17:55:37.733 INFO [main] org.apache.catalina.startup.VersionLoggerListener.log Command line argument: -Dsun.io.useCanonCaches=false
20-Feb-2026 17:55:37.733 INFO [main] org.apache.catalina.startup.VersionLoggerListener.log Command line argument: -Dorg.apache.catalina.security.SecurityListener.UMASK=0027
20-Feb-2026 17:55:37.733 INFO [main] org.apache.catalina.startup.VersionLoggerListener.log Command line argument: --add-opens=java.base/java.lang=ALL-UNNAMED
20-Feb-2026 17:55:37.733 INFO [main] org.apache.catalina.startup.VersionLoggerListener.log Command line argument: --add-opens=java.base/java.lang.reflect=ALL-UNNAMED
20-Feb-2026 17:55:37.733 INFO [main] org.apache.catalina.startup.VersionLoggerListener.log Command line argument: --add-opens=java.base/java.io=ALL-UNNAMED
20-Feb-2026 17:55:37.733 INFO [main] org.apache.catalina.startup.VersionLoggerListener.log Command line argument: --add-opens=java.base/java.util=ALL-UNNAMED
20-Feb-2026 17:55:37.733 INFO [main] org.apache.catalina.startup.VersionLoggerListener.log Command line argument: --add-opens=java.base/java.util.concurrent=ALL-UNNAMED
20-Feb-2026 17:55:37.733 INFO [main] org.apache.catalina.startup.VersionLoggerListener.log Command line argument: --add-opens=java.rmi/sun.rmi.transport=ALL-UNNAMED
20-Feb-2026 17:55:37.733 INFO [main] org.apache.catalina.startup.VersionLoggerListener.log Command line argument: -Dcatalina.base=/Users/faatinashahul/Desktop/apache-tomcat-10.1.52
20-Feb-2026 17:55:37.733 INFO [main] org.apache.catalina.startup.VersionLoggerListener.log Command line argument: -Dcatalina.home=/Users/faatinashahul/Desktop/apache-tomcat-10.1.52
20-Feb-2026 17:55:37.733 INFO [main] org.apache.catalina.startup.VersionLoggerListener.log Command line argument: -Djava.io.tmpdir=/Users/faatinashahul/Desktop/apache-tomcat-10.1.52/temp
20-Feb-2026 17:55:37.737 INFO [main] org.apache.catalina.core.AprLifecycleListener.lifecycleEvent The Apache Tomcat Native library which allows using OpenSSL was not found on the java.library.path: [/Users/faatinashahul/Library/Java/Extensions:/Library/Java/Extensions:/Network/Library/Java/Extensions:/System/Library/Java/Extensions:/usr/lib/java:.]
20-Feb-2026 17:55:37.808 INFO [main] org.apache.coyote.AbstractProtocol.init Initializing ProtocolHandler ["http-nio-8080"]
20-Feb-2026 17:55:37.816 INFO [main] org.apache.catalina.startup.Catalina.load Server initialization in [135] milliseconds
20-Feb-2026 17:55:37.826 INFO [main] org.apache.catalina.core.StandardService.startInternal Starting service [Catalina]
20-Feb-2026 17:55:37.826 INFO [main] org.apache.catalina.core.StandardEngine.startInternal Starting Servlet engine: [Apache Tomcat/10.1.52]
20-Feb-2026 17:55:37.828 INFO [main] org.apache.catalina.startup.HostConfig.deployDirectory Deploying web application directory [/Users/faatinashahul/Desktop/apache-tomcat-10.1.52/webapps/test]
20-Feb-2026 17:55:37.965 INFO [main] org.apache.jasper.servlet.TldScanner.scanJars At least one JAR was scanned for TLDs yet contained no TLDs. Enable debug logging for this logger for a complete list of JARs that were scanned but no TLDs were found in them. Skipping unneeded JARs during scanning can improve startup time and JSP compilation time.
20-Feb-2026 17:55:37.975 INFO [main] org.apache.catalina.startup.HostConfig.deployDirectory Deployment of web application directory [/Users/faatinashahul/Desktop/apache-tomcat-10.1.52/webapps/test] has finished in [147] ms
20-Feb-2026 17:55:37.975 INFO [main] org.apache.catalina.startup.HostConfig.deployDirectory Deploying web application directory [/Users/faatinashahul/Desktop/apache-tomcat-10.1.52/webapps/student]
20-Feb-2026 17:55:38.025 INFO [main] org.apache.jasper.servlet.TldScanner.scanJars At least one JAR was scanned for TLDs yet contained no TLDs. Enable debug logging for this logger for a complete list of JARs that were scanned but no TLDs were found in them. Skipping unneeded JARs during scanning can improve startup time and JSP compilation time.
20-Feb-2026 17:55:38.026 INFO [main] org.apache.catalina.startup.HostConfig.deployDirectory Deployment of web application directory [/Users/faatinashahul/Desktop/apache-tomcat-10.1.52/webapps/student] has finished in [51] ms
20-Feb-2026 17:55:38.026 INFO [main] org.apache.catalina.startup.HostConfig.deployDirectory Deploying web application directory [/Users/faatinashahul/Desktop/apache-tomcat-10.1.52/webapps/ip_5]
20-Feb-2026 17:55:38.072 INFO [main] org.apache.jasper.servlet.TldScanner.scanJars At least one JAR was scanned for TLDs yet contained no TLDs. Enable debug logging for this logger for a complete list of JARs that were scanned but no TLDs were found in them. Skipping unneeded JARs during scanning can improve startup time and JSP compilation time.
20-Feb-2026 17:55:38.073 INFO [main] org.apache.catalina.startup.HostConfig.deployDirectory Deployment of web application directory [/Users/faatinashahul/Desktop/apache-tomcat-10.1.52/webapps/ip_5] has finished in [47] ms
20-Feb-2026 17:55:38.073 INFO [main] org.apache.catalina.startup.HostConfig.deployDirectory Deploying web application directory [/Users/faatinashahul/Desktop/apache-tomcat-10.1.52/webapps/docs]
20-Feb-2026 17:55:38.121 INFO [main] org.apache.jasper.servlet.TldScanner.scanJars At least one JAR was scanned for TLDs yet contained no TLDs. Enable debug logging for this logger for a complete list of JARs that were scanned but no TLDs were found in them. Skipping unneeded JARs during scanning can improve startup time and JSP compilation time.
20-Feb-2026 17:55:38.122 INFO [main] org.apache.catalina.startup.HostConfig.deployDirectory Deployment of web application directory [/Users/faatinashahul/Desktop/apache-tomcat-10.1.52/webapps/docs] has finished in [49] ms
20-Feb-2026 17:55:38.122 INFO [main] org.apache.catalina.startup.HostConfig.deployDirectory Deploying web application directory [/Users/faatinashahul/Desktop/apache-tomcat-10.1.52/webapps/manager]
20-Feb-2026 17:55:38.168 INFO [main] org.apache.jasper.servlet.TldScanner.scanJars At least one JAR was scanned for TLDs yet contained no TLDs. Enable debug logging for this logger for a complete list of JARs that were scanned but no TLDs were found in them. Skipping unneeded JARs during scanning can improve startup time and JSP compilation time.
20-Feb-2026 17:55:38.170 INFO [main] org.apache.catalina.startup.HostConfig.deployDirectory Deployment of web application directory [/Users/faatinashahul/Desktop/apache-tomcat-10.1.52/webapps/manager] has finished in [48] ms
20-Feb-2026 17:55:38.170 INFO [main] org.apache.catalina.startup.HostConfig.deployDirectory Deploying web application directory [/Users/faatinashahul/Desktop/apache-tomcat-10.1.52/webapps/examples]
20-Feb-2026 17:55:38.255 INFO [main] org.apache.jasper.servlet.TldScanner.scanJars At least one JAR was scanned for TLDs yet contained no TLDs. Enable debug logging for this logger for a complete list of JARs that were scanned but no TLDs were found in them. Skipping unneeded JARs during scanning can improve startup time and JSP compilation time.
20-Feb-2026 17:55:38.259 INFO [main] org.apache.catalina.startup.HostConfig.deployDirectory Deployment of web application directory [/Users/faatinashahul/Desktop/apache-tomcat-10.1.52/webapps/examples] has finished in [89] ms
20-Feb-2026 17:55:38.259 INFO [main] org.apache.catalina.startup.HostConfig.deployDirectory Deploying web application directory [/Users/faatinashahul/Desktop/apache-tomcat-10.1.52/webapps/ROOT]
20-Feb-2026 17:55:38.301 INFO [main] org.apache.jasper.servlet.TldScanner.scanJars At least one JAR was scanned for TLDs yet contained no TLDs. Enable debug logging for this logger for a complete list of JARs that were scanned but no TLDs were found in them. Skipping unneeded JARs during scanning can improve startup time and JSP compilation time.
20-Feb-2026 17:55:38.301 INFO [main] org.apache.catalina.startup.HostConfig.deployDirectory Deployment of web application directory [/Users/faatinashahul/Desktop/apache-tomcat-10.1.52/webapps/ROOT] has finished in [42] ms
20-Feb-2026 17:55:38.301 INFO [main] org.apache.catalina.startup.HostConfig.deployDirectory Deploying web application directory [/Users/faatinashahul/Desktop/apache-tomcat-10.1.52/webapps/host-manager]
20-Feb-2026 17:55:38.346 INFO [main] org.apache.jasper.servlet.TldScanner.scanJars At least one JAR was scanned for TLDs yet contained no TLDs. Enable debug logging for this logger for a complete list of JARs that were scanned but no TLDs were found in them. Skipping unneeded JARs during scanning can improve startup time and JSP compilation time.
20-Feb-2026 17:55:38.346 INFO [main] org.apache.catalina.startup.HostConfig.deployDirectory Deployment of web application directory [/Users/faatinashahul/Desktop/apache-tomcat-10.1.52/webapps/host-manager] has finished in [45] ms
20-Feb-2026 17:55:38.347 INFO [main] org.apache.coyote.AbstractProtocol.start Starting ProtocolHandler ["http-nio-8080"]
20-Feb-2026 17:55:38.351 INFO [main] org.apache.catalina.startup.Catalina.start Server startup in [534] milliseconds
20-Feb-2026 18:01:58.718 INFO [main] org.apache.catalina.core.StandardServer.await A valid shutdown command was received via the shutdown port. Stopping the Server instance.
20-Feb-2026 18:01:58.719 INFO [main] org.apache.coyote.AbstractProtocol.pause Pausing ProtocolHandler ["http-nio-8080"]
20-Feb-2026 18:01:58.720 INFO [main] org.apache.catalina.core.StandardService.stopInternal Stopping service [Catalina]
20-Feb-2026 18:01:58.729 INFO [main] org.apache.coyote.AbstractProtocol.stop Stopping ProtocolHandler ["http-nio-8080"]
20-Feb-2026 18:01:58.731 INFO [main] org.apache.coyote.AbstractProtocol.destroy Destroying ProtocolHandler ["http-nio-8080"]
20-Feb-2026 18:01:58.860 INFO [main] org.apache.catalina.startup.VersionLoggerListener.log Server version name:   Apache Tomcat/10.1.52
20-Feb-2026 18:01:58.862 INFO [main] org.apache.catalina.startup.VersionLoggerListener.log Server built:          Jan 23 2026 19:29:07 UTC
20-Feb-2026 18:01:58.862 INFO [main] org.apache.catalina.startup.VersionLoggerListener.log Server version number: 10.1.52.0
20-Feb-2026 18:01:58.862 INFO [main] org.apache.catalina.startup.VersionLoggerListener.log OS Name:               Mac OS X
20-Feb-2026 18:01:58.862 INFO [main] org.apache.catalina.startup.VersionLoggerListener.log OS Version:            26.2
20-Feb-2026 18:01:58.862 INFO [main] org.apache.catalina.startup.VersionLoggerListener.log Architecture:          aarch64
20-Feb-2026 18:01:58.862 INFO [main] org.apache.catalina.startup.VersionLoggerListener.log Java Home:             /opt/homebrew/Cellar/openjdk@17/17.0.18/libexec/openjdk.jdk/Contents/Home
20-Feb-2026 18:01:58.862 INFO [main] org.apache.catalina.startup.VersionLoggerListener.log JVM Version:           17.0.18+0
20-Feb-2026 18:01:58.862 INFO [main] org.apache.catalina.startup.VersionLoggerListener.log JVM Vendor:            Homebrew
20-Feb-2026 18:01:58.862 INFO [main] org.apache.catalina.startup.VersionLoggerListener.log CATALINA_BASE:         /Users/faatinashahul/Desktop/apache-tomcat-10.1.52
20-Feb-2026 18:01:58.862 INFO [main] org.apache.catalina.startup.VersionLoggerListener.log CATALINA_HOME:         /Users/faatinashahul/Desktop/apache-tomcat-10.1.52
20-Feb-2026 18:01:58.866 INFO [main] org.apache.catalina.startup.VersionLoggerListener.log Command line argument: -Djava.util.logging.config.file=/Users/faatinashahul/Desktop/apache-tomcat-10.1.52/conf/logging.properties
20-Feb-2026 18:01:58.866 INFO [main] org.apache.catalina.startup.VersionLoggerListener.log Command line argument: -Djava.util.logging.manager=org.apache.juli.ClassLoaderLogManager
20-Feb-2026 18:01:58.866 INFO [main] org.apache.catalina.startup.VersionLoggerListener.log Command line argument: -Djdk.tls.ephemeralDHKeySize=2048
20-Feb-2026 18:01:58.866 INFO [main] org.apache.catalina.startup.VersionLoggerListener.log Command line argument: -Djava.protocol.handler.pkgs=org.apache.catalina.webresources
20-Feb-2026 18:01:58.866 INFO [main] org.apache.catalina.startup.VersionLoggerListener.log Command line argument: -Dsun.io.useCanonCaches=false
20-Feb-2026 18:01:58.866 INFO [main] org.apache.catalina.startup.VersionLoggerListener.log Command line argument: -Dorg.apache.catalina.security.SecurityListener.UMASK=0027
20-Feb-2026 18:01:58.866 INFO [main] org.apache.catalina.startup.VersionLoggerListener.log Command line argument: --add-opens=java.base/java.lang=ALL-UNNAMED
20-Feb-2026 18:01:58.866 INFO [main] org.apache.catalina.startup.VersionLoggerListener.log Command line argument: --add-opens=java.base/java.lang.reflect=ALL-UNNAMED
20-Feb-2026 18:01:58.866 INFO [main] org.apache.catalina.startup.VersionLoggerListener.log Command line argument: --add-opens=java.base/java.io=ALL-UNNAMED
20-Feb-2026 18:01:58.866 INFO [main] org.apache.catalina.startup.VersionLoggerListener.log Command line argument: --add-opens=java.base/java.util=ALL-UNNAMED
20-Feb-2026 18:01:58.866 INFO [main] org.apache.catalina.startup.VersionLoggerListener.log Command line argument: --add-opens=java.base/java.util.concurrent=ALL-UNNAMED
20-Feb-2026 18:01:58.866 INFO [main] org.apache.catalina.startup.VersionLoggerListener.log Command line argument: --add-opens=java.rmi/sun.rmi.transport=ALL-UNNAMED
20-Feb-2026 18:01:58.866 INFO [main] org.apache.catalina.startup.VersionLoggerListener.log Command line argument: -Dcatalina.base=/Users/faatinashahul/Desktop/apache-tomcat-10.1.52
20-Feb-2026 18:01:58.866 INFO [main] org.apache.catalina.startup.VersionLoggerListener.log Command line argument: -Dcatalina.home=/Users/faatinashahul/Desktop/apache-tomcat-10.1.52
20-Feb-2026 18:01:58.866 INFO [main] org.apache.catalina.startup.VersionLoggerListener.log Command line argument: -Djava.io.tmpdir=/Users/faatinashahul/Desktop/apache-tomcat-10.1.52/temp
20-Feb-2026 18:01:58.870 INFO [main] org.apache.catalina.core.AprLifecycleListener.lifecycleEvent The Apache Tomcat Native library which allows using OpenSSL was not found on the java.library.path: [/Users/faatinashahul/Library/Java/Extensions:/Library/Java/Extensions:/Network/Library/Java/Extensions:/System/Library/Java/Extensions:/usr/lib/java:.]
20-Feb-2026 18:01:58.956 INFO [main] org.apache.coyote.AbstractProtocol.init Initializing ProtocolHandler ["http-nio-8080"]
20-Feb-2026 18:01:58.968 INFO [main] org.apache.catalina.startup.Catalina.load Server initialization in [157] milliseconds
20-Feb-2026 18:01:58.984 INFO [main] org.apache.catalina.core.StandardService.startInternal Starting service [Catalina]
20-Feb-2026 18:01:58.984 INFO [main] org.apache.catalina.core.StandardEngine.startInternal Starting Servlet engine: [Apache Tomcat/10.1.52]
20-Feb-2026 18:01:58.987 INFO [main] org.apache.catalina.startup.HostConfig.deployDirectory Deploying web application directory [/Users/faatinashahul/Desktop/apache-tomcat-10.1.52/webapps/test]
20-Feb-2026 18:01:59.156 INFO [main] org.apache.jasper.servlet.TldScanner.scanJars At least one JAR was scanned for TLDs yet contained no TLDs. Enable debug logging for this logger for a complete list of JARs that were scanned but no TLDs were found in them. Skipping unneeded JARs during scanning can improve startup time and JSP compilation time.
20-Feb-2026 18:01:59.167 INFO [main] org.apache.catalina.startup.HostConfig.deployDirectory Deployment of web application directory [/Users/faatinashahul/Desktop/apache-tomcat-10.1.52/webapps/test] has finished in [180] ms
20-Feb-2026 18:01:59.167 INFO [main] org.apache.catalina.startup.HostConfig.deployDirectory Deploying web application directory [/Users/faatinashahul/Desktop/apache-tomcat-10.1.52/webapps/student]
20-Feb-2026 18:01:59.217 INFO [main] org.apache.jasper.servlet.TldScanner.scanJars At least one JAR was scanned for TLDs yet contained no TLDs. Enable debug logging for this logger for a complete list of JARs that were scanned but no TLDs were found in them. Skipping unneeded JARs during scanning can improve startup time and JSP compilation time.
20-Feb-2026 18:01:59.217 INFO [main] org.apache.catalina.startup.HostConfig.deployDirectory Deployment of web application directory [/Users/faatinashahul/Desktop/apache-tomcat-10.1.52/webapps/student] has finished in [50] ms
20-Feb-2026 18:01:59.217 INFO [main] org.apache.catalina.startup.HostConfig.deployDirectory Deploying web application directory [/Users/faatinashahul/Desktop/apache-tomcat-10.1.52/webapps/ip_5]
20-Feb-2026 18:01:59.264 INFO [main] org.apache.jasper.servlet.TldScanner.scanJars At least one JAR was scanned for TLDs yet contained no TLDs. Enable debug logging for this logger for a complete list of JARs that were scanned but no TLDs were found in them. Skipping unneeded JARs during scanning can improve startup time and JSP compilation time.
20-Feb-2026 18:01:59.265 INFO [main] org.apache.catalina.startup.HostConfig.deployDirectory Deployment of web application directory [/Users/faatinashahul/Desktop/apache-tomcat-10.1.52/webapps/ip_5] has finished in [48] ms
20-Feb-2026 18:01:59.265 INFO [main] org.apache.catalina.startup.HostConfig.deployDirectory Deploying web application directory [/Users/faatinashahul/Desktop/apache-tomcat-10.1.52/webapps/docs]
20-Feb-2026 18:01:59.315 INFO [main] org.apache.jasper.servlet.TldScanner.scanJars At least one JAR was scanned for TLDs yet contained no TLDs. Enable debug logging for this logger for a complete list of JARs that were scanned but no TLDs were found in them. Skipping unneeded JARs during scanning can improve startup time and JSP compilation time.
20-Feb-2026 18:01:59.315 INFO [main] org.apache.catalina.startup.HostConfig.deployDirectory Deployment of web application directory [/Users/faatinashahul/Desktop/apache-tomcat-10.1.52/webapps/docs] has finished in [50] ms
20-Feb-2026 18:01:59.315 INFO [main] org.apache.catalina.startup.HostConfig.deployDirectory Deploying web application directory [/Users/faatinashahul/Desktop/apache-tomcat-10.1.52/webapps/manager]
20-Feb-2026 18:01:59.369 INFO [main] org.apache.jasper.servlet.TldScanner.scanJars At least one JAR was scanned for TLDs yet contained no TLDs. Enable debug logging for this logger for a complete list of JARs that were scanned but no TLDs were found in them. Skipping unneeded JARs during scanning can improve startup time and JSP compilation time.
20-Feb-2026 18:01:59.371 INFO [main] org.apache.catalina.startup.HostConfig.deployDirectory Deployment of web application directory [/Users/faatinashahul/Desktop/apache-tomcat-10.1.52/webapps/manager] has finished in [56] ms
20-Feb-2026 18:01:59.372 INFO [main] org.apache.catalina.startup.HostConfig.deployDirectory Deploying web application directory [/Users/faatinashahul/Desktop/apache-tomcat-10.1.52/webapps/examples]
20-Feb-2026 18:01:59.483 INFO [main] org.apache.jasper.servlet.TldScanner.scanJars At least one JAR was scanned for TLDs yet contained no TLDs. Enable debug logging for this logger for a complete list of JARs that were scanned but no TLDs were found in them. Skipping unneeded JARs during scanning can improve startup time and JSP compilation time.
20-Feb-2026 18:01:59.489 INFO [main] org.apache.catalina.startup.HostConfig.deployDirectory Deployment of web application directory [/Users/faatinashahul/Desktop/apache-tomcat-10.1.52/webapps/examples] has finished in [117] ms
20-Feb-2026 18:01:59.489 INFO [main] org.apache.catalina.startup.HostConfig.deployDirectory Deploying web application directory [/Users/faatinashahul/Desktop/apache-tomcat-10.1.52/webapps/ROOT]
20-Feb-2026 18:01:59.535 INFO [main] org.apache.jasper.servlet.TldScanner.scanJars At least one JAR was scanned for TLDs yet contained no TLDs. Enable debug logging for this logger for a complete list of JARs that were scanned but no TLDs were found in them. Skipping unneeded JARs during scanning can improve startup time and JSP compilation time.
20-Feb-2026 18:01:59.536 INFO [main] org.apache.catalina.startup.HostConfig.deployDirectory Deployment of web application directory [/Users/faatinashahul/Desktop/apache-tomcat-10.1.52/webapps/ROOT] has finished in [47] ms
20-Feb-2026 18:01:59.536 INFO [main] org.apache.catalina.startup.HostConfig.deployDirectory Deploying web application directory [/Users/faatinashahul/Desktop/apache-tomcat-10.1.52/webapps/host-manager]
20-Feb-2026 18:01:59.583 INFO [main] org.apache.jasper.servlet.TldScanner.scanJars At least one JAR was scanned for TLDs yet contained no TLDs. Enable debug logging for this logger for a complete list of JARs that were scanned but no TLDs were found in them. Skipping unneeded JARs during scanning can improve startup time and JSP compilation time.
20-Feb-2026 18:01:59.584 INFO [main] org.apache.catalina.startup.HostConfig.deployDirectory Deployment of web application directory [/Users/faatinashahul/Desktop/apache-tomcat-10.1.52/webapps/host-manager] has finished in [48] ms
20-Feb-2026 18:01:59.585 INFO [main] org.apache.coyote.AbstractProtocol.start Starting ProtocolHandler ["http-nio-8080"]
20-Feb-2026 18:01:59.589 INFO [main] org.apache.catalina.startup.Catalina.start Server startup in [620] milliseconds
20-Feb-2026 18:03:09.156 INFO [main] org.apache.catalina.core.StandardServer.await A valid shutdown command was received via the shutdown port. Stopping the Server instance.
20-Feb-2026 18:03:09.156 INFO [main] org.apache.coyote.AbstractProtocol.pause Pausing ProtocolHandler ["http-nio-8080"]
20-Feb-2026 18:03:09.157 INFO [main] org.apache.catalina.core.StandardService.stopInternal Stopping service [Catalina]
20-Feb-2026 18:03:09.166 INFO [main] org.apache.coyote.AbstractProtocol.stop Stopping ProtocolHandler ["http-nio-8080"]
20-Feb-2026 18:03:09.169 INFO [main] org.apache.coyote.AbstractProtocol.destroy Destroying ProtocolHandler ["http-nio-8080"]
20-Feb-2026 18:03:09.309 INFO [main] org.apache.catalina.startup.VersionLoggerListener.log Server version name:   Apache Tomcat/10.1.52
20-Feb-2026 18:03:09.311 INFO [main] org.apache.catalina.startup.VersionLoggerListener.log Server built:          Jan 23 2026 19:29:07 UTC
20-Feb-2026 18:03:09.311 INFO [main] org.apache.catalina.startup.VersionLoggerListener.log Server version number: 10.1.52.0
20-Feb-2026 18:03:09.311 INFO [main] org.apache.catalina.startup.VersionLoggerListener.log OS Name:               Mac OS X
20-Feb-2026 18:03:09.311 INFO [main] org.apache.catalina.startup.VersionLoggerListener.log OS Version:            26.2
20-Feb-2026 18:03:09.311 INFO [main] org.apache.catalina.startup.VersionLoggerListener.log Architecture:          aarch64
20-Feb-2026 18:03:09.311 INFO [main] org.apache.catalina.startup.VersionLoggerListener.log Java Home:             /opt/homebrew/Cellar/openjdk@17/17.0.18/libexec/openjdk.jdk/Contents/Home
20-Feb-2026 18:03:09.311 INFO [main] org.apache.catalina.startup.VersionLoggerListener.log JVM Version:           17.0.18+0
20-Feb-2026 18:03:09.311 INFO [main] org.apache.catalina.startup.VersionLoggerListener.log JVM Vendor:            Homebrew
20-Feb-2026 18:03:09.311 INFO [main] org.apache.catalina.startup.VersionLoggerListener.log CATALINA_BASE:         /Users/faatinashahul/Desktop/apache-tomcat-10.1.52
20-Feb-2026 18:03:09.311 INFO [main] org.apache.catalina.startup.VersionLoggerListener.log CATALINA_HOME:         /Users/faatinashahul/Desktop/apache-tomcat-10.1.52
20-Feb-2026 18:03:09.314 INFO [main] org.apache.catalina.startup.VersionLoggerListener.log Command line argument: -Djava.util.logging.config.file=/Users/faatinashahul/Desktop/apache-tomcat-10.1.52/conf/logging.properties
20-Feb-2026 18:03:09.314 INFO [main] org.apache.catalina.startup.VersionLoggerListener.log Command line argument: -Djava.util.logging.manager=org.apache.juli.ClassLoaderLogManager
20-Feb-2026 18:03:09.314 INFO [main] org.apache.catalina.startup.VersionLoggerListener.log Command line argument: -Djdk.tls.ephemeralDHKeySize=2048
20-Feb-2026 18:03:09.314 INFO [main] org.apache.catalina.startup.VersionLoggerListener.log Command line argument: -Djava.protocol.handler.pkgs=org.apache.catalina.webresources
20-Feb-2026 18:03:09.314 INFO [main] org.apache.catalina.startup.VersionLoggerListener.log Command line argument: -Dsun.io.useCanonCaches=false
20-Feb-2026 18:03:09.314 INFO [main] org.apache.catalina.startup.VersionLoggerListener.log Command line argument: -Dorg.apache.catalina.security.SecurityListener.UMASK=0027
20-Feb-2026 18:03:09.315 INFO [main] org.apache.catalina.startup.VersionLoggerListener.log Command line argument: --add-opens=java.base/java.lang=ALL-UNNAMED
20-Feb-2026 18:03:09.315 INFO [main] org.apache.catalina.startup.VersionLoggerListener.log Command line argument: --add-opens=java.base/java.lang.reflect=ALL-UNNAMED
20-Feb-2026 18:03:09.315 INFO [main] org.apache.catalina.startup.VersionLoggerListener.log Command line argument: --add-opens=java.base/java.io=ALL-UNNAMED
20-Feb-2026 18:03:09.315 INFO [main] org.apache.catalina.startup.VersionLoggerListener.log Command line argument: --add-opens=java.base/java.util=ALL-UNNAMED
20-Feb-2026 18:03:09.315 INFO [main] org.apache.catalina.startup.VersionLoggerListener.log Command line argument: --add-opens=java.base/java.util.concurrent=ALL-UNNAMED
20-Feb-2026 18:03:09.315 INFO [main] org.apache.catalina.startup.VersionLoggerListener.log Command line argument: --add-opens=java.rmi/sun.rmi.transport=ALL-UNNAMED
20-Feb-2026 18:03:09.315 INFO [main] org.apache.catalina.startup.VersionLoggerListener.log Command line argument: -Dcatalina.base=/Users/faatinashahul/Desktop/apache-tomcat-10.1.52
20-Feb-2026 18:03:09.315 INFO [main] org.apache.catalina.startup.VersionLoggerListener.log Command line argument: -Dcatalina.home=/Users/faatinashahul/Desktop/apache-tomcat-10.1.52
20-Feb-2026 18:03:09.315 INFO [main] org.apache.catalina.startup.VersionLoggerListener.log Command line argument: -Djava.io.tmpdir=/Users/faatinashahul/Desktop/apache-tomcat-10.1.52/temp
20-Feb-2026 18:03:09.318 INFO [main] org.apache.catalina.core.AprLifecycleListener.lifecycleEvent The Apache Tomcat Native library which allows using OpenSSL was not found on the java.library.path: [/Users/faatinashahul/Library/Java/Extensions:/Library/Java/Extensions:/Network/Library/Java/Extensions:/System/Library/Java/Extensions:/usr/lib/java:.]
20-Feb-2026 18:03:09.391 INFO [main] org.apache.coyote.AbstractProtocol.init Initializing ProtocolHandler ["http-nio-8080"]
20-Feb-2026 18:03:09.399 INFO [main] org.apache.catalina.startup.Catalina.load Server initialization in [138] milliseconds
20-Feb-2026 18:03:09.409 INFO [main] org.apache.catalina.core.StandardService.startInternal Starting service [Catalina]
20-Feb-2026 18:03:09.409 INFO [main] org.apache.catalina.core.StandardEngine.startInternal Starting Servlet engine: [Apache Tomcat/10.1.52]
20-Feb-2026 18:03:09.412 INFO [main] org.apache.catalina.startup.HostConfig.deployDirectory Deploying web application directory [/Users/faatinashahul/Desktop/apache-tomcat-10.1.52/webapps/test]
20-Feb-2026 18:03:09.547 INFO [main] org.apache.jasper.servlet.TldScanner.scanJars At least one JAR was scanned for TLDs yet contained no TLDs. Enable debug logging for this logger for a complete list of JARs that were scanned but no TLDs were found in them. Skipping unneeded JARs during scanning can improve startup time and JSP compilation time.
20-Feb-2026 18:03:09.561 INFO [main] org.apache.catalina.startup.HostConfig.deployDirectory Deployment of web application directory [/Users/faatinashahul/Desktop/apache-tomcat-10.1.52/webapps/test] has finished in [148] ms
20-Feb-2026 18:03:09.561 INFO [main] org.apache.catalina.startup.HostConfig.deployDirectory Deploying web application directory [/Users/faatinashahul/Desktop/apache-tomcat-10.1.52/webapps/student]
20-Feb-2026 18:03:09.616 INFO [main] org.apache.jasper.servlet.TldScanner.scanJars At least one JAR was scanned for TLDs yet contained no TLDs. Enable debug logging for this logger for a complete list of JARs that were scanned but no TLDs were found in them. Skipping unneeded JARs during scanning can improve startup time and JSP compilation time.
20-Feb-2026 18:03:09.617 INFO [main] org.apache.catalina.startup.HostConfig.deployDirectory Deployment of web application directory [/Users/faatinashahul/Desktop/apache-tomcat-10.1.52/webapps/student] has finished in [56] ms
20-Feb-2026 18:03:09.617 INFO [main] org.apache.catalina.startup.HostConfig.deployDirectory Deploying web application directory [/Users/faatinashahul/Desktop/apache-tomcat-10.1.52/webapps/ip_5]
20-Feb-2026 18:03:09.673 INFO [main] org.apache.jasper.servlet.TldScanner.scanJars At least one JAR was scanned for TLDs yet contained no TLDs. Enable debug logging for this logger for a complete list of JARs that were scanned but no TLDs were found in them. Skipping unneeded JARs during scanning can improve startup time and JSP compilation time.
20-Feb-2026 18:03:09.674 INFO [main] org.apache.catalina.startup.HostConfig.deployDirectory Deployment of web application directory [/Users/faatinashahul/Desktop/apache-tomcat-10.1.52/webapps/ip_5] has finished in [57] ms
20-Feb-2026 18:03:09.674 INFO [main] org.apache.catalina.startup.HostConfig.deployDirectory Deploying web application directory [/Users/faatinashahul/Desktop/apache-tomcat-10.1.52/webapps/docs]
20-Feb-2026 18:03:09.724 INFO [main] org.apache.jasper.servlet.TldScanner.scanJars At least one JAR was scanned for TLDs yet contained no TLDs. Enable debug logging for this logger for a complete list of JARs that were scanned but no TLDs were found in them. Skipping unneeded JARs during scanning can improve startup time and JSP compilation time.
20-Feb-2026 18:03:09.725 INFO [main] org.apache.catalina.startup.HostConfig.deployDirectory Deployment of web application directory [/Users/faatinashahul/Desktop/apache-tomcat-10.1.52/webapps/docs] has finished in [51] ms
20-Feb-2026 18:03:09.725 INFO [main] org.apache.catalina.startup.HostConfig.deployDirectory Deploying web application directory [/Users/faatinashahul/Desktop/apache-tomcat-10.1.52/webapps/manager]
20-Feb-2026 18:03:09.773 INFO [main] org.apache.jasper.servlet.TldScanner.scanJars At least one JAR was scanned for TLDs yet contained no TLDs. Enable debug logging for this logger for a complete list of JARs that were scanned but no TLDs were found in them. Skipping unneeded JARs during scanning can improve startup time and JSP compilation time.
20-Feb-2026 18:03:09.775 INFO [main] org.apache.catalina.startup.HostConfig.deployDirectory Deployment of web application directory [/Users/faatinashahul/Desktop/apache-tomcat-10.1.52/webapps/manager] has finished in [50] ms
20-Feb-2026 18:03:09.775 INFO [main] org.apache.catalina.startup.HostConfig.deployDirectory Deploying web application directory [/Users/faatinashahul/Desktop/apache-tomcat-10.1.52/webapps/examples]
20-Feb-2026 18:03:09.868 INFO [main] org.apache.jasper.servlet.TldScanner.scanJars At least one JAR was scanned for TLDs yet contained no TLDs. Enable debug logging for this logger for a complete list of JARs that were scanned but no TLDs were found in them. Skipping unneeded JARs during scanning can improve startup time and JSP compilation time.
20-Feb-2026 18:03:09.874 INFO [main] org.apache.catalina.startup.HostConfig.deployDirectory Deployment of web application directory [/Users/faatinashahul/Desktop/apache-tomcat-10.1.52/webapps/examples] has finished in [98] ms
20-Feb-2026 18:03:09.874 INFO [main] org.apache.catalina.startup.HostConfig.deployDirectory Deploying web application directory [/Users/faatinashahul/Desktop/apache-tomcat-10.1.52/webapps/ROOT]
20-Feb-2026 18:03:09.918 INFO [main] org.apache.jasper.servlet.TldScanner.scanJars At least one JAR was scanned for TLDs yet contained no TLDs. Enable debug logging for this logger for a complete list of JARs that were scanned but no TLDs were found in them. Skipping unneeded JARs during scanning can improve startup time and JSP compilation time.
20-Feb-2026 18:03:09.918 INFO [main] org.apache.catalina.startup.HostConfig.deployDirectory Deployment of web application directory [/Users/faatinashahul/Desktop/apache-tomcat-10.1.52/webapps/ROOT] has finished in [44] ms
20-Feb-2026 18:03:09.918 INFO [main] org.apache.catalina.startup.HostConfig.deployDirectory Deploying web application directory [/Users/faatinashahul/Desktop/apache-tomcat-10.1.52/webapps/host-manager]
20-Feb-2026 18:03:09.968 INFO [main] org.apache.jasper.servlet.TldScanner.scanJars At least one JAR was scanned for TLDs yet contained no TLDs. Enable debug logging for this logger for a complete list of JARs that were scanned but no TLDs were found in them. Skipping unneeded JARs during scanning can improve startup time and JSP compilation time.
20-Feb-2026 18:03:09.968 INFO [main] org.apache.catalina.startup.HostConfig.deployDirectory Deployment of web application directory [/Users/faatinashahul/Desktop/apache-tomcat-10.1.52/webapps/host-manager] has finished in [50] ms
20-Feb-2026 18:03:09.970 INFO [main] org.apache.coyote.AbstractProtocol.start Starting ProtocolHandler ["http-nio-8080"]
20-Feb-2026 18:03:09.973 INFO [main] org.apache.catalina.startup.Catalina.start Server startup in [574] milliseconds
20-Feb-2026 18:30:24.117 INFO [main] org.apache.catalina.core.StandardServer.await A valid shutdown command was received via the shutdown port. Stopping the Server instance.
20-Feb-2026 18:30:24.118 INFO [main] org.apache.coyote.AbstractProtocol.pause Pausing ProtocolHandler ["http-nio-8080"]
20-Feb-2026 18:30:24.119 INFO [main] org.apache.catalina.core.StandardService.stopInternal Stopping service [Catalina]
20-Feb-2026 18:30:24.131 INFO [main] org.apache.coyote.AbstractProtocol.stop Stopping ProtocolHandler ["http-nio-8080"]
20-Feb-2026 18:30:24.144 INFO [main] org.apache.coyote.AbstractProtocol.destroy Destroying ProtocolHandler ["http-nio-8080"]
20-Feb-2026 18:30:24.259 INFO [main] org.apache.catalina.startup.VersionLoggerListener.log Server version name:   Apache Tomcat/10.1.52
20-Feb-2026 18:30:24.260 INFO [main] org.apache.catalina.startup.VersionLoggerListener.log Server built:          Jan 23 2026 19:29:07 UTC
20-Feb-2026 18:30:24.260 INFO [main] org.apache.catalina.startup.VersionLoggerListener.log Server version number: 10.1.52.0
20-Feb-2026 18:30:24.260 INFO [main] org.apache.catalina.startup.VersionLoggerListener.log OS Name:               Mac OS X
20-Feb-2026 18:30:24.260 INFO [main] org.apache.catalina.startup.VersionLoggerListener.log OS Version:            26.2
20-Feb-2026 18:30:24.260 INFO [main] org.apache.catalina.startup.VersionLoggerListener.log Architecture:          aarch64
20-Feb-2026 18:30:24.260 INFO [main] org.apache.catalina.startup.VersionLoggerListener.log Java Home:             /opt/homebrew/Cellar/openjdk@17/17.0.18/libexec/openjdk.jdk/Contents/Home
20-Feb-2026 18:30:24.260 INFO [main] org.apache.catalina.startup.VersionLoggerListener.log JVM Version:           17.0.18+0
20-Feb-2026 18:30:24.260 INFO [main] org.apache.catalina.startup.VersionLoggerListener.log JVM Vendor:            Homebrew
20-Feb-2026 18:30:24.260 INFO [main] org.apache.catalina.startup.VersionLoggerListener.log CATALINA_BASE:         /Users/faatinashahul/Desktop/apache-tomcat-10.1.52
20-Feb-2026 18:30:24.261 INFO [main] org.apache.catalina.startup.VersionLoggerListener.log CATALINA_HOME:         /Users/faatinashahul/Desktop/apache-tomcat-10.1.52
20-Feb-2026 18:30:24.264 INFO [main] org.apache.catalina.startup.VersionLoggerListener.log Command line argument: -Djava.util.logging.config.file=/Users/faatinashahul/Desktop/apache-tomcat-10.1.52/conf/logging.properties
20-Feb-2026 18:30:24.264 INFO [main] org.apache.catalina.startup.VersionLoggerListener.log Command line argument: -Djava.util.logging.manager=org.apache.juli.ClassLoaderLogManager
20-Feb-2026 18:30:24.264 INFO [main] org.apache.catalina.startup.VersionLoggerListener.log Command line argument: -Djdk.tls.ephemeralDHKeySize=2048
20-Feb-2026 18:30:24.264 INFO [main] org.apache.catalina.startup.VersionLoggerListener.log Command line argument: -Djava.protocol.handler.pkgs=org.apache.catalina.webresources
20-Feb-2026 18:30:24.264 INFO [main] org.apache.catalina.startup.VersionLoggerListener.log Command line argument: -Dsun.io.useCanonCaches=false
20-Feb-2026 18:30:24.264 INFO [main] org.apache.catalina.startup.VersionLoggerListener.log Command line argument: -Dorg.apache.catalina.security.SecurityListener.UMASK=0027
20-Feb-2026 18:30:24.264 INFO [main] org.apache.catalina.startup.VersionLoggerListener.log Command line argument: --add-opens=java.base/java.lang=ALL-UNNAMED
20-Feb-2026 18:30:24.264 INFO [main] org.apache.catalina.startup.VersionLoggerListener.log Command line argument: --add-opens=java.base/java.lang.reflect=ALL-UNNAMED
20-Feb-2026 18:30:24.264 INFO [main] org.apache.catalina.startup.VersionLoggerListener.log Command line argument: --add-opens=java.base/java.io=ALL-UNNAMED
20-Feb-2026 18:30:24.264 INFO [main] org.apache.catalina.startup.VersionLoggerListener.log Command line argument: --add-opens=java.base/java.util=ALL-UNNAMED
20-Feb-2026 18:30:24.264 INFO [main] org.apache.catalina.startup.VersionLoggerListener.log Command line argument: --add-opens=java.base/java.util.concurrent=ALL-UNNAMED
20-Feb-2026 18:30:24.264 INFO [main] org.apache.catalina.startup.VersionLoggerListener.log Command line argument: --add-opens=java.rmi/sun.rmi.transport=ALL-UNNAMED
20-Feb-2026 18:30:24.264 INFO [main] org.apache.catalina.startup.VersionLoggerListener.log Command line argument: -Dcatalina.base=/Users/faatinashahul/Desktop/apache-tomcat-10.1.52
20-Feb-2026 18:30:24.264 INFO [main] org.apache.catalina.startup.VersionLoggerListener.log Command line argument: -Dcatalina.home=/Users/faatinashahul/Desktop/apache-tomcat-10.1.52
20-Feb-2026 18:30:24.264 INFO [main] org.apache.catalina.startup.VersionLoggerListener.log Command line argument: -Djava.io.tmpdir=/Users/faatinashahul/Desktop/apache-tomcat-10.1.52/temp
20-Feb-2026 18:30:24.267 INFO [main] org.apache.catalina.core.AprLifecycleListener.lifecycleEvent The Apache Tomcat Native library which allows using OpenSSL was not found on the java.library.path: [/Users/faatinashahul/Library/Java/Extensions:/Library/Java/Extensions:/Network/Library/Java/Extensions:/System/Library/Java/Extensions:/usr/lib/java:.]
20-Feb-2026 18:30:24.338 INFO [main] org.apache.coyote.AbstractProtocol.init Initializing ProtocolHandler ["http-nio-8080"]
20-Feb-2026 18:30:24.345 INFO [main] org.apache.catalina.startup.Catalina.load Server initialization in [134] milliseconds
20-Feb-2026 18:30:24.356 INFO [main] org.apache.catalina.core.StandardService.startInternal Starting service [Catalina]
20-Feb-2026 18:30:24.356 INFO [main] org.apache.catalina.core.StandardEngine.startInternal Starting Servlet engine: [Apache Tomcat/10.1.52]
20-Feb-2026 18:30:24.358 INFO [main] org.apache.catalina.startup.HostConfig.deployDirectory Deploying web application directory [/Users/faatinashahul/Desktop/apache-tomcat-10.1.52/webapps/test]
20-Feb-2026 18:30:24.508 INFO [main] org.apache.jasper.servlet.TldScanner.scanJars At least one JAR was scanned for TLDs yet contained no TLDs. Enable debug logging for this logger for a complete list of JARs that were scanned but no TLDs were found in them. Skipping unneeded JARs during scanning can improve startup time and JSP compilation time.
20-Feb-2026 18:30:24.518 INFO [main] org.apache.catalina.startup.HostConfig.deployDirectory Deployment of web application directory [/Users/faatinashahul/Desktop/apache-tomcat-10.1.52/webapps/test] has finished in [160] ms
20-Feb-2026 18:30:24.518 INFO [main] org.apache.catalina.startup.HostConfig.deployDirectory Deploying web application directory [/Users/faatinashahul/Desktop/apache-tomcat-10.1.52/webapps/student]
20-Feb-2026 18:30:24.567 INFO [main] org.apache.jasper.servlet.TldScanner.scanJars At least one JAR was scanned for TLDs yet contained no TLDs. Enable debug logging for this logger for a complete list of JARs that were scanned but no TLDs were found in them. Skipping unneeded JARs during scanning can improve startup time and JSP compilation time.
20-Feb-2026 18:30:24.568 INFO [main] org.apache.catalina.startup.HostConfig.deployDirectory Deployment of web application directory [/Users/faatinashahul/Desktop/apache-tomcat-10.1.52/webapps/student] has finished in [50] ms
20-Feb-2026 18:30:24.568 INFO [main] org.apache.catalina.startup.HostConfig.deployDirectory Deploying web application directory [/Users/faatinashahul/Desktop/apache-tomcat-10.1.52/webapps/ip_5]
20-Feb-2026 18:30:24.614 INFO [main] org.apache.jasper.servlet.TldScanner.scanJars At least one JAR was scanned for TLDs yet contained no TLDs. Enable debug logging for this logger for a complete list of JARs that were scanned but no TLDs were found in them. Skipping unneeded JARs during scanning can improve startup time and JSP compilation time.
20-Feb-2026 18:30:24.615 INFO [main] org.apache.catalina.startup.HostConfig.deployDirectory Deployment of web application directory [/Users/faatinashahul/Desktop/apache-tomcat-10.1.52/webapps/ip_5] has finished in [46] ms
20-Feb-2026 18:30:24.615 INFO [main] org.apache.catalina.startup.HostConfig.deployDirectory Deploying web application directory [/Users/faatinashahul/Desktop/apache-tomcat-10.1.52/webapps/docs]
20-Feb-2026 18:30:24.660 INFO [main] org.apache.jasper.servlet.TldScanner.scanJars At least one JAR was scanned for TLDs yet contained no TLDs. Enable debug logging for this logger for a complete list of JARs that were scanned but no TLDs were found in them. Skipping unneeded JARs during scanning can improve startup time and JSP compilation time.
20-Feb-2026 18:30:24.660 INFO [main] org.apache.catalina.startup.HostConfig.deployDirectory Deployment of web application directory [/Users/faatinashahul/Desktop/apache-tomcat-10.1.52/webapps/docs] has finished in [45] ms
20-Feb-2026 18:30:24.660 INFO [main] org.apache.catalina.startup.HostConfig.deployDirectory Deploying web application directory [/Users/faatinashahul/Desktop/apache-tomcat-10.1.52/webapps/manager]
20-Feb-2026 18:30:24.704 INFO [main] org.apache.jasper.servlet.TldScanner.scanJars At least one JAR was scanned for TLDs yet contained no TLDs. Enable debug logging for this logger for a complete list of JARs that were scanned but no TLDs were found in them. Skipping unneeded JARs during scanning can improve startup time and JSP compilation time.
20-Feb-2026 18:30:24.707 INFO [main] org.apache.catalina.startup.HostConfig.deployDirectory Deployment of web application directory [/Users/faatinashahul/Desktop/apache-tomcat-10.1.52/webapps/manager] has finished in [46] ms
20-Feb-2026 18:30:24.707 INFO [main] org.apache.catalina.startup.HostConfig.deployDirectory Deploying web application directory [/Users/faatinashahul/Desktop/apache-tomcat-10.1.52/webapps/examples]
20-Feb-2026 18:30:24.790 INFO [main] org.apache.jasper.servlet.TldScanner.scanJars At least one JAR was scanned for TLDs yet contained no TLDs. Enable debug logging for this logger for a complete list of JARs that were scanned but no TLDs were found in them. Skipping unneeded JARs during scanning can improve startup time and JSP compilation time.
20-Feb-2026 18:30:24.795 INFO [main] org.apache.catalina.startup.HostConfig.deployDirectory Deployment of web application directory [/Users/faatinashahul/Desktop/apache-tomcat-10.1.52/webapps/examples] has finished in [88] ms
20-Feb-2026 18:30:24.795 INFO [main] org.apache.catalina.startup.HostConfig.deployDirectory Deploying web application directory [/Users/faatinashahul/Desktop/apache-tomcat-10.1.52/webapps/ROOT]
20-Feb-2026 18:30:24.835 INFO [main] org.apache.jasper.servlet.TldScanner.scanJars At least one JAR was scanned for TLDs yet contained no TLDs. Enable debug logging for this logger for a complete list of JARs that were scanned but no TLDs were found in them. Skipping unneeded JARs during scanning can improve startup time and JSP compilation time.
20-Feb-2026 18:30:24.836 INFO [main] org.apache.catalina.startup.HostConfig.deployDirectory Deployment of web application directory [/Users/faatinashahul/Desktop/apache-tomcat-10.1.52/webapps/ROOT] has finished in [40] ms
20-Feb-2026 18:30:24.836 INFO [main] org.apache.catalina.startup.HostConfig.deployDirectory Deploying web application directory [/Users/faatinashahul/Desktop/apache-tomcat-10.1.52/webapps/host-manager]
20-Feb-2026 18:30:24.878 INFO [main] org.apache.jasper.servlet.TldScanner.scanJars At least one JAR was scanned for TLDs yet contained no TLDs. Enable debug logging for this logger for a complete list of JARs that were scanned but no TLDs were found in them. Skipping unneeded JARs during scanning can improve startup time and JSP compilation time.
20-Feb-2026 18:30:24.878 INFO [main] org.apache.catalina.startup.HostConfig.deployDirectory Deployment of web application directory [/Users/faatinashahul/Desktop/apache-tomcat-10.1.52/webapps/host-manager] has finished in [42] ms
20-Feb-2026 18:30:24.880 INFO [main] org.apache.coyote.AbstractProtocol.start Starting ProtocolHandler ["http-nio-8080"]
20-Feb-2026 18:30:24.883 INFO [main] org.apache.catalina.startup.Catalina.start Server startup in [537] milliseconds
20-Feb-2026 21:45:48.027 INFO [main] org.apache.catalina.core.StandardServer.await A valid shutdown command was received via the shutdown port. Stopping the Server instance.
20-Feb-2026 21:45:48.028 INFO [main] org.apache.coyote.AbstractProtocol.pause Pausing ProtocolHandler ["http-nio-8080"]
20-Feb-2026 21:45:48.029 INFO [main] org.apache.catalina.core.StandardService.stopInternal Stopping service [Catalina]
20-Feb-2026 21:45:48.045 INFO [main] org.apache.coyote.AbstractProtocol.stop Stopping ProtocolHandler ["http-nio-8080"]
20-Feb-2026 21:45:48.056 INFO [main] org.apache.coyote.AbstractProtocol.destroy Destroying ProtocolHandler ["http-nio-8080"]
20-Feb-2026 21:45:48.193 INFO [main] org.apache.catalina.startup.VersionLoggerListener.log Server version name:   Apache Tomcat/10.1.52
20-Feb-2026 21:45:48.195 INFO [main] org.apache.catalina.startup.VersionLoggerListener.log Server built:          Jan 23 2026 19:29:07 UTC
20-Feb-2026 21:45:48.195 INFO [main] org.apache.catalina.startup.VersionLoggerListener.log Server version number: 10.1.52.0
20-Feb-2026 21:45:48.195 INFO [main] org.apache.catalina.startup.VersionLoggerListener.log OS Name:               Mac OS X
20-Feb-2026 21:45:48.195 INFO [main] org.apache.catalina.startup.VersionLoggerListener.log OS Version:            26.2
20-Feb-2026 21:45:48.195 INFO [main] org.apache.catalina.startup.VersionLoggerListener.log Architecture:          aarch64
20-Feb-2026 21:45:48.195 INFO [main] org.apache.catalina.startup.VersionLoggerListener.log Java Home:             /opt/homebrew/Cellar/openjdk@17/17.0.18/libexec/openjdk.jdk/Contents/Home
20-Feb-2026 21:45:48.195 INFO [main] org.apache.catalina.startup.VersionLoggerListener.log JVM Version:           17.0.18+0
20-Feb-2026 21:45:48.195 INFO [main] org.apache.catalina.startup.VersionLoggerListener.log JVM Vendor:            Homebrew
20-Feb-2026 21:45:48.195 INFO [main] org.apache.catalina.startup.VersionLoggerListener.log CATALINA_BASE:         /Users/faatinashahul/Desktop/apache-tomcat-10.1.52
20-Feb-2026 21:45:48.195 INFO [main] org.apache.catalina.startup.VersionLoggerListener.log CATALINA_HOME:         /Users/faatinashahul/Desktop/apache-tomcat-10.1.52
20-Feb-2026 21:45:48.200 INFO [main] org.apache.catalina.startup.VersionLoggerListener.log Command line argument: -Djava.util.logging.config.file=/Users/faatinashahul/Desktop/apache-tomcat-10.1.52/conf/logging.properties
20-Feb-2026 21:45:48.200 INFO [main] org.apache.catalina.startup.VersionLoggerListener.log Command line argument: -Djava.util.logging.manager=org.apache.juli.ClassLoaderLogManager
20-Feb-2026 21:45:48.200 INFO [main] org.apache.catalina.startup.VersionLoggerListener.log Command line argument: -Djdk.tls.ephemeralDHKeySize=2048
20-Feb-2026 21:45:48.200 INFO [main] org.apache.catalina.startup.VersionLoggerListener.log Command line argument: -Djava.protocol.handler.pkgs=org.apache.catalina.webresources
20-Feb-2026 21:45:48.200 INFO [main] org.apache.catalina.startup.VersionLoggerListener.log Command line argument: -Dsun.io.useCanonCaches=false
20-Feb-2026 21:45:48.201 INFO [main] org.apache.catalina.startup.VersionLoggerListener.log Command line argument: -Dorg.apache.catalina.security.SecurityListener.UMASK=0027
20-Feb-2026 21:45:48.201 INFO [main] org.apache.catalina.startup.VersionLoggerListener.log Command line argument: --add-opens=java.base/java.lang=ALL-UNNAMED
20-Feb-2026 21:45:48.201 INFO [main] org.apache.catalina.startup.VersionLoggerListener.log Command line argument: --add-opens=java.base/java.lang.reflect=ALL-UNNAMED
20-Feb-2026 21:45:48.201 INFO [main] org.apache.catalina.startup.VersionLoggerListener.log Command line argument: --add-opens=java.base/java.io=ALL-UNNAMED
20-Feb-2026 21:45:48.201 INFO [main] org.apache.catalina.startup.VersionLoggerListener.log Command line argument: --add-opens=java.base/java.util=ALL-UNNAMED
20-Feb-2026 21:45:48.201 INFO [main] org.apache.catalina.startup.VersionLoggerListener.log Command line argument: --add-opens=java.base/java.util.concurrent=ALL-UNNAMED
20-Feb-2026 21:45:48.201 INFO [main] org.apache.catalina.startup.VersionLoggerListener.log Command line argument: --add-opens=java.rmi/sun.rmi.transport=ALL-UNNAMED
20-Feb-2026 21:45:48.201 INFO [main] org.apache.catalina.startup.VersionLoggerListener.log Command line argument: -Dcatalina.base=/Users/faatinashahul/Desktop/apache-tomcat-10.1.52
20-Feb-2026 21:45:48.201 INFO [main] org.apache.catalina.startup.VersionLoggerListener.log Command line argument: -Dcatalina.home=/Users/faatinashahul/Desktop/apache-tomcat-10.1.52
20-Feb-2026 21:45:48.201 INFO [main] org.apache.catalina.startup.VersionLoggerListener.log Command line argument: -Djava.io.tmpdir=/Users/faatinashahul/Desktop/apache-tomcat-10.1.52/temp
20-Feb-2026 21:45:48.204 INFO [main] org.apache.catalina.core.AprLifecycleListener.lifecycleEvent The Apache Tomcat Native library which allows using OpenSSL was not found on the java.library.path: [/Users/faatinashahul/Library/Java/Extensions:/Library/Java/Extensions:/Network/Library/Java/Extensions:/System/Library/Java/Extensions:/usr/lib/java:.]
20-Feb-2026 21:45:48.283 INFO [main] org.apache.coyote.AbstractProtocol.init Initializing ProtocolHandler ["http-nio-8080"]
20-Feb-2026 21:45:48.292 INFO [main] org.apache.catalina.startup.Catalina.load Server initialization in [151] milliseconds
20-Feb-2026 21:45:48.303 INFO [main] org.apache.catalina.core.StandardService.startInternal Starting service [Catalina]
20-Feb-2026 21:45:48.303 INFO [main] org.apache.catalina.core.StandardEngine.startInternal Starting Servlet engine: [Apache Tomcat/10.1.52]
20-Feb-2026 21:45:48.306 INFO [main] org.apache.catalina.startup.HostConfig.deployDirectory Deploying web application directory [/Users/faatinashahul/Desktop/apache-tomcat-10.1.52/webapps/test]
20-Feb-2026 21:45:48.462 INFO [main] org.apache.jasper.servlet.TldScanner.scanJars At least one JAR was scanned for TLDs yet contained no TLDs. Enable debug logging for this logger for a complete list of JARs that were scanned but no TLDs were found in them. Skipping unneeded JARs during scanning can improve startup time and JSP compilation time.
20-Feb-2026 21:45:48.476 INFO [main] org.apache.catalina.startup.HostConfig.deployDirectory Deployment of web application directory [/Users/faatinashahul/Desktop/apache-tomcat-10.1.52/webapps/test] has finished in [170] ms
20-Feb-2026 21:45:48.476 INFO [main] org.apache.catalina.startup.HostConfig.deployDirectory Deploying web application directory [/Users/faatinashahul/Desktop/apache-tomcat-10.1.52/webapps/student]
20-Feb-2026 21:45:48.548 INFO [main] org.apache.jasper.servlet.TldScanner.scanJars At least one JAR was scanned for TLDs yet contained no TLDs. Enable debug logging for this logger for a complete list of JARs that were scanned but no TLDs were found in them. Skipping unneeded JARs during scanning can improve startup time and JSP compilation time.
20-Feb-2026 21:45:48.549 INFO [main] org.apache.catalina.startup.HostConfig.deployDirectory Deployment of web application directory [/Users/faatinashahul/Desktop/apache-tomcat-10.1.52/webapps/student] has finished in [73] ms
20-Feb-2026 21:45:48.549 INFO [main] org.apache.catalina.startup.HostConfig.deployDirectory Deploying web application directory [/Users/faatinashahul/Desktop/apache-tomcat-10.1.52/webapps/ip_5]
20-Feb-2026 21:45:48.615 INFO [main] org.apache.jasper.servlet.TldScanner.scanJars At least one JAR was scanned for TLDs yet contained no TLDs. Enable debug logging for this logger for a complete list of JARs that were scanned but no TLDs were found in them. Skipping unneeded JARs during scanning can improve startup time and JSP compilation time.
20-Feb-2026 21:45:48.616 INFO [main] org.apache.catalina.startup.HostConfig.deployDirectory Deployment of web application directory [/Users/faatinashahul/Desktop/apache-tomcat-10.1.52/webapps/ip_5] has finished in [67] ms
20-Feb-2026 21:45:48.617 INFO [main] org.apache.catalina.startup.HostConfig.deployDirectory Deploying web application directory [/Users/faatinashahul/Desktop/apache-tomcat-10.1.52/webapps/docs]
20-Feb-2026 21:45:48.686 INFO [main] org.apache.jasper.servlet.TldScanner.scanJars At least one JAR was scanned for TLDs yet contained no TLDs. Enable debug logging for this logger for a complete list of JARs that were scanned but no TLDs were found in them. Skipping unneeded JARs during scanning can improve startup time and JSP compilation time.
20-Feb-2026 21:45:48.687 INFO [main] org.apache.catalina.startup.HostConfig.deployDirectory Deployment of web application directory [/Users/faatinashahul/Desktop/apache-tomcat-10.1.52/webapps/docs] has finished in [70] ms
20-Feb-2026 21:45:48.687 INFO [main] org.apache.catalina.startup.HostConfig.deployDirectory Deploying web application directory [/Users/faatinashahul/Desktop/apache-tomcat-10.1.52/webapps/manager]
20-Feb-2026 21:45:48.740 INFO [main] org.apache.jasper.servlet.TldScanner.scanJars At least one JAR was scanned for TLDs yet contained no TLDs. Enable debug logging for this logger for a complete list of JARs that were scanned but no TLDs were found in them. Skipping unneeded JARs during scanning can improve startup time and JSP compilation time.
20-Feb-2026 21:45:48.743 INFO [main] org.apache.catalina.startup.HostConfig.deployDirectory Deployment of web application directory [/Users/faatinashahul/Desktop/apache-tomcat-10.1.52/webapps/manager] has finished in [55] ms
20-Feb-2026 21:45:48.743 INFO [main] org.apache.catalina.startup.HostConfig.deployDirectory Deploying web application directory [/Users/faatinashahul/Desktop/apache-tomcat-10.1.52/webapps/examples]
20-Feb-2026 21:45:48.840 INFO [main] org.apache.jasper.servlet.TldScanner.scanJars At least one JAR was scanned for TLDs yet contained no TLDs. Enable debug logging for this logger for a complete list of JARs that were scanned but no TLDs were found in them. Skipping unneeded JARs during scanning can improve startup time and JSP compilation time.
20-Feb-2026 21:45:48.845 INFO [main] org.apache.catalina.startup.HostConfig.deployDirectory Deployment of web application directory [/Users/faatinashahul/Desktop/apache-tomcat-10.1.52/webapps/examples] has finished in [102] ms
20-Feb-2026 21:45:48.845 INFO [main] org.apache.catalina.startup.HostConfig.deployDirectory Deploying web application directory [/Users/faatinashahul/Desktop/apache-tomcat-10.1.52/webapps/ROOT]
20-Feb-2026 21:45:48.889 INFO [main] org.apache.jasper.servlet.TldScanner.scanJars At least one JAR was scanned for TLDs yet contained no TLDs. Enable debug logging for this logger for a complete list of JARs that were scanned but no TLDs were found in them. Skipping unneeded JARs during scanning can improve startup time and JSP compilation time.
20-Feb-2026 21:45:48.890 INFO [main] org.apache.catalina.startup.HostConfig.deployDirectory Deployment of web application directory [/Users/faatinashahul/Desktop/apache-tomcat-10.1.52/webapps/ROOT] has finished in [45] ms
20-Feb-2026 21:45:48.890 INFO [main] org.apache.catalina.startup.HostConfig.deployDirectory Deploying web application directory [/Users/faatinashahul/Desktop/apache-tomcat-10.1.52/webapps/host-manager]
20-Feb-2026 21:45:48.937 INFO [main] org.apache.jasper.servlet.TldScanner.scanJars At least one JAR was scanned for TLDs yet contained no TLDs. Enable debug logging for this logger for a complete list of JARs that were scanned but no TLDs were found in them. Skipping unneeded JARs during scanning can improve startup time and JSP compilation time.
20-Feb-2026 21:45:48.938 INFO [main] org.apache.catalina.startup.HostConfig.deployDirectory Deployment of web application directory [/Users/faatinashahul/Desktop/apache-tomcat-10.1.52/webapps/host-manager] has finished in [48] ms
20-Feb-2026 21:45:48.939 INFO [main] org.apache.coyote.AbstractProtocol.start Starting ProtocolHandler ["http-nio-8080"]
20-Feb-2026 21:45:48.943 INFO [main] org.apache.catalina.startup.Catalina.start Server startup in [650] milliseconds
20-Feb-2026 21:46:52.981 INFO [main] org.apache.catalina.core.StandardServer.await A valid shutdown command was received via the shutdown port. Stopping the Server instance.
20-Feb-2026 21:46:52.981 INFO [main] org.apache.coyote.AbstractProtocol.pause Pausing ProtocolHandler ["http-nio-8080"]
20-Feb-2026 21:46:52.982 INFO [main] org.apache.catalina.core.StandardService.stopInternal Stopping service [Catalina]
20-Feb-2026 21:46:52.992 INFO [main] org.apache.coyote.AbstractProtocol.stop Stopping ProtocolHandler ["http-nio-8080"]
20-Feb-2026 21:46:52.994 INFO [main] org.apache.coyote.AbstractProtocol.destroy Destroying ProtocolHandler ["http-nio-8080"]
20-Feb-2026 21:46:53.144 INFO [main] org.apache.catalina.startup.VersionLoggerListener.log Server version name:   Apache Tomcat/10.1.52
20-Feb-2026 21:46:53.145 INFO [main] org.apache.catalina.startup.VersionLoggerListener.log Server built:          Jan 23 2026 19:29:07 UTC
20-Feb-2026 21:46:53.145 INFO [main] org.apache.catalina.startup.VersionLoggerListener.log Server version number: 10.1.52.0
20-Feb-2026 21:46:53.145 INFO [main] org.apache.catalina.startup.VersionLoggerListener.log OS Name:               Mac OS X
20-Feb-2026 21:46:53.145 INFO [main] org.apache.catalina.startup.VersionLoggerListener.log OS Version:            26.2
20-Feb-2026 21:46:53.146 INFO [main] org.apache.catalina.startup.VersionLoggerListener.log Architecture:          aarch64
20-Feb-2026 21:46:53.146 INFO [main] org.apache.catalina.startup.VersionLoggerListener.log Java Home:             /opt/homebrew/Cellar/openjdk@17/17.0.18/libexec/openjdk.jdk/Contents/Home
20-Feb-2026 21:46:53.146 INFO [main] org.apache.catalina.startup.VersionLoggerListener.log JVM Version:           17.0.18+0
20-Feb-2026 21:46:53.146 INFO [main] org.apache.catalina.startup.VersionLoggerListener.log JVM Vendor:            Homebrew
20-Feb-2026 21:46:53.146 INFO [main] org.apache.catalina.startup.VersionLoggerListener.log CATALINA_BASE:         /Users/faatinashahul/Desktop/apache-tomcat-10.1.52
20-Feb-2026 21:46:53.146 INFO [main] org.apache.catalina.startup.VersionLoggerListener.log CATALINA_HOME:         /Users/faatinashahul/Desktop/apache-tomcat-10.1.52
20-Feb-2026 21:46:53.149 INFO [main] org.apache.catalina.startup.VersionLoggerListener.log Command line argument: -Djava.util.logging.config.file=/Users/faatinashahul/Desktop/apache-tomcat-10.1.52/conf/logging.properties
20-Feb-2026 21:46:53.149 INFO [main] org.apache.catalina.startup.VersionLoggerListener.log Command line argument: -Djava.util.logging.manager=org.apache.juli.ClassLoaderLogManager
20-Feb-2026 21:46:53.149 INFO [main] org.apache.catalina.startup.VersionLoggerListener.log Command line argument: -Djdk.tls.ephemeralDHKeySize=2048
20-Feb-2026 21:46:53.149 INFO [main] org.apache.catalina.startup.VersionLoggerListener.log Command line argument: -Djava.protocol.handler.pkgs=org.apache.catalina.webresources
20-Feb-2026 21:46:53.150 INFO [main] org.apache.catalina.startup.VersionLoggerListener.log Command line argument: -Dsun.io.useCanonCaches=false
20-Feb-2026 21:46:53.150 INFO [main] org.apache.catalina.startup.VersionLoggerListener.log Command line argument: -Dorg.apache.catalina.security.SecurityListener.UMASK=0027
20-Feb-2026 21:46:53.150 INFO [main] org.apache.catalina.startup.VersionLoggerListener.log Command line argument: --add-opens=java.base/java.lang=ALL-UNNAMED
20-Feb-2026 21:46:53.150 INFO [main] org.apache.catalina.startup.VersionLoggerListener.log Command line argument: --add-opens=java.base/java.lang.reflect=ALL-UNNAMED
20-Feb-2026 21:46:53.150 INFO [main] org.apache.catalina.startup.VersionLoggerListener.log Command line argument: --add-opens=java.base/java.io=ALL-UNNAMED
20-Feb-2026 21:46:53.150 INFO [main] org.apache.catalina.startup.VersionLoggerListener.log Command line argument: --add-opens=java.base/java.util=ALL-UNNAMED
20-Feb-2026 21:46:53.150 INFO [main] org.apache.catalina.startup.VersionLoggerListener.log Command line argument: --add-opens=java.base/java.util.concurrent=ALL-UNNAMED
20-Feb-2026 21:46:53.150 INFO [main] org.apache.catalina.startup.VersionLoggerListener.log Command line argument: --add-opens=java.rmi/sun.rmi.transport=ALL-UNNAMED
20-Feb-2026 21:46:53.150 INFO [main] org.apache.catalina.startup.VersionLoggerListener.log Command line argument: -Dcatalina.base=/Users/faatinashahul/Desktop/apache-tomcat-10.1.52
20-Feb-2026 21:46:53.150 INFO [main] org.apache.catalina.startup.VersionLoggerListener.log Command line argument: -Dcatalina.home=/Users/faatinashahul/Desktop/apache-tomcat-10.1.52
20-Feb-2026 21:46:53.150 INFO [main] org.apache.catalina.startup.VersionLoggerListener.log Command line argument: -Djava.io.tmpdir=/Users/faatinashahul/Desktop/apache-tomcat-10.1.52/temp
20-Feb-2026 21:46:53.153 INFO [main] org.apache.catalina.core.AprLifecycleListener.lifecycleEvent The Apache Tomcat Native library which allows using OpenSSL was not found on the java.library.path: [/Users/faatinashahul/Library/Java/Extensions:/Library/Java/Extensions:/Network/Library/Java/Extensions:/System/Library/Java/Extensions:/usr/lib/java:.]
20-Feb-2026 21:46:53.227 INFO [main] org.apache.coyote.AbstractProtocol.init Initializing ProtocolHandler ["http-nio-8080"]
20-Feb-2026 21:46:53.236 INFO [main] org.apache.catalina.startup.Catalina.load Server initialization in [141] milliseconds
20-Feb-2026 21:46:53.246 INFO [main] org.apache.catalina.core.StandardService.startInternal Starting service [Catalina]
20-Feb-2026 21:46:53.246 INFO [main] org.apache.catalina.core.StandardEngine.startInternal Starting Servlet engine: [Apache Tomcat/10.1.52]
20-Feb-2026 21:46:53.248 INFO [main] org.apache.catalina.startup.HostConfig.deployDirectory Deploying web application directory [/Users/faatinashahul/Desktop/apache-tomcat-10.1.52/webapps/test]
20-Feb-2026 21:46:53.391 INFO [main] org.apache.jasper.servlet.TldScanner.scanJars At least one JAR was scanned for TLDs yet contained no TLDs. Enable debug logging for this logger for a complete list of JARs that were scanned but no TLDs were found in them. Skipping unneeded JARs during scanning can improve startup time and JSP compilation time.
20-Feb-2026 21:46:53.402 INFO [main] org.apache.catalina.startup.HostConfig.deployDirectory Deployment of web application directory [/Users/faatinashahul/Desktop/apache-tomcat-10.1.52/webapps/test] has finished in [154] ms
20-Feb-2026 21:46:53.402 INFO [main] org.apache.catalina.startup.HostConfig.deployDirectory Deploying web application directory [/Users/faatinashahul/Desktop/apache-tomcat-10.1.52/webapps/student]
20-Feb-2026 21:46:53.456 INFO [main] org.apache.jasper.servlet.TldScanner.scanJars At least one JAR was scanned for TLDs yet contained no TLDs. Enable debug logging for this logger for a complete list of JARs that were scanned but no TLDs were found in them. Skipping unneeded JARs during scanning can improve startup time and JSP compilation time.
20-Feb-2026 21:46:53.456 INFO [main] org.apache.catalina.startup.HostConfig.deployDirectory Deployment of web application directory [/Users/faatinashahul/Desktop/apache-tomcat-10.1.52/webapps/student] has finished in [54] ms
20-Feb-2026 21:46:53.456 INFO [main] org.apache.catalina.startup.HostConfig.deployDirectory Deploying web application directory [/Users/faatinashahul/Desktop/apache-tomcat-10.1.52/webapps/ip_5]
20-Feb-2026 21:46:53.505 INFO [main] org.apache.jasper.servlet.TldScanner.scanJars At least one JAR was scanned for TLDs yet contained no TLDs. Enable debug logging for this logger for a complete list of JARs that were scanned but no TLDs were found in them. Skipping unneeded JARs during scanning can improve startup time and JSP compilation time.
20-Feb-2026 21:46:53.506 INFO [main] org.apache.catalina.startup.HostConfig.deployDirectory Deployment of web application directory [/Users/faatinashahul/Desktop/apache-tomcat-10.1.52/webapps/ip_5] has finished in [50] ms
20-Feb-2026 21:46:53.506 INFO [main] org.apache.catalina.startup.HostConfig.deployDirectory Deploying web application directory [/Users/faatinashahul/Desktop/apache-tomcat-10.1.52/webapps/docs]
20-Feb-2026 21:46:53.554 INFO [main] org.apache.jasper.servlet.TldScanner.scanJars At least one JAR was scanned for TLDs yet contained no TLDs. Enable debug logging for this logger for a complete list of JARs that were scanned but no TLDs were found in them. Skipping unneeded JARs during scanning can improve startup time and JSP compilation time.
20-Feb-2026 21:46:53.555 INFO [main] org.apache.catalina.startup.HostConfig.deployDirectory Deployment of web application directory [/Users/faatinashahul/Desktop/apache-tomcat-10.1.52/webapps/docs] has finished in [49] ms
20-Feb-2026 21:46:53.555 INFO [main] org.apache.catalina.startup.HostConfig.deployDirectory Deploying web application directory [/Users/faatinashahul/Desktop/apache-tomcat-10.1.52/webapps/manager]
20-Feb-2026 21:46:53.603 INFO [main] org.apache.jasper.servlet.TldScanner.scanJars At least one JAR was scanned for TLDs yet contained no TLDs. Enable debug logging for this logger for a complete list of JARs that were scanned but no TLDs were found in them. Skipping unneeded JARs during scanning can improve startup time and JSP compilation time.
20-Feb-2026 21:46:53.605 INFO [main] org.apache.catalina.startup.HostConfig.deployDirectory Deployment of web application directory [/Users/faatinashahul/Desktop/apache-tomcat-10.1.52/webapps/manager] has finished in [50] ms
20-Feb-2026 21:46:53.605 INFO [main] org.apache.catalina.startup.HostConfig.deployDirectory Deploying web application directory [/Users/faatinashahul/Desktop/apache-tomcat-10.1.52/webapps/examples]
20-Feb-2026 21:46:53.698 INFO [main] org.apache.jasper.servlet.TldScanner.scanJars At least one JAR was scanned for TLDs yet contained no TLDs. Enable debug logging for this logger for a complete list of JARs that were scanned but no TLDs were found in them. Skipping unneeded JARs during scanning can improve startup time and JSP compilation time.
20-Feb-2026 21:46:53.704 INFO [main] org.apache.catalina.startup.HostConfig.deployDirectory Deployment of web application directory [/Users/faatinashahul/Desktop/apache-tomcat-10.1.52/webapps/examples] has finished in [99] ms
20-Feb-2026 21:46:53.704 INFO [main] org.apache.catalina.startup.HostConfig.deployDirectory Deploying web application directory [/Users/faatinashahul/Desktop/apache-tomcat-10.1.52/webapps/ROOT]
20-Feb-2026 21:46:53.751 INFO [main] org.apache.jasper.servlet.TldScanner.scanJars At least one JAR was scanned for TLDs yet contained no TLDs. Enable debug logging for this logger for a complete list of JARs that were scanned but no TLDs were found in them. Skipping unneeded JARs during scanning can improve startup time and JSP compilation time.
20-Feb-2026 21:46:53.752 INFO [main] org.apache.catalina.startup.HostConfig.deployDirectory Deployment of web application directory [/Users/faatinashahul/Desktop/apache-tomcat-10.1.52/webapps/ROOT] has finished in [48] ms
20-Feb-2026 21:46:53.752 INFO [main] org.apache.catalina.startup.HostConfig.deployDirectory Deploying web application directory [/Users/faatinashahul/Desktop/apache-tomcat-10.1.52/webapps/host-manager]
20-Feb-2026 21:46:53.800 INFO [main] org.apache.jasper.servlet.TldScanner.scanJars At least one JAR was scanned for TLDs yet contained no TLDs. Enable debug logging for this logger for a complete list of JARs that were scanned but no TLDs were found in them. Skipping unneeded JARs during scanning can improve startup time and JSP compilation time.
20-Feb-2026 21:46:53.801 INFO [main] org.apache.catalina.startup.HostConfig.deployDirectory Deployment of web application directory [/Users/faatinashahul/Desktop/apache-tomcat-10.1.52/webapps/host-manager] has finished in [49] ms
20-Feb-2026 21:46:53.802 INFO [main] org.apache.coyote.AbstractProtocol.start Starting ProtocolHandler ["http-nio-8080"]
20-Feb-2026 21:46:53.806 INFO [main] org.apache.catalina.startup.Catalina.start Server startup in [570] milliseconds
