16-Feb-2026 12:58:19.496 INFO [main] org.apache.catalina.core.ApplicationContext.log SessionListener: contextDestroyed()
16-Feb-2026 12:58:19.496 INFO [main] org.apache.catalina.core.ApplicationContext.log ContextListener: contextDestroyed()
16-Feb-2026 12:58:20.163 INFO [main] org.apache.catalina.core.ApplicationContext.log ContextListener: contextInitialized()
16-Feb-2026 12:58:20.163 INFO [main] org.apache.catalina.core.ApplicationContext.log SessionListener: contextInitialized()
16-Feb-2026 12:58:20.163 INFO [main] org.apache.catalina.core.ApplicationContext.log ContextListener: attributeAdded('StockTicker', 'async.Stockticker@3dea226b')
16-Feb-2026 13:08:14.432 INFO [main] org.apache.catalina.core.ApplicationContext.log SessionListener: contextDestroyed()
16-Feb-2026 13:08:14.432 INFO [main] org.apache.catalina.core.ApplicationContext.log ContextListener: contextDestroyed()
16-Feb-2026 13:08:15.065 INFO [main] org.apache.catalina.core.ApplicationContext.log ContextListener: contextInitialized()
16-Feb-2026 13:08:15.065 INFO [main] org.apache.catalina.core.ApplicationContext.log SessionListener: contextInitialized()
16-Feb-2026 13:08:15.065 INFO [main] org.apache.catalina.core.ApplicationContext.log ContextListener: attributeAdded('StockTicker', 'async.Stockticker@2b9d4b0')
16-Feb-2026 13:12:03.439 INFO [main] org.apache.catalina.core.ApplicationContext.log SessionListener: contextDestroyed()
16-Feb-2026 13:12:03.439 INFO [main] org.apache.catalina.core.ApplicationContext.log ContextListener: contextDestroyed()
16-Feb-2026 13:12:04.064 INFO [main] org.apache.catalina.core.ApplicationContext.log ContextListener: contextInitialized()
16-Feb-2026 13:12:04.065 INFO [main] org.apache.catalina.core.ApplicationContext.log SessionListener: contextInitialized()
16-Feb-2026 13:12:04.065 INFO [main] org.apache.catalina.core.ApplicationContext.log ContextListener: attributeAdded('StockTicker', 'async.Stockticker@319aa9ee')
16-Feb-2026 13:14:41.714 INFO [main] org.apache.catalina.core.ApplicationContext.log SessionListener: contextDestroyed()
16-Feb-2026 13:14:41.714 INFO [main] org.apache.catalina.core.ApplicationContext.log ContextListener: contextDestroyed()
16-Feb-2026 13:14:42.348 INFO [main] org.apache.catalina.core.ApplicationContext.log ContextListener: contextInitialized()
16-Feb-2026 13:14:42.348 INFO [main] org.apache.catalina.core.ApplicationContext.log SessionListener: contextInitialized()
16-Feb-2026 13:14:42.348 INFO [main] org.apache.catalina.core.ApplicationContext.log ContextListener: attributeAdded('StockTicker', 'async.Stockticker@ce2eaa7')
