09-Feb-2026 21:37:28.170 INFO [main] org.apache.catalina.core.ApplicationContext.log ContextListener: contextInitialized()
09-Feb-2026 21:37:28.170 INFO [main] org.apache.catalina.core.ApplicationContext.log SessionListener: contextInitialized()
09-Feb-2026 21:37:28.171 INFO [main] org.apache.catalina.core.ApplicationContext.log ContextListener: attributeAdded('StockTicker', 'async.Stockticker@3c0fae6c')
09-Feb-2026 21:51:39.668 INFO [Catalina-utility-2] org.apache.catalina.core.ApplicationContext.log SessionListener: contextDestroyed()
09-Feb-2026 21:51:39.668 INFO [Catalina-utility-2] org.apache.catalina.core.ApplicationContext.log ContextListener: contextDestroyed()
09-Feb-2026 22:05:43.892 INFO [main] org.apache.catalina.core.ApplicationContext.log ContextListener: contextInitialized()
09-Feb-2026 22:05:43.892 INFO [main] org.apache.catalina.core.ApplicationContext.log SessionListener: contextInitialized()
09-Feb-2026 22:05:43.893 INFO [main] org.apache.catalina.core.ApplicationContext.log ContextListener: attributeAdded('StockTicker', 'async.Stockticker@89c10b7')
09-Feb-2026 22:05:43.912 INFO [main] org.apache.catalina.core.ApplicationContext.log SessionListener: contextDestroyed()
09-Feb-2026 22:05:43.912 INFO [main] org.apache.catalina.core.ApplicationContext.log ContextListener: contextDestroyed()
09-Feb-2026 22:09:07.007 INFO [main] org.apache.catalina.core.ApplicationContext.log ContextListener: contextInitialized()
09-Feb-2026 22:09:07.007 INFO [main] org.apache.catalina.core.ApplicationContext.log SessionListener: contextInitialized()
09-Feb-2026 22:09:07.007 INFO [main] org.apache.catalina.core.ApplicationContext.log ContextListener: attributeAdded('StockTicker', 'async.Stockticker@89c10b7')
09-Feb-2026 22:09:07.028 INFO [main] org.apache.catalina.core.ApplicationContext.log SessionListener: contextDestroyed()
09-Feb-2026 22:09:07.028 INFO [main] org.apache.catalina.core.ApplicationContext.log ContextListener: contextDestroyed()
09-Feb-2026 22:10:02.432 INFO [main] org.apache.catalina.core.ApplicationContext.log ContextListener: contextInitialized()
09-Feb-2026 22:10:02.432 INFO [main] org.apache.catalina.core.ApplicationContext.log SessionListener: contextInitialized()
09-Feb-2026 22:10:02.433 INFO [main] org.apache.catalina.core.ApplicationContext.log ContextListener: attributeAdded('StockTicker', 'async.Stockticker@f9d87b')
09-Feb-2026 22:12:34.447 INFO [main] org.apache.catalina.core.ApplicationContext.log SessionListener: contextDestroyed()
09-Feb-2026 22:12:34.447 INFO [main] org.apache.catalina.core.ApplicationContext.log ContextListener: contextDestroyed()
09-Feb-2026 22:27:31.407 INFO [main] org.apache.catalina.core.ApplicationContext.log ContextListener: contextInitialized()
09-Feb-2026 22:27:31.407 INFO [main] org.apache.catalina.core.ApplicationContext.log SessionListener: contextInitialized()
09-Feb-2026 22:27:31.407 INFO [main] org.apache.catalina.core.ApplicationContext.log ContextListener: attributeAdded('StockTicker', 'async.Stockticker@191ae03f')
09-Feb-2026 22:31:58.444 INFO [main] org.apache.catalina.core.ApplicationContext.log SessionListener: contextDestroyed()
09-Feb-2026 22:31:58.444 INFO [main] org.apache.catalina.core.ApplicationContext.log ContextListener: contextDestroyed()
09-Feb-2026 22:33:13.167 INFO [main] org.apache.catalina.core.ApplicationContext.log ContextListener: contextInitialized()
09-Feb-2026 22:33:13.167 INFO [main] org.apache.catalina.core.ApplicationContext.log SessionListener: contextInitialized()
09-Feb-2026 22:33:13.167 INFO [main] org.apache.catalina.core.ApplicationContext.log ContextListener: attributeAdded('StockTicker', 'async.Stockticker@5ac86ba5')
