20-Feb-2026 17:34:12.720 INFO [main] org.apache.catalina.core.ApplicationContext.log SessionListener: contextDestroyed()
20-Feb-2026 17:34:12.720 INFO [main] org.apache.catalina.core.ApplicationContext.log ContextListener: contextDestroyed()
20-Feb-2026 17:34:13.570 INFO [main] org.apache.catalina.core.ApplicationContext.log ContextListener: contextInitialized()
20-Feb-2026 17:34:13.570 INFO [main] org.apache.catalina.core.ApplicationContext.log SessionListener: contextInitialized()
20-Feb-2026 17:34:13.570 INFO [main] org.apache.catalina.core.ApplicationContext.log ContextListener: attributeAdded('StockTicker', 'async.Stockticker@e7b3e54')
20-Feb-2026 17:47:52.465 INFO [main] org.apache.catalina.core.ApplicationContext.log SessionListener: contextDestroyed()
20-Feb-2026 17:47:52.465 INFO [main] org.apache.catalina.core.ApplicationContext.log ContextListener: contextDestroyed()
20-Feb-2026 17:48:06.849 INFO [main] org.apache.catalina.core.ApplicationContext.log ContextListener: contextInitialized()
20-Feb-2026 17:48:06.849 INFO [main] org.apache.catalina.core.ApplicationContext.log SessionListener: contextInitialized()
20-Feb-2026 17:48:06.850 INFO [main] org.apache.catalina.core.ApplicationContext.log ContextListener: attributeAdded('StockTicker', 'async.Stockticker@1eda309d')
20-Feb-2026 17:55:37.585 INFO [main] org.apache.catalina.core.ApplicationContext.log SessionListener: contextDestroyed()
20-Feb-2026 17:55:37.585 INFO [main] org.apache.catalina.core.ApplicationContext.log ContextListener: contextDestroyed()
20-Feb-2026 17:55:38.257 INFO [main] org.apache.catalina.core.ApplicationContext.log ContextListener: contextInitialized()
20-Feb-2026 17:55:38.257 INFO [main] org.apache.catalina.core.ApplicationContext.log SessionListener: contextInitialized()
20-Feb-2026 17:55:38.257 INFO [main] org.apache.catalina.core.ApplicationContext.log ContextListener: attributeAdded('StockTicker', 'async.Stockticker@6e66b498')
20-Feb-2026 18:01:58.724 INFO [main] org.apache.catalina.core.ApplicationContext.log SessionListener: contextDestroyed()
20-Feb-2026 18:01:58.724 INFO [main] org.apache.catalina.core.ApplicationContext.log ContextListener: contextDestroyed()
20-Feb-2026 18:01:59.487 INFO [main] org.apache.catalina.core.ApplicationContext.log ContextListener: contextInitialized()
20-Feb-2026 18:01:59.487 INFO [main] org.apache.catalina.core.ApplicationContext.log SessionListener: contextInitialized()
20-Feb-2026 18:01:59.487 INFO [main] org.apache.catalina.core.ApplicationContext.log ContextListener: attributeAdded('StockTicker', 'async.Stockticker@679f59f1')
20-Feb-2026 18:03:09.161 INFO [main] org.apache.catalina.core.ApplicationContext.log SessionListener: contextDestroyed()
20-Feb-2026 18:03:09.161 INFO [main] org.apache.catalina.core.ApplicationContext.log ContextListener: contextDestroyed()
20-Feb-2026 18:03:09.871 INFO [main] org.apache.catalina.core.ApplicationContext.log ContextListener: contextInitialized()
20-Feb-2026 18:03:09.872 INFO [main] org.apache.catalina.core.ApplicationContext.log SessionListener: contextInitialized()
20-Feb-2026 18:03:09.872 INFO [main] org.apache.catalina.core.ApplicationContext.log ContextListener: attributeAdded('StockTicker', 'async.Stockticker@6e66b498')
20-Feb-2026 18:30:24.125 INFO [main] org.apache.catalina.core.ApplicationContext.log SessionListener: contextDestroyed()
20-Feb-2026 18:30:24.125 INFO [main] org.apache.catalina.core.ApplicationContext.log ContextListener: contextDestroyed()
20-Feb-2026 18:30:24.793 INFO [main] org.apache.catalina.core.ApplicationContext.log ContextListener: contextInitialized()
20-Feb-2026 18:30:24.793 INFO [main] org.apache.catalina.core.ApplicationContext.log SessionListener: contextInitialized()
20-Feb-2026 18:30:24.793 INFO [main] org.apache.catalina.core.ApplicationContext.log ContextListener: attributeAdded('StockTicker', 'async.Stockticker@6e66b498')
20-Feb-2026 21:45:48.038 INFO [main] org.apache.catalina.core.ApplicationContext.log SessionListener: contextDestroyed()
20-Feb-2026 21:45:48.038 INFO [main] org.apache.catalina.core.ApplicationContext.log ContextListener: contextDestroyed()
20-Feb-2026 21:45:48.843 INFO [main] org.apache.catalina.core.ApplicationContext.log ContextListener: contextInitialized()
20-Feb-2026 21:45:48.843 INFO [main] org.apache.catalina.core.ApplicationContext.log SessionListener: contextInitialized()
20-Feb-2026 21:45:48.843 INFO [main] org.apache.catalina.core.ApplicationContext.log ContextListener: attributeAdded('StockTicker', 'async.Stockticker@5e1a7d3')
20-Feb-2026 21:46:52.986 INFO [main] org.apache.catalina.core.ApplicationContext.log SessionListener: contextDestroyed()
20-Feb-2026 21:46:52.986 INFO [main] org.apache.catalina.core.ApplicationContext.log ContextListener: contextDestroyed()
20-Feb-2026 21:46:53.702 INFO [main] org.apache.catalina.core.ApplicationContext.log ContextListener: contextInitialized()
20-Feb-2026 21:46:53.702 INFO [main] org.apache.catalina.core.ApplicationContext.log SessionListener: contextInitialized()
20-Feb-2026 21:46:53.702 INFO [main] org.apache.catalina.core.ApplicationContext.log ContextListener: attributeAdded('StockTicker', 'async.Stockticker@6a6a2fdd')
