08-Mar-2026 21:37:23.452 INFO [main] org.apache.catalina.core.ApplicationContext.log ContextListener: contextInitialized()
08-Mar-2026 21:37:23.452 INFO [main] org.apache.catalina.core.ApplicationContext.log SessionListener: contextInitialized()
08-Mar-2026 21:37:23.452 INFO [main] org.apache.catalina.core.ApplicationContext.log ContextListener: attributeAdded('StockTicker', 'async.Stockticker@33f81280')
08-Mar-2026 21:37:23.630 INFO [main] org.apache.catalina.core.ApplicationContext.log SessionListener: contextDestroyed()
08-Mar-2026 21:37:23.630 INFO [main] org.apache.catalina.core.ApplicationContext.log ContextListener: contextDestroyed()
08-Mar-2026 21:39:41.178 INFO [main] org.apache.catalina.core.ApplicationContext.log ContextListener: contextInitialized()
08-Mar-2026 21:39:41.178 INFO [main] org.apache.catalina.core.ApplicationContext.log SessionListener: contextInitialized()
08-Mar-2026 21:39:41.178 INFO [main] org.apache.catalina.core.ApplicationContext.log ContextListener: attributeAdded('StockTicker', 'async.Stockticker@3991fe6d')
08-Mar-2026 21:39:41.360 INFO [main] org.apache.catalina.core.ApplicationContext.log SessionListener: contextDestroyed()
08-Mar-2026 21:39:41.360 INFO [main] org.apache.catalina.core.ApplicationContext.log ContextListener: contextDestroyed()
08-Mar-2026 21:42:57.964 INFO [main] org.apache.catalina.core.ApplicationContext.log SessionListener: contextDestroyed()
08-Mar-2026 21:42:57.964 INFO [main] org.apache.catalina.core.ApplicationContext.log ContextListener: contextDestroyed()
08-Mar-2026 21:43:01.969 INFO [main] org.apache.catalina.core.ApplicationContext.log ContextListener: contextInitialized()
08-Mar-2026 21:43:01.969 INFO [main] org.apache.catalina.core.ApplicationContext.log SessionListener: contextInitialized()
08-Mar-2026 21:43:01.969 INFO [main] org.apache.catalina.core.ApplicationContext.log ContextListener: attributeAdded('StockTicker', 'async.Stockticker@5d77be8e')
08-Mar-2026 21:46:55.693 INFO [main] org.apache.catalina.core.ApplicationContext.log ContextListener: contextInitialized()
08-Mar-2026 21:46:55.693 INFO [main] org.apache.catalina.core.ApplicationContext.log SessionListener: contextInitialized()
08-Mar-2026 21:46:55.693 INFO [main] org.apache.catalina.core.ApplicationContext.log ContextListener: attributeAdded('StockTicker', 'async.Stockticker@54caeadc')
08-Mar-2026 21:46:55.874 INFO [main] org.apache.catalina.core.ApplicationContext.log SessionListener: contextDestroyed()
08-Mar-2026 21:46:55.874 INFO [main] org.apache.catalina.core.ApplicationContext.log ContextListener: contextDestroyed()
08-Mar-2026 21:52:31.004 INFO [main] org.apache.catalina.core.ApplicationContext.log ContextListener: contextInitialized()
08-Mar-2026 21:52:31.004 INFO [main] org.apache.catalina.core.ApplicationContext.log SessionListener: contextInitialized()
08-Mar-2026 21:52:31.004 INFO [main] org.apache.catalina.core.ApplicationContext.log ContextListener: attributeAdded('StockTicker', 'async.Stockticker@7eebb316')
08-Mar-2026 21:52:31.218 INFO [main] org.apache.catalina.core.ApplicationContext.log SessionListener: contextDestroyed()
08-Mar-2026 21:52:31.218 INFO [main] org.apache.catalina.core.ApplicationContext.log ContextListener: contextDestroyed()
08-Mar-2026 22:08:45.687 INFO [main] org.apache.catalina.core.ApplicationContext.log ContextListener: contextInitialized()
08-Mar-2026 22:08:45.687 INFO [main] org.apache.catalina.core.ApplicationContext.log SessionListener: contextInitialized()
08-Mar-2026 22:08:45.687 INFO [main] org.apache.catalina.core.ApplicationContext.log ContextListener: attributeAdded('StockTicker', 'async.Stockticker@54caeadc')
08-Mar-2026 22:08:45.899 INFO [main] org.apache.catalina.core.ApplicationContext.log SessionListener: contextDestroyed()
08-Mar-2026 22:08:45.899 INFO [main] org.apache.catalina.core.ApplicationContext.log ContextListener: contextDestroyed()
08-Mar-2026 22:09:45.612 INFO [main] org.apache.catalina.core.ApplicationContext.log ContextListener: contextInitialized()
08-Mar-2026 22:09:45.612 INFO [main] org.apache.catalina.core.ApplicationContext.log SessionListener: contextInitialized()
08-Mar-2026 22:09:45.612 INFO [main] org.apache.catalina.core.ApplicationContext.log ContextListener: attributeAdded('StockTicker', 'async.Stockticker@338270ea')
08-Mar-2026 22:09:45.825 INFO [main] org.apache.catalina.core.ApplicationContext.log SessionListener: contextDestroyed()
08-Mar-2026 22:09:45.825 INFO [main] org.apache.catalina.core.ApplicationContext.log ContextListener: contextDestroyed()
08-Mar-2026 22:12:47.545 INFO [main] org.apache.catalina.core.ApplicationContext.log ContextListener: contextInitialized()
08-Mar-2026 22:12:47.545 INFO [main] org.apache.catalina.core.ApplicationContext.log SessionListener: contextInitialized()
08-Mar-2026 22:12:47.545 INFO [main] org.apache.catalina.core.ApplicationContext.log ContextListener: attributeAdded('StockTicker', 'async.Stockticker@54caeadc')
08-Mar-2026 22:12:47.766 INFO [main] org.apache.catalina.core.ApplicationContext.log SessionListener: contextDestroyed()
08-Mar-2026 22:12:47.766 INFO [main] org.apache.catalina.core.ApplicationContext.log ContextListener: contextDestroyed()
08-Mar-2026 22:12:52.092 INFO [main] org.apache.catalina.core.ApplicationContext.log ContextListener: contextInitialized()
08-Mar-2026 22:12:52.092 INFO [main] org.apache.catalina.core.ApplicationContext.log SessionListener: contextInitialized()
08-Mar-2026 22:12:52.092 INFO [main] org.apache.catalina.core.ApplicationContext.log ContextListener: attributeAdded('StockTicker', 'async.Stockticker@61d7bb61')
08-Mar-2026 22:12:52.314 INFO [main] org.apache.catalina.core.ApplicationContext.log SessionListener: contextDestroyed()
08-Mar-2026 22:12:52.314 INFO [main] org.apache.catalina.core.ApplicationContext.log ContextListener: contextDestroyed()
08-Mar-2026 22:13:26.590 INFO [main] org.apache.catalina.core.ApplicationContext.log ContextListener: contextInitialized()
08-Mar-2026 22:13:26.590 INFO [main] org.apache.catalina.core.ApplicationContext.log SessionListener: contextInitialized()
08-Mar-2026 22:13:26.591 INFO [main] org.apache.catalina.core.ApplicationContext.log ContextListener: attributeAdded('StockTicker', 'async.Stockticker@61d7bb61')
08-Mar-2026 22:13:26.812 INFO [main] org.apache.catalina.core.ApplicationContext.log SessionListener: contextDestroyed()
08-Mar-2026 22:13:26.812 INFO [main] org.apache.catalina.core.ApplicationContext.log ContextListener: contextDestroyed()
08-Mar-2026 22:15:00.334 INFO [main] org.apache.catalina.core.ApplicationContext.log ContextListener: contextInitialized()
08-Mar-2026 22:15:00.334 INFO [main] org.apache.catalina.core.ApplicationContext.log SessionListener: contextInitialized()
08-Mar-2026 22:15:00.335 INFO [main] org.apache.catalina.core.ApplicationContext.log ContextListener: attributeAdded('StockTicker', 'async.Stockticker@54caeadc')
08-Mar-2026 22:15:00.556 INFO [main] org.apache.catalina.core.ApplicationContext.log SessionListener: contextDestroyed()
08-Mar-2026 22:15:00.556 INFO [main] org.apache.catalina.core.ApplicationContext.log ContextListener: contextDestroyed()
08-Mar-2026 22:15:06.072 INFO [main] org.apache.catalina.core.ApplicationContext.log ContextListener: contextInitialized()
08-Mar-2026 22:15:06.072 INFO [main] org.apache.catalina.core.ApplicationContext.log SessionListener: contextInitialized()
08-Mar-2026 22:15:06.072 INFO [main] org.apache.catalina.core.ApplicationContext.log ContextListener: attributeAdded('StockTicker', 'async.Stockticker@61d7bb61')
08-Mar-2026 22:15:06.286 INFO [main] org.apache.catalina.core.ApplicationContext.log SessionListener: contextDestroyed()
08-Mar-2026 22:15:06.286 INFO [main] org.apache.catalina.core.ApplicationContext.log ContextListener: contextDestroyed()
