10-Apr-2026 00:17:17.982 INFO [main] org.apache.catalina.core.ApplicationContext.log SessionListener: contextDestroyed()
10-Apr-2026 00:17:17.982 INFO [main] org.apache.catalina.core.ApplicationContext.log ContextListener: contextDestroyed()
10-Apr-2026 00:17:19.391 INFO [main] org.apache.catalina.core.ApplicationContext.log ContextListener: contextInitialized()
10-Apr-2026 00:17:19.391 INFO [main] org.apache.catalina.core.ApplicationContext.log SessionListener: contextInitialized()
10-Apr-2026 00:17:19.391 INFO [main] org.apache.catalina.core.ApplicationContext.log ContextListener: attributeAdded('StockTicker', 'async.Stockticker@614ae4eb')
10-Apr-2026 00:19:54.292 INFO [main] org.apache.catalina.core.ApplicationContext.log SessionListener: contextDestroyed()
10-Apr-2026 00:19:54.292 INFO [main] org.apache.catalina.core.ApplicationContext.log ContextListener: contextDestroyed()
10-Apr-2026 00:19:55.775 INFO [main] org.apache.catalina.core.ApplicationContext.log ContextListener: contextInitialized()
10-Apr-2026 00:19:55.775 INFO [main] org.apache.catalina.core.ApplicationContext.log SessionListener: contextInitialized()
10-Apr-2026 00:19:55.775 INFO [main] org.apache.catalina.core.ApplicationContext.log ContextListener: attributeAdded('StockTicker', 'async.Stockticker@2d94279f')
10-Apr-2026 00:25:12.278 INFO [main] org.apache.catalina.core.ApplicationContext.log SessionListener: contextDestroyed()
10-Apr-2026 00:25:12.278 INFO [main] org.apache.catalina.core.ApplicationContext.log ContextListener: contextDestroyed()
10-Apr-2026 00:25:13.798 INFO [main] org.apache.catalina.core.ApplicationContext.log ContextListener: contextInitialized()
10-Apr-2026 00:25:13.798 INFO [main] org.apache.catalina.core.ApplicationContext.log SessionListener: contextInitialized()
10-Apr-2026 00:25:13.800 INFO [main] org.apache.catalina.core.ApplicationContext.log ContextListener: attributeAdded('StockTicker', 'async.Stockticker@2d94279f')
10-Apr-2026 00:25:34.104 SEVERE [http-nio-8080-exec-2] org.apache.catalina.core.StandardWrapperValve.invoke Servlet.service() for servlet [viewServlet] in context with path [/hms] threw exception
	java.lang.NumberFormatException: Cannot parse null string
		at java.base/java.lang.Integer.parseInt(Integer.java:630)
		at java.base/java.lang.Integer.parseInt(Integer.java:786)
		at viewServlet.doGet(viewServlet.java:12)
		at jakarta.servlet.http.HttpServlet.service(HttpServlet.java:564)
		at jakarta.servlet.http.HttpServlet.service(HttpServlet.java:658)
		at org.apache.catalina.core.ApplicationFilterChain.internalDoFilter(ApplicationFilterChain.java:193)
		at org.apache.catalina.core.ApplicationFilterChain.doFilter(ApplicationFilterChain.java:138)
		at org.apache.tomcat.websocket.server.WsFilter.doFilter(WsFilter.java:51)
		at org.apache.catalina.core.ApplicationFilterChain.internalDoFilter(ApplicationFilterChain.java:162)
		at org.apache.catalina.core.ApplicationFilterChain.doFilter(ApplicationFilterChain.java:138)
		at org.apache.catalina.core.StandardWrapperValve.invoke(StandardWrapperValve.java:165)
		at org.apache.catalina.core.StandardContextValve.invoke(StandardContextValve.java:88)
		at org.apache.catalina.authenticator.AuthenticatorBase.invoke(AuthenticatorBase.java:492)
		at org.apache.catalina.core.StandardHostValve.invoke(StandardHostValve.java:113)
		at org.apache.catalina.valves.ErrorReportValve.invoke(ErrorReportValve.java:83)
		at org.apache.catalina.valves.AbstractAccessLogValve.invoke(AbstractAccessLogValve.java:654)
		at org.apache.catalina.core.StandardEngineValve.invoke(StandardEngineValve.java:72)
		at org.apache.catalina.connector.CoyoteAdapter.service(CoyoteAdapter.java:342)
		at org.apache.coyote.http11.Http11Processor.service(Http11Processor.java:399)
		at org.apache.coyote.AbstractProcessorLight.process(AbstractProcessorLight.java:63)
		at org.apache.coyote.AbstractProtocol$ConnectionHandler.process(AbstractProtocol.java:903)
		at org.apache.tomcat.util.net.NioEndpoint$SocketProcessor.doRun(NioEndpoint.java:1775)
		at org.apache.tomcat.util.net.SocketProcessorBase.run(SocketProcessorBase.java:52)
		at org.apache.tomcat.util.threads.ThreadPoolExecutor.runWorker(ThreadPoolExecutor.java:973)
		at org.apache.tomcat.util.threads.ThreadPoolExecutor$Worker.run(ThreadPoolExecutor.java:491)
		at org.apache.tomcat.util.threads.TaskThread$WrappingRunnable.run(TaskThread.java:63)
		at java.base/java.lang.Thread.run(Thread.java:840)
10-Apr-2026 00:28:18.477 INFO [main] org.apache.catalina.core.ApplicationContext.log ContextListener: contextInitialized()
10-Apr-2026 00:28:18.477 INFO [main] org.apache.catalina.core.ApplicationContext.log SessionListener: contextInitialized()
10-Apr-2026 00:28:18.479 INFO [main] org.apache.catalina.core.ApplicationContext.log ContextListener: attributeAdded('StockTicker', 'async.Stockticker@71806c64')
10-Apr-2026 00:28:18.889 INFO [main] org.apache.catalina.core.ApplicationContext.log SessionListener: contextDestroyed()
10-Apr-2026 00:28:18.889 INFO [main] org.apache.catalina.core.ApplicationContext.log ContextListener: contextDestroyed()
10-Apr-2026 00:28:20.267 INFO [main] org.apache.catalina.core.ApplicationContext.log SessionListener: contextDestroyed()
10-Apr-2026 00:28:20.267 INFO [main] org.apache.catalina.core.ApplicationContext.log ContextListener: contextDestroyed()
10-Apr-2026 00:28:25.409 INFO [main] org.apache.catalina.core.ApplicationContext.log ContextListener: contextInitialized()
10-Apr-2026 00:28:25.409 INFO [main] org.apache.catalina.core.ApplicationContext.log SessionListener: contextInitialized()
10-Apr-2026 00:28:25.409 INFO [main] org.apache.catalina.core.ApplicationContext.log ContextListener: attributeAdded('StockTicker', 'async.Stockticker@6b6939e1')
