26-Feb-2026 02:09:08.528 INFO [Thread-1] org.apache.catalina.core.ApplicationContext.log SessionListener: contextDestroyed()
26-Feb-2026 02:09:08.528 INFO [Thread-1] org.apache.catalina.core.ApplicationContext.log ContextListener: contextDestroyed()
26-Feb-2026 22:31:05.716 INFO [main] org.apache.catalina.core.ApplicationContext.log ContextListener: contextInitialized()
26-Feb-2026 22:31:05.716 INFO [main] org.apache.catalina.core.ApplicationContext.log SessionListener: contextInitialized()
26-Feb-2026 22:31:05.716 INFO [main] org.apache.catalina.core.ApplicationContext.log ContextListener: attributeAdded('StockTicker', 'async.Stockticker@6a6a2fdd')
26-Feb-2026 22:31:54.177 INFO [http-nio-8080-exec-6] org.apache.catalina.core.ApplicationContext.log Marking servlet [RegisterServlet] as unavailable
26-Feb-2026 22:31:54.178 SEVERE [http-nio-8080-exec-6] org.apache.catalina.core.StandardWrapperValve.invoke Allocate exception for servlet [RegisterServlet]
	java.lang.ClassNotFoundException: com.complaint.servlet.RegisterServlet
		at org.apache.catalina.loader.WebappClassLoaderBase.loadClass(WebappClassLoaderBase.java:1377)
		at org.apache.catalina.loader.WebappClassLoaderBase.loadClass(WebappClassLoaderBase.java:1186)
		at org.apache.catalina.core.DefaultInstanceManager.loadClass(DefaultInstanceManager.java:487)
		at org.apache.catalina.core.DefaultInstanceManager.loadClassMaybePrivileged(DefaultInstanceManager.java:469)
		at org.apache.catalina.core.DefaultInstanceManager.newInstance(DefaultInstanceManager.java:143)
		at org.apache.catalina.core.StandardWrapper.loadServlet(StandardWrapper.java:761)
		at org.apache.catalina.core.StandardWrapper.allocate(StandardWrapper.java:578)
		at org.apache.catalina.core.StandardWrapperValve.invoke(StandardWrapperValve.java:113)
		at org.apache.catalina.core.StandardContextValve.invoke(StandardContextValve.java:88)
		at org.apache.catalina.authenticator.AuthenticatorBase.invoke(AuthenticatorBase.java:492)
		at org.apache.catalina.core.StandardHostValve.invoke(StandardHostValve.java:113)
		at org.apache.catalina.valves.ErrorReportValve.invoke(ErrorReportValve.java:83)
		at org.apache.catalina.valves.AbstractAccessLogValve.invoke(AbstractAccessLogValve.java:654)
		at org.apache.catalina.core.StandardEngineValve.invoke(StandardEngineValve.java:72)
		at org.apache.catalina.connector.CoyoteAdapter.service(CoyoteAdapter.java:342)
		at org.apache.coyote.http11.Http11Processor.service(Http11Processor.java:399)
		at org.apache.coyote.AbstractProcessorLight.process(AbstractProcessorLight.java:63)
		at org.apache.coyote.AbstractProtocol$ConnectionHandler.process(AbstractProtocol.java:903)
		at org.apache.tomcat.util.net.NioEndpoint$SocketProcessor.doRun(NioEndpoint.java:1775)
		at org.apache.tomcat.util.net.SocketProcessorBase.run(SocketProcessorBase.java:52)
		at org.apache.tomcat.util.threads.ThreadPoolExecutor.runWorker(ThreadPoolExecutor.java:973)
		at org.apache.tomcat.util.threads.ThreadPoolExecutor$Worker.run(ThreadPoolExecutor.java:491)
		at org.apache.tomcat.util.threads.TaskThread$WrappingRunnable.run(TaskThread.java:63)
		at java.base/java.lang.Thread.run(Thread.java:840)
26-Feb-2026 22:37:13.536 INFO [main] org.apache.catalina.core.ApplicationContext.log SessionListener: contextDestroyed()
26-Feb-2026 22:37:13.536 INFO [main] org.apache.catalina.core.ApplicationContext.log ContextListener: contextDestroyed()
26-Feb-2026 22:37:14.329 INFO [main] org.apache.catalina.core.ApplicationContext.log ContextListener: contextInitialized()
26-Feb-2026 22:37:14.329 INFO [main] org.apache.catalina.core.ApplicationContext.log SessionListener: contextInitialized()
26-Feb-2026 22:37:14.330 INFO [main] org.apache.catalina.core.ApplicationContext.log ContextListener: attributeAdded('StockTicker', 'async.Stockticker@552ffa44')
26-Feb-2026 22:38:51.031 INFO [main] org.apache.catalina.core.ApplicationContext.log SessionListener: contextDestroyed()
26-Feb-2026 22:38:51.031 INFO [main] org.apache.catalina.core.ApplicationContext.log ContextListener: contextDestroyed()
26-Feb-2026 22:38:51.809 INFO [main] org.apache.catalina.core.ApplicationContext.log ContextListener: contextInitialized()
26-Feb-2026 22:38:51.809 INFO [main] org.apache.catalina.core.ApplicationContext.log SessionListener: contextInitialized()
26-Feb-2026 22:38:51.809 INFO [main] org.apache.catalina.core.ApplicationContext.log ContextListener: attributeAdded('StockTicker', 'async.Stockticker@39004e4f')
26-Feb-2026 22:40:46.498 INFO [main] org.apache.catalina.core.ApplicationContext.log SessionListener: contextDestroyed()
26-Feb-2026 22:40:46.498 INFO [main] org.apache.catalina.core.ApplicationContext.log ContextListener: contextDestroyed()
26-Feb-2026 22:40:47.280 INFO [main] org.apache.catalina.core.ApplicationContext.log ContextListener: contextInitialized()
26-Feb-2026 22:40:47.280 INFO [main] org.apache.catalina.core.ApplicationContext.log SessionListener: contextInitialized()
26-Feb-2026 22:40:47.281 INFO [main] org.apache.catalina.core.ApplicationContext.log ContextListener: attributeAdded('StockTicker', 'async.Stockticker@6a6a2fdd')
26-Feb-2026 22:41:22.378 SEVERE [http-nio-8080-exec-7] org.apache.catalina.core.StandardWrapperValve.invoke Servlet.service() for servlet [jsp] in context with path [/OnlineComplaintSystem] threw exception [org.apache.jasper.JasperException: Unable to compile class for JSP: 

An error occurred at line: [86] in the jsp file: [/dashboard.jsp]
DBConnection cannot be resolved
83: 
84:         <%
85:             try {
86:                 Connection con = DBConnection.getConnection();
87:                 Statement st = con.createStatement();
88:                 ResultSet rs = st.executeQuery("SELECT * FROM complaints");
89: 


Stacktrace:] with root cause
	org.apache.jasper.JasperException: Unable to compile class for JSP: 

An error occurred at line: [86] in the jsp file: [/dashboard.jsp]
DBConnection cannot be resolved
83: 
84:         <%
85:             try {
86:                 Connection con = DBConnection.getConnection();
87:                 Statement st = con.createStatement();
88:                 ResultSet rs = st.executeQuery("SELECT * FROM complaints");
89: 


Stacktrace:
		at org.apache.jasper.compiler.DefaultErrorHandler.javacError(DefaultErrorHandler.java:70)
		at org.apache.jasper.compiler.ErrorDispatcher.javacError(ErrorDispatcher.java:189)
		at org.apache.jasper.compiler.JDTCompiler.generateClass(JDTCompiler.java:553)
		at org.apache.jasper.compiler.Compiler.compile(Compiler.java:367)
		at org.apache.jasper.compiler.Compiler.compile(Compiler.java:339)
		at org.apache.jasper.compiler.Compiler.compile(Compiler.java:325)
		at org.apache.jasper.JspCompilationContext.compile(JspCompilationContext.java:586)
		at org.apache.jasper.servlet.JspServletWrapper.service(JspServletWrapper.java:368)
		at org.apache.jasper.servlet.JspServlet.serviceJspFile(JspServlet.java:350)
		at org.apache.jasper.servlet.JspServlet.service(JspServlet.java:301)
		at jakarta.servlet.http.HttpServlet.service(HttpServlet.java:658)
		at org.apache.catalina.core.ApplicationFilterChain.internalDoFilter(ApplicationFilterChain.java:193)
		at org.apache.catalina.core.ApplicationFilterChain.doFilter(ApplicationFilterChain.java:138)
		at org.apache.tomcat.websocket.server.WsFilter.doFilter(WsFilter.java:51)
		at org.apache.catalina.core.ApplicationFilterChain.internalDoFilter(ApplicationFilterChain.java:162)
		at org.apache.catalina.core.ApplicationFilterChain.doFilter(ApplicationFilterChain.java:138)
		at org.apache.catalina.core.StandardWrapperValve.invoke(StandardWrapperValve.java:165)
		at org.apache.catalina.core.StandardContextValve.invoke(StandardContextValve.java:88)
		at org.apache.catalina.authenticator.AuthenticatorBase.invoke(AuthenticatorBase.java:492)
		at org.apache.catalina.core.StandardHostValve.invoke(StandardHostValve.java:113)
		at org.apache.catalina.valves.ErrorReportValve.invoke(ErrorReportValve.java:83)
		at org.apache.catalina.valves.AbstractAccessLogValve.invoke(AbstractAccessLogValve.java:654)
		at org.apache.catalina.core.StandardEngineValve.invoke(StandardEngineValve.java:72)
		at org.apache.catalina.connector.CoyoteAdapter.service(CoyoteAdapter.java:342)
		at org.apache.coyote.http11.Http11Processor.service(Http11Processor.java:399)
		at org.apache.coyote.AbstractProcessorLight.process(AbstractProcessorLight.java:63)
		at org.apache.coyote.AbstractProtocol$ConnectionHandler.process(AbstractProtocol.java:903)
		at org.apache.tomcat.util.net.NioEndpoint$SocketProcessor.doRun(NioEndpoint.java:1775)
		at org.apache.tomcat.util.net.SocketProcessorBase.run(SocketProcessorBase.java:52)
		at org.apache.tomcat.util.threads.ThreadPoolExecutor.runWorker(ThreadPoolExecutor.java:973)
		at org.apache.tomcat.util.threads.ThreadPoolExecutor$Worker.run(ThreadPoolExecutor.java:491)
		at org.apache.tomcat.util.threads.TaskThread$WrappingRunnable.run(TaskThread.java:63)
		at java.base/java.lang.Thread.run(Thread.java:840)
26-Feb-2026 22:43:44.444 INFO [main] org.apache.catalina.core.ApplicationContext.log SessionListener: contextDestroyed()
26-Feb-2026 22:43:44.444 INFO [main] org.apache.catalina.core.ApplicationContext.log ContextListener: contextDestroyed()
26-Feb-2026 22:43:45.167 INFO [main] org.apache.catalina.core.ApplicationContext.log ContextListener: contextInitialized()
26-Feb-2026 22:43:45.167 INFO [main] org.apache.catalina.core.ApplicationContext.log SessionListener: contextInitialized()
26-Feb-2026 22:43:45.168 INFO [main] org.apache.catalina.core.ApplicationContext.log ContextListener: attributeAdded('StockTicker', 'async.Stockticker@39004e4f')
26-Feb-2026 22:44:07.619 SEVERE [http-nio-8080-exec-4] org.apache.catalina.core.StandardWrapperValve.invoke Servlet.service() for servlet [jsp] in context with path [/OnlineComplaintSystem] threw exception [org.apache.jasper.JasperException: Unable to compile class for JSP: 

An error occurred at line: [15] in the generated java file: [/Users/faatinashahul/Desktop/apache-tomcat-10.1.52/work/Catalina/localhost/OnlineComplaintSystem/org/apache/jsp/dashboard_jsp.java]
The import dbConnectiondao cannot be resolved

An error occurred at line: [87] in the jsp file: [/dashboard.jsp]
dbConnectiondao cannot be resolved
84: 
85:         <%
86:             try {
87:                 Connection con = dbConnectiondao.getConnection();
88:                 Statement st = con.createStatement();
89:                 ResultSet rs = st.executeQuery("SELECT * FROM complaints");
90: 


Stacktrace:] with root cause
	org.apache.jasper.JasperException: Unable to compile class for JSP: 

An error occurred at line: [15] in the generated java file: [/Users/faatinashahul/Desktop/apache-tomcat-10.1.52/work/Catalina/localhost/OnlineComplaintSystem/org/apache/jsp/dashboard_jsp.java]
The import dbConnectiondao cannot be resolved

An error occurred at line: [87] in the jsp file: [/dashboard.jsp]
dbConnectiondao cannot be resolved
84: 
85:         <%
86:             try {
87:                 Connection con = dbConnectiondao.getConnection();
88:                 Statement st = con.createStatement();
89:                 ResultSet rs = st.executeQuery("SELECT * FROM complaints");
90: 


Stacktrace:
		at org.apache.jasper.compiler.DefaultErrorHandler.javacError(DefaultErrorHandler.java:70)
		at org.apache.jasper.compiler.ErrorDispatcher.javacError(ErrorDispatcher.java:189)
		at org.apache.jasper.compiler.JDTCompiler.generateClass(JDTCompiler.java:553)
		at org.apache.jasper.compiler.Compiler.compile(Compiler.java:367)
		at org.apache.jasper.compiler.Compiler.compile(Compiler.java:339)
		at org.apache.jasper.compiler.Compiler.compile(Compiler.java:325)
		at org.apache.jasper.JspCompilationContext.compile(JspCompilationContext.java:586)
		at org.apache.jasper.servlet.JspServletWrapper.service(JspServletWrapper.java:368)
		at org.apache.jasper.servlet.JspServlet.serviceJspFile(JspServlet.java:350)
		at org.apache.jasper.servlet.JspServlet.service(JspServlet.java:301)
		at jakarta.servlet.http.HttpServlet.service(HttpServlet.java:658)
		at org.apache.catalina.core.ApplicationFilterChain.internalDoFilter(ApplicationFilterChain.java:193)
		at org.apache.catalina.core.ApplicationFilterChain.doFilter(ApplicationFilterChain.java:138)
		at org.apache.tomcat.websocket.server.WsFilter.doFilter(WsFilter.java:51)
		at org.apache.catalina.core.ApplicationFilterChain.internalDoFilter(ApplicationFilterChain.java:162)
		at org.apache.catalina.core.ApplicationFilterChain.doFilter(ApplicationFilterChain.java:138)
		at org.apache.catalina.core.StandardWrapperValve.invoke(StandardWrapperValve.java:165)
		at org.apache.catalina.core.StandardContextValve.invoke(StandardContextValve.java:88)
		at org.apache.catalina.authenticator.AuthenticatorBase.invoke(AuthenticatorBase.java:492)
		at org.apache.catalina.core.StandardHostValve.invoke(StandardHostValve.java:113)
		at org.apache.catalina.valves.ErrorReportValve.invoke(ErrorReportValve.java:83)
		at org.apache.catalina.valves.AbstractAccessLogValve.invoke(AbstractAccessLogValve.java:654)
		at org.apache.catalina.core.StandardEngineValve.invoke(StandardEngineValve.java:72)
		at org.apache.catalina.connector.CoyoteAdapter.service(CoyoteAdapter.java:342)
		at org.apache.coyote.http11.Http11Processor.service(Http11Processor.java:399)
		at org.apache.coyote.AbstractProcessorLight.process(AbstractProcessorLight.java:63)
		at org.apache.coyote.AbstractProtocol$ConnectionHandler.process(AbstractProtocol.java:903)
		at org.apache.tomcat.util.net.NioEndpoint$SocketProcessor.doRun(NioEndpoint.java:1775)
		at org.apache.tomcat.util.net.SocketProcessorBase.run(SocketProcessorBase.java:52)
		at org.apache.tomcat.util.threads.ThreadPoolExecutor.runWorker(ThreadPoolExecutor.java:973)
		at org.apache.tomcat.util.threads.ThreadPoolExecutor$Worker.run(ThreadPoolExecutor.java:491)
		at org.apache.tomcat.util.threads.TaskThread$WrappingRunnable.run(TaskThread.java:63)
		at java.base/java.lang.Thread.run(Thread.java:840)
26-Feb-2026 22:45:29.170 INFO [main] org.apache.catalina.core.ApplicationContext.log SessionListener: contextDestroyed()
26-Feb-2026 22:45:29.170 INFO [main] org.apache.catalina.core.ApplicationContext.log ContextListener: contextDestroyed()
26-Feb-2026 22:45:29.974 INFO [main] org.apache.catalina.core.ApplicationContext.log ContextListener: contextInitialized()
26-Feb-2026 22:45:29.974 INFO [main] org.apache.catalina.core.ApplicationContext.log SessionListener: contextInitialized()
26-Feb-2026 22:45:29.975 INFO [main] org.apache.catalina.core.ApplicationContext.log ContextListener: attributeAdded('StockTicker', 'async.Stockticker@4f9213d2')
26-Feb-2026 22:45:42.734 SEVERE [http-nio-8080-exec-5] org.apache.catalina.core.StandardWrapperValve.invoke Servlet.service() for servlet [jsp] in context with path [/OnlineComplaintSystem] threw exception [org.apache.jasper.JasperException: Unable to compile class for JSP: 

An error occurred at line: [15] in the generated java file: [/Users/faatinashahul/Desktop/apache-tomcat-10.1.52/work/Catalina/localhost/OnlineComplaintSystem/org/apache/jsp/dashboard_jsp.java]
The import dbConnectiondao cannot be resolved

An error occurred at line: [87] in the jsp file: [/dashboard.jsp]
dbConnectiondao cannot be resolved
84: 
85:         <%
86:             try {
87:                 Connection con = dbConnectiondao.getConnection();
88:                 Statement st = con.createStatement();
89:                 ResultSet rs = st.executeQuery("SELECT * FROM complaints");
90: 


Stacktrace:] with root cause
	org.apache.jasper.JasperException: Unable to compile class for JSP: 

An error occurred at line: [15] in the generated java file: [/Users/faatinashahul/Desktop/apache-tomcat-10.1.52/work/Catalina/localhost/OnlineComplaintSystem/org/apache/jsp/dashboard_jsp.java]
The import dbConnectiondao cannot be resolved

An error occurred at line: [87] in the jsp file: [/dashboard.jsp]
dbConnectiondao cannot be resolved
84: 
85:         <%
86:             try {
87:                 Connection con = dbConnectiondao.getConnection();
88:                 Statement st = con.createStatement();
89:                 ResultSet rs = st.executeQuery("SELECT * FROM complaints");
90: 


Stacktrace:
		at org.apache.jasper.compiler.DefaultErrorHandler.javacError(DefaultErrorHandler.java:70)
		at org.apache.jasper.compiler.ErrorDispatcher.javacError(ErrorDispatcher.java:189)
		at org.apache.jasper.compiler.JDTCompiler.generateClass(JDTCompiler.java:553)
		at org.apache.jasper.compiler.Compiler.compile(Compiler.java:367)
		at org.apache.jasper.compiler.Compiler.compile(Compiler.java:339)
		at org.apache.jasper.compiler.Compiler.compile(Compiler.java:325)
		at org.apache.jasper.JspCompilationContext.compile(JspCompilationContext.java:586)
		at org.apache.jasper.servlet.JspServletWrapper.service(JspServletWrapper.java:368)
		at org.apache.jasper.servlet.JspServlet.serviceJspFile(JspServlet.java:350)
		at org.apache.jasper.servlet.JspServlet.service(JspServlet.java:301)
		at jakarta.servlet.http.HttpServlet.service(HttpServlet.java:658)
		at org.apache.catalina.core.ApplicationFilterChain.internalDoFilter(ApplicationFilterChain.java:193)
		at org.apache.catalina.core.ApplicationFilterChain.doFilter(ApplicationFilterChain.java:138)
		at org.apache.tomcat.websocket.server.WsFilter.doFilter(WsFilter.java:51)
		at org.apache.catalina.core.ApplicationFilterChain.internalDoFilter(ApplicationFilterChain.java:162)
		at org.apache.catalina.core.ApplicationFilterChain.doFilter(ApplicationFilterChain.java:138)
		at org.apache.catalina.core.StandardWrapperValve.invoke(StandardWrapperValve.java:165)
		at org.apache.catalina.core.StandardContextValve.invoke(StandardContextValve.java:88)
		at org.apache.catalina.authenticator.AuthenticatorBase.invoke(AuthenticatorBase.java:492)
		at org.apache.catalina.core.StandardHostValve.invoke(StandardHostValve.java:113)
		at org.apache.catalina.valves.ErrorReportValve.invoke(ErrorReportValve.java:83)
		at org.apache.catalina.valves.AbstractAccessLogValve.invoke(AbstractAccessLogValve.java:654)
		at org.apache.catalina.core.StandardEngineValve.invoke(StandardEngineValve.java:72)
		at org.apache.catalina.connector.CoyoteAdapter.service(CoyoteAdapter.java:342)
		at org.apache.coyote.http11.Http11Processor.service(Http11Processor.java:399)
		at org.apache.coyote.AbstractProcessorLight.process(AbstractProcessorLight.java:63)
		at org.apache.coyote.AbstractProtocol$ConnectionHandler.process(AbstractProtocol.java:903)
		at org.apache.tomcat.util.net.NioEndpoint$SocketProcessor.doRun(NioEndpoint.java:1775)
		at org.apache.tomcat.util.net.SocketProcessorBase.run(SocketProcessorBase.java:52)
		at org.apache.tomcat.util.threads.ThreadPoolExecutor.runWorker(ThreadPoolExecutor.java:973)
		at org.apache.tomcat.util.threads.ThreadPoolExecutor$Worker.run(ThreadPoolExecutor.java:491)
		at org.apache.tomcat.util.threads.TaskThread$WrappingRunnable.run(TaskThread.java:63)
		at java.base/java.lang.Thread.run(Thread.java:840)
26-Feb-2026 22:47:27.291 INFO [main] org.apache.catalina.core.ApplicationContext.log SessionListener: contextDestroyed()
26-Feb-2026 22:47:27.292 INFO [main] org.apache.catalina.core.ApplicationContext.log ContextListener: contextDestroyed()
26-Feb-2026 22:47:28.022 INFO [main] org.apache.catalina.core.ApplicationContext.log ContextListener: contextInitialized()
26-Feb-2026 22:47:28.022 INFO [main] org.apache.catalina.core.ApplicationContext.log SessionListener: contextInitialized()
26-Feb-2026 22:47:28.023 INFO [main] org.apache.catalina.core.ApplicationContext.log ContextListener: attributeAdded('StockTicker', 'async.Stockticker@39004e4f')
26-Feb-2026 22:47:32.673 INFO [main] org.apache.catalina.core.ApplicationContext.log SessionListener: contextDestroyed()
26-Feb-2026 22:47:32.673 INFO [main] org.apache.catalina.core.ApplicationContext.log ContextListener: contextDestroyed()
26-Feb-2026 22:47:33.526 INFO [main] org.apache.catalina.core.ApplicationContext.log ContextListener: contextInitialized()
26-Feb-2026 22:47:33.526 INFO [main] org.apache.catalina.core.ApplicationContext.log SessionListener: contextInitialized()
26-Feb-2026 22:47:33.527 INFO [main] org.apache.catalina.core.ApplicationContext.log ContextListener: attributeAdded('StockTicker', 'async.Stockticker@4f9213d2')
26-Feb-2026 22:47:46.238 SEVERE [http-nio-8080-exec-5] org.apache.catalina.core.StandardWrapperValve.invoke Servlet.service() for servlet [jsp] in context with path [/OnlineComplaintSystem] threw exception [org.apache.jasper.JasperException: Unable to compile class for JSP: 

An error occurred at line: [86] in the jsp file: [/dashboard.jsp]
dbConnectiondao cannot be resolved
83: 
84:         <%
85:             try {
86:                 Connection con = dbConnectiondao.getConnection();
87:                 Statement st = con.createStatement();
88:                 ResultSet rs = st.executeQuery("SELECT * FROM complaints");
89: 


Stacktrace:] with root cause
	org.apache.jasper.JasperException: Unable to compile class for JSP: 

An error occurred at line: [86] in the jsp file: [/dashboard.jsp]
dbConnectiondao cannot be resolved
83: 
84:         <%
85:             try {
86:                 Connection con = dbConnectiondao.getConnection();
87:                 Statement st = con.createStatement();
88:                 ResultSet rs = st.executeQuery("SELECT * FROM complaints");
89: 


Stacktrace:
		at org.apache.jasper.compiler.DefaultErrorHandler.javacError(DefaultErrorHandler.java:70)
		at org.apache.jasper.compiler.ErrorDispatcher.javacError(ErrorDispatcher.java:189)
		at org.apache.jasper.compiler.JDTCompiler.generateClass(JDTCompiler.java:553)
		at org.apache.jasper.compiler.Compiler.compile(Compiler.java:367)
		at org.apache.jasper.compiler.Compiler.compile(Compiler.java:339)
		at org.apache.jasper.compiler.Compiler.compile(Compiler.java:325)
		at org.apache.jasper.JspCompilationContext.compile(JspCompilationContext.java:586)
		at org.apache.jasper.servlet.JspServletWrapper.service(JspServletWrapper.java:368)
		at org.apache.jasper.servlet.JspServlet.serviceJspFile(JspServlet.java:350)
		at org.apache.jasper.servlet.JspServlet.service(JspServlet.java:301)
		at jakarta.servlet.http.HttpServlet.service(HttpServlet.java:658)
		at org.apache.catalina.core.ApplicationFilterChain.internalDoFilter(ApplicationFilterChain.java:193)
		at org.apache.catalina.core.ApplicationFilterChain.doFilter(ApplicationFilterChain.java:138)
		at org.apache.tomcat.websocket.server.WsFilter.doFilter(WsFilter.java:51)
		at org.apache.catalina.core.ApplicationFilterChain.internalDoFilter(ApplicationFilterChain.java:162)
		at org.apache.catalina.core.ApplicationFilterChain.doFilter(ApplicationFilterChain.java:138)
		at org.apache.catalina.core.StandardWrapperValve.invoke(StandardWrapperValve.java:165)
		at org.apache.catalina.core.StandardContextValve.invoke(StandardContextValve.java:88)
		at org.apache.catalina.authenticator.AuthenticatorBase.invoke(AuthenticatorBase.java:492)
		at org.apache.catalina.core.StandardHostValve.invoke(StandardHostValve.java:113)
		at org.apache.catalina.valves.ErrorReportValve.invoke(ErrorReportValve.java:83)
		at org.apache.catalina.valves.AbstractAccessLogValve.invoke(AbstractAccessLogValve.java:654)
		at org.apache.catalina.core.StandardEngineValve.invoke(StandardEngineValve.java:72)
		at org.apache.catalina.connector.CoyoteAdapter.service(CoyoteAdapter.java:342)
		at org.apache.coyote.http11.Http11Processor.service(Http11Processor.java:399)
		at org.apache.coyote.AbstractProcessorLight.process(AbstractProcessorLight.java:63)
		at org.apache.coyote.AbstractProtocol$ConnectionHandler.process(AbstractProtocol.java:903)
		at org.apache.tomcat.util.net.NioEndpoint$SocketProcessor.doRun(NioEndpoint.java:1775)
		at org.apache.tomcat.util.net.SocketProcessorBase.run(SocketProcessorBase.java:52)
		at org.apache.tomcat.util.threads.ThreadPoolExecutor.runWorker(ThreadPoolExecutor.java:973)
		at org.apache.tomcat.util.threads.ThreadPoolExecutor$Worker.run(ThreadPoolExecutor.java:491)
		at org.apache.tomcat.util.threads.TaskThread$WrappingRunnable.run(TaskThread.java:63)
		at java.base/java.lang.Thread.run(Thread.java:840)
26-Feb-2026 22:50:20.400 INFO [main] org.apache.catalina.core.ApplicationContext.log SessionListener: contextDestroyed()
26-Feb-2026 22:50:20.400 INFO [main] org.apache.catalina.core.ApplicationContext.log ContextListener: contextDestroyed()
26-Feb-2026 22:50:21.155 INFO [main] org.apache.catalina.core.ApplicationContext.log ContextListener: contextInitialized()
26-Feb-2026 22:50:21.155 INFO [main] org.apache.catalina.core.ApplicationContext.log SessionListener: contextInitialized()
26-Feb-2026 22:50:21.156 INFO [main] org.apache.catalina.core.ApplicationContext.log ContextListener: attributeAdded('StockTicker', 'async.Stockticker@5e1a7d3')
26-Feb-2026 22:50:36.759 SEVERE [http-nio-8080-exec-4] org.apache.catalina.core.StandardWrapperValve.invoke Servlet.service() for servlet [jsp] in context with path [/OnlineComplaintSystem] threw exception [org.apache.jasper.JasperException: Unable to compile class for JSP: 

An error occurred at line: [15] in the generated java file: [/Users/faatinashahul/Desktop/apache-tomcat-10.1.52/work/Catalina/localhost/OnlineComplaintSystem/org/apache/jsp/dashboard_jsp.java]
The import dbConnectiondao cannot be resolved

An error occurred at line: [87] in the jsp file: [/dashboard.jsp]
dbConnectiondao cannot be resolved
84: 
85:         <%
86:             try {
87:                 Connection con = dbConnectiondao.getConnection();
88:                 Statement st = con.createStatement();
89:                 ResultSet rs = st.executeQuery("SELECT * FROM complaints");
90: 


Stacktrace:] with root cause
	org.apache.jasper.JasperException: Unable to compile class for JSP: 

An error occurred at line: [15] in the generated java file: [/Users/faatinashahul/Desktop/apache-tomcat-10.1.52/work/Catalina/localhost/OnlineComplaintSystem/org/apache/jsp/dashboard_jsp.java]
The import dbConnectiondao cannot be resolved

An error occurred at line: [87] in the jsp file: [/dashboard.jsp]
dbConnectiondao cannot be resolved
84: 
85:         <%
86:             try {
87:                 Connection con = dbConnectiondao.getConnection();
88:                 Statement st = con.createStatement();
89:                 ResultSet rs = st.executeQuery("SELECT * FROM complaints");
90: 


Stacktrace:
		at org.apache.jasper.compiler.DefaultErrorHandler.javacError(DefaultErrorHandler.java:70)
		at org.apache.jasper.compiler.ErrorDispatcher.javacError(ErrorDispatcher.java:189)
		at org.apache.jasper.compiler.JDTCompiler.generateClass(JDTCompiler.java:553)
		at org.apache.jasper.compiler.Compiler.compile(Compiler.java:367)
		at org.apache.jasper.compiler.Compiler.compile(Compiler.java:339)
		at org.apache.jasper.compiler.Compiler.compile(Compiler.java:325)
		at org.apache.jasper.JspCompilationContext.compile(JspCompilationContext.java:586)
		at org.apache.jasper.servlet.JspServletWrapper.service(JspServletWrapper.java:368)
		at org.apache.jasper.servlet.JspServlet.serviceJspFile(JspServlet.java:350)
		at org.apache.jasper.servlet.JspServlet.service(JspServlet.java:301)
		at jakarta.servlet.http.HttpServlet.service(HttpServlet.java:658)
		at org.apache.catalina.core.ApplicationFilterChain.internalDoFilter(ApplicationFilterChain.java:193)
		at org.apache.catalina.core.ApplicationFilterChain.doFilter(ApplicationFilterChain.java:138)
		at org.apache.tomcat.websocket.server.WsFilter.doFilter(WsFilter.java:51)
		at org.apache.catalina.core.ApplicationFilterChain.internalDoFilter(ApplicationFilterChain.java:162)
		at org.apache.catalina.core.ApplicationFilterChain.doFilter(ApplicationFilterChain.java:138)
		at org.apache.catalina.core.StandardWrapperValve.invoke(StandardWrapperValve.java:165)
		at org.apache.catalina.core.StandardContextValve.invoke(StandardContextValve.java:88)
		at org.apache.catalina.authenticator.AuthenticatorBase.invoke(AuthenticatorBase.java:492)
		at org.apache.catalina.core.StandardHostValve.invoke(StandardHostValve.java:113)
		at org.apache.catalina.valves.ErrorReportValve.invoke(ErrorReportValve.java:83)
		at org.apache.catalina.valves.AbstractAccessLogValve.invoke(AbstractAccessLogValve.java:654)
		at org.apache.catalina.core.StandardEngineValve.invoke(StandardEngineValve.java:72)
		at org.apache.catalina.connector.CoyoteAdapter.service(CoyoteAdapter.java:342)
		at org.apache.coyote.http11.Http11Processor.service(Http11Processor.java:399)
		at org.apache.coyote.AbstractProcessorLight.process(AbstractProcessorLight.java:63)
		at org.apache.coyote.AbstractProtocol$ConnectionHandler.process(AbstractProtocol.java:903)
		at org.apache.tomcat.util.net.NioEndpoint$SocketProcessor.doRun(NioEndpoint.java:1775)
		at org.apache.tomcat.util.net.SocketProcessorBase.run(SocketProcessorBase.java:52)
		at org.apache.tomcat.util.threads.ThreadPoolExecutor.runWorker(ThreadPoolExecutor.java:973)
		at org.apache.tomcat.util.threads.ThreadPoolExecutor$Worker.run(ThreadPoolExecutor.java:491)
		at org.apache.tomcat.util.threads.TaskThread$WrappingRunnable.run(TaskThread.java:63)
		at java.base/java.lang.Thread.run(Thread.java:840)
26-Feb-2026 22:59:17.440 INFO [main] org.apache.catalina.core.ApplicationContext.log SessionListener: contextDestroyed()
26-Feb-2026 22:59:17.440 INFO [main] org.apache.catalina.core.ApplicationContext.log ContextListener: contextDestroyed()
26-Feb-2026 22:59:18.247 INFO [main] org.apache.catalina.core.ApplicationContext.log ContextListener: contextInitialized()
26-Feb-2026 22:59:18.247 INFO [main] org.apache.catalina.core.ApplicationContext.log SessionListener: contextInitialized()
26-Feb-2026 22:59:18.248 INFO [main] org.apache.catalina.core.ApplicationContext.log ContextListener: attributeAdded('StockTicker', 'async.Stockticker@18ac25e6')
